<?xml version="1.0" encoding="utf-8"?>
<!DOCTYPE coverage SYSTEM "http://cobertura.sourceforge.net/xml/coverage-04.dtd">
<coverage line-rate="0.96617050067659" branch-rate="0.921348314606742" lines-covered="714" lines-valid="739" branches-covered="82" branches-valid="89" complexity="178" version="0" timestamp="1732109506">
  <sources>
    <source>C:\Users\ismar\</source>
  </sources>
  <packages>
    <package name="Grupa4_Tim1_KnjigaRecepata" line-rate="0.958199356913183" branch-rate="0.931506849315068" complexity="119">
      <classes>
        <class name="Grupa4_Tim1_KnjigaRecepata.Data.DbClass" filename="C:\Users\ismar\Desktop\chest\faks\III godina\5. semestar\VVS\Projekat1\repo\Grupa4_Tim1_KnjigaRecepata\Data\DbClass.cs" line-rate="0.368421052631579" branch-rate="1" complexity="7">
          <methods>
            <method name="get_sastojci" signature="()" line-rate="1" branch-rate="1" complexity="1">
              <lines>
                <line number="12" hits="9" branch="false" />
              </lines>
            </method>
            <method name="get_recepti" signature="()" line-rate="1" branch-rate="1" complexity="1">
              <lines>
                <line number="13" hits="9" branch="false" />
              </lines>
            </method>
            <method name="addSastojak" signature="(...)" line-rate="0" branch-rate="1" complexity="1">
              <lines>
                <line number="21" hits="0" branch="false" />
                <line number="22" hits="0" branch="false" />
                <line number="23" hits="0" branch="false" />
              </lines>
            </method>
            <method name="getSastojak" signature="(...)" line-rate="0" branch-rate="1" complexity="1">
              <lines>
                <line number="25" hits="0" branch="false" />
                <line number="26" hits="0" branch="false" />
                <line number="27" hits="0" branch="false" />
              </lines>
            </method>
            <method name="addRecept" signature="(...)" line-rate="0" branch-rate="1" complexity="1">
              <lines>
                <line number="29" hits="0" branch="false" />
                <line number="30" hits="0" branch="false" />
                <line number="31" hits="0" branch="false" />
              </lines>
            </method>
            <method name="getRecept" signature="(...)" line-rate="0" branch-rate="1" complexity="1">
              <lines>
                <line number="33" hits="0" branch="false" />
                <line number="34" hits="0" branch="false" />
                <line number="35" hits="0" branch="false" />
              </lines>
            </method>
            <method name=".ctor" signature="()" line-rate="1" branch-rate="1" complexity="1">
              <lines>
                <line number="15" hits="9" branch="false" />
                <line number="16" hits="9" branch="false" />
                <line number="17" hits="9" branch="false" />
                <line number="18" hits="9" branch="false" />
                <line number="19" hits="9" branch="false" />
              </lines>
            </method>
          </methods>
          <lines>
            <line number="12" hits="9" branch="false" />
            <line number="13" hits="9" branch="false" />
            <line number="15" hits="9" branch="false" />
            <line number="16" hits="9" branch="false" />
            <line number="17" hits="9" branch="false" />
            <line number="18" hits="9" branch="false" />
            <line number="19" hits="9" branch="false" />
            <line number="21" hits="0" branch="false" />
            <line number="22" hits="0" branch="false" />
            <line number="23" hits="0" branch="false" />
            <line number="25" hits="0" branch="false" />
            <line number="26" hits="0" branch="false" />
            <line number="27" hits="0" branch="false" />
            <line number="29" hits="0" branch="false" />
            <line number="30" hits="0" branch="false" />
            <line number="31" hits="0" branch="false" />
            <line number="33" hits="0" branch="false" />
            <line number="34" hits="0" branch="false" />
            <line number="35" hits="0" branch="false" />
          </lines>
        </class>
        <class name="Grupa4_Tim1_KnjigaRecepata.Models.KnjigaRecepata" filename="C:\Users\ismar\Desktop\chest\faks\III godina\5. semestar\VVS\Projekat1\repo\Grupa4_Tim1_KnjigaRecepata\Models\KnjigaRecepata.cs" line-rate="1" branch-rate="1" complexity="5">
          <methods>
            <method name="get_id" signature="()" line-rate="1" branch-rate="1" complexity="1">
              <lines>
                <line number="11" hits="15" branch="false" />
              </lines>
            </method>
            <method name="get_tip" signature="()" line-rate="1" branch-rate="1" complexity="1">
              <lines>
                <line number="12" hits="17" branch="false" />
              </lines>
            </method>
            <method name="get_recepti" signature="()" line-rate="1" branch-rate="1" complexity="1">
              <lines>
                <line number="13" hits="48" branch="false" />
              </lines>
            </method>
            <method name=".ctor" signature="(...)" line-rate="1" branch-rate="1" complexity="1">
              <lines>
                <line number="14" hits="15" branch="false" />
                <line number="16" hits="26" branch="false" />
                <line number="17" hits="13" branch="false" />
                <line number="18" hits="13" branch="false" />
                <line number="19" hits="13" branch="false" />
                <line number="20" hits="13" branch="false" />
              </lines>
            </method>
            <method name=".ctor" signature="(...)" line-rate="1" branch-rate="1" complexity="1">
              <lines>
                <line number="21" hits="4" branch="false" />
                <line number="22" hits="2" branch="false" />
                <line number="23" hits="2" branch="false" />
                <line number="24" hits="2" branch="false" />
                <line number="25" hits="2" branch="false" />
                <line number="26" hits="2" branch="false" />
              </lines>
            </method>
          </methods>
          <lines>
            <line number="11" hits="15" branch="false" />
            <line number="12" hits="17" branch="false" />
            <line number="13" hits="48" branch="false" />
            <line number="14" hits="15" branch="false" />
            <line number="16" hits="26" branch="false" />
            <line number="17" hits="13" branch="false" />
            <line number="18" hits="13" branch="false" />
            <line number="19" hits="13" branch="false" />
            <line number="20" hits="13" branch="false" />
            <line number="21" hits="4" branch="false" />
            <line number="22" hits="2" branch="false" />
            <line number="23" hits="2" branch="false" />
            <line number="24" hits="2" branch="false" />
            <line number="25" hits="2" branch="false" />
            <line number="26" hits="2" branch="false" />
          </lines>
        </class>
        <class name="Grupa4_Tim1_KnjigaRecepata.Models.Ocjena" filename="C:\Users\ismar\Desktop\chest\faks\III godina\5. semestar\VVS\Projekat1\repo\Grupa4_Tim1_KnjigaRecepata\Models\Ocjena.cs" line-rate="1" branch-rate="1" complexity="4">
          <methods>
            <method name="get_id" signature="()" line-rate="1" branch-rate="1" complexity="1">
              <lines>
                <line number="11" hits="59" branch="false" />
              </lines>
            </method>
            <method name="get_ocjena" signature="()" line-rate="1" branch-rate="1" complexity="1">
              <lines>
                <line number="12" hits="148" branch="false" />
              </lines>
            </method>
            <method name="get_komentar" signature="()" line-rate="1" branch-rate="1" complexity="1">
              <lines>
                <line number="13" hits="65" branch="false" />
              </lines>
            </method>
            <method name=".ctor" signature="(...)" line-rate="1" branch-rate="1" complexity="1">
              <lines>
                <line number="15" hits="59" branch="false" />
                <line number="16" hits="59" branch="false" />
                <line number="17" hits="59" branch="false" />
                <line number="18" hits="59" branch="false" />
                <line number="19" hits="59" branch="false" />
                <line number="20" hits="59" branch="false" />
              </lines>
            </method>
          </methods>
          <lines>
            <line number="11" hits="59" branch="false" />
            <line number="12" hits="148" branch="false" />
            <line number="13" hits="65" branch="false" />
            <line number="15" hits="59" branch="false" />
            <line number="16" hits="59" branch="false" />
            <line number="17" hits="59" branch="false" />
            <line number="18" hits="59" branch="false" />
            <line number="19" hits="59" branch="false" />
            <line number="20" hits="59" branch="false" />
          </lines>
        </class>
        <class name="Grupa4_Tim1_KnjigaRecepata.Models.Recept" filename="C:\Users\ismar\Desktop\chest\faks\III godina\5. semestar\VVS\Projekat1\repo\Grupa4_Tim1_KnjigaRecepata\Models\Recept.cs" line-rate="1" branch-rate="1" complexity="9">
          <methods>
            <method name="get_id" signature="()" line-rate="1" branch-rate="1" complexity="1">
              <lines>
                <line number="9" hits="55" branch="false" />
              </lines>
            </method>
            <method name="get_name" signature="()" line-rate="1" branch-rate="1" complexity="1">
              <lines>
                <line number="10" hits="84" branch="false" />
              </lines>
            </method>
            <method name="get_tipRecepta" signature="()" line-rate="1" branch-rate="1" complexity="1">
              <lines>
                <line number="11" hits="57" branch="false" />
              </lines>
            </method>
            <method name="get_priprema" signature="()" line-rate="1" branch-rate="1" complexity="1">
              <lines>
                <line number="12" hits="64" branch="false" />
              </lines>
            </method>
            <method name="get_vrijemePripreme" signature="()" line-rate="1" branch-rate="1" complexity="1">
              <lines>
                <line number="13" hits="68" branch="false" />
              </lines>
            </method>
            <method name="get_sastojci" signature="()" line-rate="1" branch-rate="1" complexity="1">
              <lines>
                <line number="14" hits="90" branch="false" />
              </lines>
            </method>
            <method name="get_kompleksnost" signature="()" line-rate="1" branch-rate="1" complexity="1">
              <lines>
                <line number="15" hits="68" branch="false" />
              </lines>
            </method>
            <method name="get_ocjene" signature="()" line-rate="1" branch-rate="1" complexity="1">
              <lines>
                <line number="17" hits="64" branch="false" />
              </lines>
            </method>
            <method name=".ctor" signature="(...)" line-rate="1" branch-rate="1" complexity="1">
              <lines>
                <line number="19" hits="53" branch="false" />
                <line number="20" hits="53" branch="false" />
                <line number="21" hits="53" branch="false" />
                <line number="22" hits="53" branch="false" />
                <line number="23" hits="53" branch="false" />
                <line number="24" hits="53" branch="false" />
                <line number="25" hits="53" branch="false" />
                <line number="26" hits="53" branch="false" />
                <line number="27" hits="53" branch="false" />
                <line number="28" hits="53" branch="false" />
                <line number="29" hits="53" branch="false" />
                <line number="30" hits="53" branch="false" />
                <line number="31" hits="53" branch="false" />
              </lines>
            </method>
          </methods>
          <lines>
            <line number="9" hits="55" branch="false" />
            <line number="10" hits="84" branch="false" />
            <line number="11" hits="57" branch="false" />
            <line number="12" hits="64" branch="false" />
            <line number="13" hits="68" branch="false" />
            <line number="14" hits="90" branch="false" />
            <line number="15" hits="68" branch="false" />
            <line number="17" hits="64" branch="false" />
            <line number="19" hits="53" branch="false" />
            <line number="20" hits="53" branch="false" />
            <line number="21" hits="53" branch="false" />
            <line number="22" hits="53" branch="false" />
            <line number="23" hits="53" branch="false" />
            <line number="24" hits="53" branch="false" />
            <line number="25" hits="53" branch="false" />
            <line number="26" hits="53" branch="false" />
            <line number="27" hits="53" branch="false" />
            <line number="28" hits="53" branch="false" />
            <line number="29" hits="53" branch="false" />
            <line number="30" hits="53" branch="false" />
            <line number="31" hits="53" branch="false" />
          </lines>
        </class>
        <class name="Grupa4_Tim1_KnjigaRecepata.Models.Sastojak" filename="C:\Users\ismar\Desktop\chest\faks\III godina\5. semestar\VVS\Projekat1\repo\Grupa4_Tim1_KnjigaRecepata\Models\Sastojak.cs" line-rate="1" branch-rate="1" complexity="11">
          <methods>
            <method name="get_id" signature="()" line-rate="1" branch-rate="1" complexity="1">
              <lines>
                <line number="11" hits="42" branch="false" />
              </lines>
            </method>
            <method name="get_naziv" signature="()" line-rate="1" branch-rate="1" complexity="1">
              <lines>
                <line number="12" hits="57" branch="false" />
              </lines>
            </method>
            <method name="get_ugljikohidratiPoJedinici" signature="()" line-rate="1" branch-rate="1" complexity="1">
              <lines>
                <line number="13" hits="52" branch="false" />
              </lines>
            </method>
            <method name="get_mastiPoJedinici" signature="()" line-rate="1" branch-rate="1" complexity="1">
              <lines>
                <line number="14" hits="52" branch="false" />
              </lines>
            </method>
            <method name="get_proteiniPoJedinici" signature="()" line-rate="1" branch-rate="1" complexity="1">
              <lines>
                <line number="15" hits="52" branch="false" />
              </lines>
            </method>
            <method name="get_vlaknaPoJedinici" signature="()" line-rate="1" branch-rate="1" complexity="1">
              <lines>
                <line number="16" hits="52" branch="false" />
              </lines>
            </method>
            <method name="get_solPoJedinici" signature="()" line-rate="1" branch-rate="1" complexity="1">
              <lines>
                <line number="17" hits="47" branch="false" />
              </lines>
            </method>
            <method name="get_alergen" signature="()" line-rate="1" branch-rate="1" complexity="1">
              <lines>
                <line number="18" hits="59" branch="false" />
              </lines>
            </method>
            <method name="get_jedinicnaCijena" signature="()" line-rate="1" branch-rate="1" complexity="1">
              <lines>
                <line number="19" hits="53" branch="false" />
              </lines>
            </method>
            <method name="get_mjernaJedinica" signature="()" line-rate="1" branch-rate="1" complexity="1">
              <lines>
                <line number="20" hits="67" branch="false" />
              </lines>
            </method>
            <method name=".ctor" signature="(...)" line-rate="1" branch-rate="1" complexity="1">
              <lines>
                <line number="22" hits="42" branch="false" />
                <line number="23" hits="42" branch="false" />
                <line number="24" hits="42" branch="false" />
                <line number="25" hits="42" branch="false" />
                <line number="26" hits="42" branch="false" />
                <line number="27" hits="42" branch="false" />
                <line number="28" hits="42" branch="false" />
                <line number="29" hits="42" branch="false" />
                <line number="30" hits="42" branch="false" />
                <line number="31" hits="42" branch="false" />
                <line number="32" hits="42" branch="false" />
                <line number="33" hits="42" branch="false" />
                <line number="34" hits="42" branch="false" />
                <line number="35" hits="42" branch="false" />
                <line number="36" hits="42" branch="false" />
                <line number="37" hits="42" branch="false" />
              </lines>
            </method>
          </methods>
          <lines>
            <line number="11" hits="42" branch="false" />
            <line number="12" hits="57" branch="false" />
            <line number="13" hits="52" branch="false" />
            <line number="14" hits="52" branch="false" />
            <line number="15" hits="52" branch="false" />
            <line number="16" hits="52" branch="false" />
            <line number="17" hits="47" branch="false" />
            <line number="18" hits="59" branch="false" />
            <line number="19" hits="53" branch="false" />
            <line number="20" hits="67" branch="false" />
            <line number="22" hits="42" branch="false" />
            <line number="23" hits="42" branch="false" />
            <line number="24" hits="42" branch="false" />
            <line number="25" hits="42" branch="false" />
            <line number="26" hits="42" branch="false" />
            <line number="27" hits="42" branch="false" />
            <line number="28" hits="42" branch="false" />
            <line number="29" hits="42" branch="false" />
            <line number="30" hits="42" branch="false" />
            <line number="31" hits="42" branch="false" />
            <line number="32" hits="42" branch="false" />
            <line number="33" hits="42" branch="false" />
            <line number="34" hits="42" branch="false" />
            <line number="35" hits="42" branch="false" />
            <line number="36" hits="42" branch="false" />
            <line number="37" hits="42" branch="false" />
          </lines>
        </class>
        <class name="Grupa4_Tim1_KnjigaRecepata.Models.ShoppingLista" filename="C:\Users\ismar\Desktop\chest\faks\III godina\5. semestar\VVS\Projekat1\repo\Grupa4_Tim1_KnjigaRecepata\Models\ShoppingLista.cs" line-rate="1" branch-rate="1" complexity="2">
          <methods>
            <method name="get_recept" signature="()" line-rate="1" branch-rate="1" complexity="1">
              <lines>
                <line number="11" hits="13" branch="false" />
              </lines>
            </method>
            <method name=".ctor" signature="(...)" line-rate="1" branch-rate="1" complexity="1">
              <lines>
                <line number="13" hits="3" branch="false" />
                <line number="14" hits="3" branch="false" />
                <line number="15" hits="3" branch="false" />
                <line number="16" hits="3" branch="false" />
              </lines>
            </method>
          </methods>
          <lines>
            <line number="11" hits="13" branch="false" />
            <line number="13" hits="3" branch="false" />
            <line number="14" hits="3" branch="false" />
            <line number="15" hits="3" branch="false" />
            <line number="16" hits="3" branch="false" />
          </lines>
        </class>
        <class name="Grupa4_Tim1_KnjigaRecepata.Services.KnjigaRecepataServices.KnjigaRecepataService" filename="C:\Users\ismar\Desktop\chest\faks\III godina\5. semestar\VVS\Projekat1\repo\Grupa4_Tim1_KnjigaRecepata\Services\KnjigaRecepataServices\KnjigaRecepataService.cs" line-rate="1" branch-rate="1" complexity="16">
          <methods>
            <method name="dodajRecept" signature="(...)" line-rate="1" branch-rate="1" complexity="2">
              <lines>
                <line number="27" hits="2" branch="false" />
                <line number="28" hits="2" branch="true" condition-coverage="100% (2/2)" />
                <line number="29" hits="1" branch="false" />
                <line number="30" hits="1" branch="false" />
                <line number="31" hits="1" branch="false" />
                <line number="33" hits="1" branch="false" />
                <line number="34" hits="1" branch="false" />
                <line number="36" hits="1" branch="false" />
              </lines>
            </method>
            <method name="sortirajPremaVremenuPripreme" signature="(...)" line-rate="1" branch-rate="1" complexity="1">
              <lines>
                <line number="38" hits="1" branch="false" />
                <line number="39" hits="4" branch="false" />
                <line number="40" hits="1" branch="false" />
                <line number="41" hits="1" branch="false" />
              </lines>
            </method>
            <method name="sortirajPremaKompleksnosti" signature="(...)" line-rate="1" branch-rate="1" complexity="1">
              <lines>
                <line number="43" hits="1" branch="false" />
                <line number="44" hits="4" branch="false" />
                <line number="45" hits="1" branch="false" />
                <line number="46" hits="1" branch="false" />
              </lines>
            </method>
            <method name="sortirajPremaNazivu" signature="(...)" line-rate="1" branch-rate="1" complexity="1">
              <lines>
                <line number="48" hits="3" branch="false" />
                <line number="49" hits="10" branch="false" />
                <line number="50" hits="3" branch="false" />
                <line number="51" hits="3" branch="false" />
              </lines>
            </method>
            <method name="ispisiKnjiguRecepata" signature="(...)" line-rate="1" branch-rate="1" complexity="6">
              <lines>
                <line number="57" hits="3" branch="false" />
                <line number="58" hits="3" branch="true" condition-coverage="100% (2/2)" />
                <line number="59" hits="2" branch="false" />
                <line number="60" hits="2" branch="false" />
                <line number="61" hits="2" branch="false" />
                <line number="62" hits="3" branch="false" />
                <line number="63" hits="27" branch="true" condition-coverage="100% (2/2)" />
                <line number="64" hits="9" branch="false" />
                <line number="65" hits="9" branch="false" />
                <line number="66" hits="9" branch="false" />
                <line number="67" hits="9" branch="false" />
                <line number="68" hits="31" branch="true" condition-coverage="100% (2/2)" />
                <line number="69" hits="2" branch="false" />
                <line number="70" hits="2" branch="false" />
                <line number="71" hits="2" branch="false" />
                <line number="72" hits="9" branch="false" />
                <line number="73" hits="3" branch="false" />
              </lines>
            </method>
            <method name="pretraziKnjiguRecepata" signature="(...)" line-rate="1" branch-rate="1" complexity="2">
              <lines>
                <line number="75" hits="2" branch="false" />
                <line number="76" hits="11" branch="false" />
                <line number="77" hits="2" branch="false" />
                <line number="78" hits="2" branch="true" condition-coverage="100% (2/2)" />
                <line number="79" hits="1" branch="false" />
                <line number="80" hits="1" branch="false" />
                <line number="82" hits="1" branch="false" />
                <line number="83" hits="1" branch="false" />
              </lines>
            </method>
            <method name="pretraziKnjiguRecepata" signature="(...)" line-rate="1" branch-rate="1" complexity="2">
              <lines>
                <line number="85" hits="2" branch="false" />
                <line number="86" hits="7" branch="false" />
                <line number="87" hits="2" branch="false" />
                <line number="88" hits="2" branch="true" condition-coverage="100% (2/2)" />
                <line number="89" hits="1" branch="false" />
                <line number="90" hits="1" branch="false" />
                <line number="92" hits="1" branch="false" />
                <line number="93" hits="1" branch="false" />
              </lines>
            </method>
            <method name=".ctor" signature="(...)" line-rate="1" branch-rate="1" complexity="1">
              <lines>
                <line number="20" hits="2" branch="false" />
                <line number="21" hits="2" branch="false" />
                <line number="22" hits="2" branch="false" />
                <line number="23" hits="2" branch="false" />
                <line number="24" hits="2" branch="false" />
                <line number="25" hits="2" branch="false" />
              </lines>
            </method>
          </methods>
          <lines>
            <line number="20" hits="2" branch="false" />
            <line number="21" hits="2" branch="false" />
            <line number="22" hits="2" branch="false" />
            <line number="23" hits="2" branch="false" />
            <line number="24" hits="2" branch="false" />
            <line number="25" hits="2" branch="false" />
            <line number="27" hits="2" branch="false" />
            <line number="28" hits="2" branch="true" condition-coverage="100% (2/2)" />
            <line number="29" hits="1" branch="false" />
            <line number="30" hits="1" branch="false" />
            <line number="31" hits="1" branch="false" />
            <line number="33" hits="1" branch="false" />
            <line number="34" hits="1" branch="false" />
            <line number="36" hits="1" branch="false" />
            <line number="38" hits="1" branch="false" />
            <line number="39" hits="4" branch="false" />
            <line number="40" hits="1" branch="false" />
            <line number="41" hits="1" branch="false" />
            <line number="43" hits="1" branch="false" />
            <line number="44" hits="4" branch="false" />
            <line number="45" hits="1" branch="false" />
            <line number="46" hits="1" branch="false" />
            <line number="48" hits="3" branch="false" />
            <line number="49" hits="10" branch="false" />
            <line number="50" hits="3" branch="false" />
            <line number="51" hits="3" branch="false" />
            <line number="57" hits="3" branch="false" />
            <line number="58" hits="3" branch="true" condition-coverage="100% (2/2)" />
            <line number="59" hits="2" branch="false" />
            <line number="60" hits="2" branch="false" />
            <line number="61" hits="2" branch="false" />
            <line number="62" hits="3" branch="false" />
            <line number="63" hits="27" branch="true" condition-coverage="100% (2/2)" />
            <line number="64" hits="9" branch="false" />
            <line number="65" hits="9" branch="false" />
            <line number="66" hits="9" branch="false" />
            <line number="67" hits="9" branch="false" />
            <line number="68" hits="31" branch="true" condition-coverage="100% (2/2)" />
            <line number="69" hits="2" branch="false" />
            <line number="70" hits="2" branch="false" />
            <line number="71" hits="2" branch="false" />
            <line number="72" hits="9" branch="false" />
            <line number="73" hits="3" branch="false" />
            <line number="75" hits="2" branch="false" />
            <line number="76" hits="11" branch="false" />
            <line number="77" hits="2" branch="false" />
            <line number="78" hits="2" branch="true" condition-coverage="100% (2/2)" />
            <line number="79" hits="1" branch="false" />
            <line number="80" hits="1" branch="false" />
            <line number="82" hits="1" branch="false" />
            <line number="83" hits="1" branch="false" />
            <line number="85" hits="2" branch="false" />
            <line number="86" hits="7" branch="false" />
            <line number="87" hits="2" branch="false" />
            <line number="88" hits="2" branch="true" condition-coverage="100% (2/2)" />
            <line number="89" hits="1" branch="false" />
            <line number="90" hits="1" branch="false" />
            <line number="92" hits="1" branch="false" />
            <line number="93" hits="1" branch="false" />
          </lines>
        </class>
        <class name="Grupa4_Tim1_KnjigaRecepata.Services.OcjenaServices.OcjenaService" filename="C:\Users\ismar\Desktop\chest\faks\III godina\5. semestar\VVS\Projekat1\repo\Grupa4_Tim1_KnjigaRecepata\Services\OcjenaServices\OcjenaService.cs" line-rate="1" branch-rate="1" complexity="11">
          <methods>
            <method name="dajProsjecnuOcjenu" signature="(...)" line-rate="1" branch-rate="1" complexity="10">
              <lines>
                <line number="13" hits="11" branch="false" />
                <line number="14" hits="11" branch="true" condition-coverage="100% (2/2)" />
                <line number="15" hits="1" branch="false" />
                <line number="16" hits="1" branch="false" />
                <line number="19" hits="10" branch="false" />
                <line number="20" hits="70" branch="true" condition-coverage="100% (2/2)" />
                <line number="21" hits="27" branch="false" />
                <line number="22" hits="27" branch="true" condition-coverage="100% (4/4)" />
                <line number="23" hits="2" branch="false" />
                <line number="24" hits="2" branch="false" />
                <line number="26" hits="25" branch="false" />
                <line number="27" hits="25" branch="false" />
                <line number="29" hits="8" branch="true" condition-coverage="100% (2/2)" />
                <line number="30" hits="8" branch="false" />
                <line number="31" hits="8" branch="false" />
                <line number="32" hits="8" branch="false" />
                <line number="34" hits="8" branch="false" />
                <line number="35" hits="8" branch="false" />
              </lines>
            </method>
            <method name="dodajOcjenu" signature="(...)" line-rate="1" branch-rate="1" complexity="1">
              <lines>
                <line number="38" hits="1" branch="false" />
                <line number="39" hits="1" branch="false" />
                <line number="40" hits="1" branch="false" />
              </lines>
            </method>
          </methods>
          <lines>
            <line number="13" hits="11" branch="false" />
            <line number="14" hits="11" branch="true" condition-coverage="100% (2/2)" />
            <line number="15" hits="1" branch="false" />
            <line number="16" hits="1" branch="false" />
            <line number="19" hits="10" branch="false" />
            <line number="20" hits="70" branch="true" condition-coverage="100% (2/2)" />
            <line number="21" hits="27" branch="false" />
            <line number="22" hits="27" branch="true" condition-coverage="100% (4/4)" />
            <line number="23" hits="2" branch="false" />
            <line number="24" hits="2" branch="false" />
            <line number="26" hits="25" branch="false" />
            <line number="27" hits="25" branch="false" />
            <line number="29" hits="8" branch="true" condition-coverage="100% (2/2)" />
            <line number="30" hits="8" branch="false" />
            <line number="31" hits="8" branch="false" />
            <line number="32" hits="8" branch="false" />
            <line number="34" hits="8" branch="false" />
            <line number="35" hits="8" branch="false" />
            <line number="38" hits="1" branch="false" />
            <line number="39" hits="1" branch="false" />
            <line number="40" hits="1" branch="false" />
          </lines>
        </class>
        <class name="Grupa4_Tim1_KnjigaRecepata.Services.ReceptServices.ReceptService" filename="C:\Users\ismar\Desktop\chest\faks\III godina\5. semestar\VVS\Projekat1\repo\Grupa4_Tim1_KnjigaRecepata\Services\ReceptServices\ReceptService.cs" line-rate="1" branch-rate="0.892857142857143" complexity="29">
          <methods>
            <method name="dajUkupanBrojKalorija" signature="(...)" line-rate="1" branch-rate="1" complexity="2">
              <lines>
                <line number="20" hits="1" branch="false" />
                <line number="21" hits="1" branch="false" />
                <line number="22" hits="9" branch="true" condition-coverage="100% (2/2)" />
                <line number="23" hits="2" branch="false" />
                <line number="24" hits="2" branch="false" />
                <line number="26" hits="2" branch="false" />
                <line number="27" hits="2" branch="false" />
                <line number="29" hits="1" branch="false" />
                <line number="30" hits="1" branch="false" />
              </lines>
            </method>
            <method name="prikazi" signature="(...)" line-rate="1" branch-rate="1" complexity="4">
              <lines>
                <line number="32" hits="1" branch="false" />
                <line number="33" hits="1" branch="false" />
                <line number="35" hits="1" branch="false" />
                <line number="36" hits="1" branch="false" />
                <line number="37" hits="1" branch="false" />
                <line number="38" hits="1" branch="false" />
                <line number="39" hits="1" branch="false" />
                <line number="41" hits="9" branch="true" condition-coverage="100% (2/2)" />
                <line number="42" hits="2" branch="false" />
                <line number="43" hits="2" branch="false" />
                <line number="44" hits="2" branch="false" />
                <line number="45" hits="2" branch="false" />
                <line number="47" hits="1" branch="false" />
                <line number="49" hits="1" branch="false" />
                <line number="50" hits="12" branch="true" condition-coverage="100% (2/2)" />
                <line number="51" hits="3" branch="false" />
                <line number="52" hits="3" branch="false" />
                <line number="54" hits="1" branch="false" />
                <line number="55" hits="1" branch="false" />
                <line number="56" hits="1" branch="false" />
              </lines>
            </method>
            <method name="prikaziAlergene" signature="(...)" line-rate="1" branch-rate="0.833333333333333" complexity="12">
              <lines>
                <line number="58" hits="1" branch="false" />
                <line number="59" hits="1" branch="false" />
                <line number="60" hits="1" branch="false" />
                <line number="62" hits="1" branch="false" />
                <line number="64" hits="9" branch="true" condition-coverage="100% (2/2)" />
                <line number="65" hits="2" branch="false" />
                <line number="67" hits="2" branch="true" condition-coverage="100% (2/2)" />
                <line number="68" hits="2" branch="false" />
                <line number="69" hits="2" branch="false" />
                <line number="71" hits="2" branch="true" condition-coverage="100% (2/2)" />
                <line number="72" hits="2" branch="true" condition-coverage="100% (2/2)" />
                <line number="73" hits="1" branch="true" condition-coverage="50% (1/2)" />
                <line number="74" hits="1" branch="true" condition-coverage="50% (1/2)" />
                <line number="76" hits="1" branch="false" />
                <line number="78" hits="1" branch="false" />
                <line number="79" hits="1" branch="false" />
              </lines>
            </method>
            <method name="konvertujMjerneJedinice" signature="(...)" line-rate="1" branch-rate="1" complexity="6">
              <lines>
                <line number="81" hits="2" branch="false" />
                <line number="83" hits="30" branch="true" condition-coverage="100% (2/2)" />
                <line number="84" hits="8" branch="false" />
                <line number="85" hits="8" branch="false" />
                <line number="87" hits="9" branch="true" condition-coverage="100% (2/2)" />
                <line number="88" hits="1" branch="false" />
                <line number="89" hits="1" branch="false" />
                <line number="90" hits="1" branch="false" />
                <line number="91" hits="8" branch="true" condition-coverage="100% (2/2)" />
                <line number="92" hits="1" branch="false" />
                <line number="93" hits="1" branch="false" />
                <line number="94" hits="1" branch="false" />
                <line number="96" hits="8" branch="false" />
                <line number="97" hits="8" branch="false" />
                <line number="98" hits="2" branch="false" />
              </lines>
            </method>
            <method name="ocijeni" signature="(...)" line-rate="1" branch-rate="0.75" complexity="4">
              <lines>
                <line number="101" hits="2" branch="false" />
                <line number="102" hits="2" branch="true" condition-coverage="75% (3/4)" />
                <line number="103" hits="1" branch="false" />
                <line number="104" hits="1" branch="false" />
                <line number="106" hits="1" branch="false" />
                <line number="107" hits="1" branch="false" />
              </lines>
            </method>
            <method name=".ctor" signature="(...)" line-rate="1" branch-rate="1" complexity="1">
              <lines>
                <line number="16" hits="18" branch="false" />
                <line number="17" hits="9" branch="false" />
                <line number="18" hits="9" branch="false" />
                <line number="19" hits="9" branch="false" />
              </lines>
            </method>
          </methods>
          <lines>
            <line number="16" hits="18" branch="false" />
            <line number="17" hits="9" branch="false" />
            <line number="18" hits="9" branch="false" />
            <line number="19" hits="9" branch="false" />
            <line number="20" hits="1" branch="false" />
            <line number="21" hits="1" branch="false" />
            <line number="22" hits="9" branch="true" condition-coverage="100% (2/2)" />
            <line number="23" hits="2" branch="false" />
            <line number="24" hits="2" branch="false" />
            <line number="26" hits="2" branch="false" />
            <line number="27" hits="2" branch="false" />
            <line number="29" hits="1" branch="false" />
            <line number="30" hits="1" branch="false" />
            <line number="32" hits="1" branch="false" />
            <line number="33" hits="1" branch="false" />
            <line number="35" hits="1" branch="false" />
            <line number="36" hits="1" branch="false" />
            <line number="37" hits="1" branch="false" />
            <line number="38" hits="1" branch="false" />
            <line number="39" hits="1" branch="false" />
            <line number="41" hits="9" branch="true" condition-coverage="100% (2/2)" />
            <line number="42" hits="2" branch="false" />
            <line number="43" hits="2" branch="false" />
            <line number="44" hits="2" branch="false" />
            <line number="45" hits="2" branch="false" />
            <line number="47" hits="1" branch="false" />
            <line number="49" hits="1" branch="false" />
            <line number="50" hits="12" branch="true" condition-coverage="100% (2/2)" />
            <line number="51" hits="3" branch="false" />
            <line number="52" hits="3" branch="false" />
            <line number="54" hits="1" branch="false" />
            <line number="55" hits="1" branch="false" />
            <line number="56" hits="1" branch="false" />
            <line number="58" hits="1" branch="false" />
            <line number="59" hits="1" branch="false" />
            <line number="60" hits="1" branch="false" />
            <line number="62" hits="1" branch="false" />
            <line number="64" hits="9" branch="true" condition-coverage="100% (2/2)" />
            <line number="65" hits="2" branch="false" />
            <line number="67" hits="2" branch="true" condition-coverage="100% (2/2)" />
            <line number="68" hits="2" branch="false" />
            <line number="69" hits="2" branch="false" />
            <line number="71" hits="2" branch="true" condition-coverage="100% (2/2)" />
            <line number="72" hits="2" branch="true" condition-coverage="100% (2/2)" />
            <line number="73" hits="1" branch="true" condition-coverage="50% (1/2)" />
            <line number="74" hits="1" branch="true" condition-coverage="50% (1/2)" />
            <line number="76" hits="1" branch="false" />
            <line number="78" hits="1" branch="false" />
            <line number="79" hits="1" branch="false" />
            <line number="81" hits="2" branch="false" />
            <line number="83" hits="30" branch="true" condition-coverage="100% (2/2)" />
            <line number="84" hits="8" branch="false" />
            <line number="85" hits="8" branch="false" />
            <line number="87" hits="9" branch="true" condition-coverage="100% (2/2)" />
            <line number="88" hits="1" branch="false" />
            <line number="89" hits="1" branch="false" />
            <line number="90" hits="1" branch="false" />
            <line number="91" hits="8" branch="true" condition-coverage="100% (2/2)" />
            <line number="92" hits="1" branch="false" />
            <line number="93" hits="1" branch="false" />
            <line number="94" hits="1" branch="false" />
            <line number="96" hits="8" branch="false" />
            <line number="97" hits="8" branch="false" />
            <line number="98" hits="2" branch="false" />
            <line number="101" hits="2" branch="false" />
            <line number="102" hits="2" branch="true" condition-coverage="75% (3/4)" />
            <line number="103" hits="1" branch="false" />
            <line number="104" hits="1" branch="false" />
            <line number="106" hits="1" branch="false" />
            <line number="107" hits="1" branch="false" />
          </lines>
        </class>
        <class name="Grupa4_Tim1_KnjigaRecepata.Services.SastojakServices.SastojakService" filename="C:\Users\ismar\Desktop\chest\faks\III godina\5. semestar\VVS\Projekat1\repo\Grupa4_Tim1_KnjigaRecepata\Services\SastojakServices\SastojakService.cs" line-rate="0.973684210526316" branch-rate="0.866666666666667" complexity="16">
          <methods>
            <method name="dajBrojKalorijaPoJedinici" signature="(...)" line-rate="1" branch-rate="1" complexity="2">
              <lines>
                <line number="22" hits="6" branch="false" />
                <line number="23" hits="6" branch="true" condition-coverage="100% (2/2)" />
                <line number="24" hits="1" branch="false" />
                <line number="25" hits="1" branch="false" />
                <line number="27" hits="5" branch="false" />
                <line number="28" hits="5" branch="false" />
              </lines>
            </method>
            <method name="prikaziSastojak" signature="(...)" line-rate="1" branch-rate="0.833333333333333" complexity="6">
              <lines>
                <line number="31" hits="6" branch="false" />
                <line number="32" hits="6" branch="true" condition-coverage="100% (2/2)" />
                <line number="33" hits="1" branch="false" />
                <line number="34" hits="1" branch="false" />
                <line number="37" hits="5" branch="false" />
                <line number="38" hits="5" branch="false" />
                <line number="39" hits="5" branch="false" />
                <line number="40" hits="5" branch="false" />
                <line number="41" hits="5" branch="false" />
                <line number="42" hits="5" branch="false" />
                <line number="43" hits="5" branch="false" />
                <line number="44" hits="5" branch="false" />
                <line number="45" hits="5" branch="false" />
                <line number="46" hits="5" branch="true" condition-coverage="75% (3/4)" />
                <line number="48" hits="5" branch="false" />
                <line number="49" hits="5" branch="false" />
              </lines>
            </method>
            <method name="dajSkracenicu" signature="(...)" line-rate="0.916666666666667" branch-rate="0.857142857142857" complexity="7">
              <lines>
                <line number="52" hits="14" branch="false" />
                <line number="53" hits="14" branch="true" condition-coverage="86% (6/7)" />
                <line number="54" hits="14" branch="false" />
                <line number="55" hits="2" branch="false" />
                <line number="56" hits="1" branch="false" />
                <line number="57" hits="3" branch="false" />
                <line number="58" hits="3" branch="false" />
                <line number="59" hits="2" branch="false" />
                <line number="60" hits="3" branch="false" />
                <line number="61" hits="0" branch="false" />
                <line number="62" hits="14" branch="false" />
                <line number="63" hits="14" branch="false" />
              </lines>
            </method>
            <method name=".ctor" signature="(...)" line-rate="1" branch-rate="1" complexity="1">
              <lines>
                <line number="16" hits="5" branch="false" />
                <line number="17" hits="5" branch="false" />
                <line number="18" hits="5" branch="false" />
                <line number="19" hits="5" branch="false" />
              </lines>
            </method>
          </methods>
          <lines>
            <line number="16" hits="5" branch="false" />
            <line number="17" hits="5" branch="false" />
            <line number="18" hits="5" branch="false" />
            <line number="19" hits="5" branch="false" />
            <line number="22" hits="6" branch="false" />
            <line number="23" hits="6" branch="true" condition-coverage="100% (2/2)" />
            <line number="24" hits="1" branch="false" />
            <line number="25" hits="1" branch="false" />
            <line number="27" hits="5" branch="false" />
            <line number="28" hits="5" branch="false" />
            <line number="31" hits="6" branch="false" />
            <line number="32" hits="6" branch="true" condition-coverage="100% (2/2)" />
            <line number="33" hits="1" branch="false" />
            <line number="34" hits="1" branch="false" />
            <line number="37" hits="5" branch="false" />
            <line number="38" hits="5" branch="false" />
            <line number="39" hits="5" branch="false" />
            <line number="40" hits="5" branch="false" />
            <line number="41" hits="5" branch="false" />
            <line number="42" hits="5" branch="false" />
            <line number="43" hits="5" branch="false" />
            <line number="44" hits="5" branch="false" />
            <line number="45" hits="5" branch="false" />
            <line number="46" hits="5" branch="true" condition-coverage="75% (3/4)" />
            <line number="48" hits="5" branch="false" />
            <line number="49" hits="5" branch="false" />
            <line number="52" hits="14" branch="false" />
            <line number="53" hits="14" branch="true" condition-coverage="86% (6/7)" />
            <line number="54" hits="14" branch="false" />
            <line number="55" hits="2" branch="false" />
            <line number="56" hits="1" branch="false" />
            <line number="57" hits="3" branch="false" />
            <line number="58" hits="3" branch="false" />
            <line number="59" hits="2" branch="false" />
            <line number="60" hits="3" branch="false" />
            <line number="61" hits="0" branch="false" />
            <line number="62" hits="14" branch="false" />
            <line number="63" hits="14" branch="false" />
          </lines>
        </class>
        <class name="Grupa4_Tim1_KnjigaRecepata.Services.ShoppingListaServices.ShoppingListaService" filename="C:\Users\ismar\Desktop\chest\faks\III godina\5. semestar\VVS\Projekat1\repo\Grupa4_Tim1_KnjigaRecepata\Services\ShoppingListaServices\ShoppingListaService.cs" line-rate="1" branch-rate="1" complexity="9">
          <methods>
            <method name="cijenaSastojaka" signature="(...)" line-rate="1" branch-rate="1" complexity="2">
              <lines>
                <line number="25" hits="3" branch="false" />
                <line number="26" hits="3" branch="false" />
                <line number="28" hits="31" branch="true" condition-coverage="100% (2/2)" />
                <line number="29" hits="11" branch="false" />
                <line number="30" hits="11" branch="false" />
                <line number="31" hits="11" branch="false" />
                <line number="32" hits="11" branch="false" />
                <line number="34" hits="3" branch="false" />
                <line number="35" hits="3" branch="false" />
              </lines>
            </method>
            <method name="prikaziShoppingListu" signature="(...)" line-rate="1" branch-rate="1" complexity="6">
              <lines>
                <line number="38" hits="3" branch="false" />
                <line number="39" hits="3" branch="false" />
                <line number="41" hits="3" branch="true" condition-coverage="100% (4/4)" />
                <line number="42" hits="2" branch="false" />
                <line number="44" hits="1" branch="false" />
                <line number="46" hits="11" branch="true" condition-coverage="100% (2/2)" />
                <line number="47" hits="4" branch="false" />
                <line number="48" hits="4" branch="false" />
                <line number="49" hits="4" branch="false" />
                <line number="50" hits="4" branch="false" />
                <line number="51" hits="4" branch="false" />
                <line number="53" hits="1" branch="false" />
                <line number="55" hits="1" branch="false" />
                <line number="56" hits="1" branch="false" />
              </lines>
            </method>
            <method name=".ctor" signature="(...)" line-rate="1" branch-rate="1" complexity="1">
              <lines>
                <line number="18" hits="4" branch="false" />
                <line number="19" hits="4" branch="false" />
                <line number="20" hits="4" branch="false" />
                <line number="21" hits="4" branch="false" />
                <line number="22" hits="4" branch="false" />
              </lines>
            </method>
          </methods>
          <lines>
            <line number="18" hits="4" branch="false" />
            <line number="19" hits="4" branch="false" />
            <line number="20" hits="4" branch="false" />
            <line number="21" hits="4" branch="false" />
            <line number="22" hits="4" branch="false" />
            <line number="25" hits="3" branch="false" />
            <line number="26" hits="3" branch="false" />
            <line number="28" hits="31" branch="true" condition-coverage="100% (2/2)" />
            <line number="29" hits="11" branch="false" />
            <line number="30" hits="11" branch="false" />
            <line number="31" hits="11" branch="false" />
            <line number="32" hits="11" branch="false" />
            <line number="34" hits="3" branch="false" />
            <line number="35" hits="3" branch="false" />
            <line number="38" hits="3" branch="false" />
            <line number="39" hits="3" branch="false" />
            <line number="41" hits="3" branch="true" condition-coverage="100% (4/4)" />
            <line number="42" hits="2" branch="false" />
            <line number="44" hits="1" branch="false" />
            <line number="46" hits="11" branch="true" condition-coverage="100% (2/2)" />
            <line number="47" hits="4" branch="false" />
            <line number="48" hits="4" branch="false" />
            <line number="49" hits="4" branch="false" />
            <line number="50" hits="4" branch="false" />
            <line number="51" hits="4" branch="false" />
            <line number="53" hits="1" branch="false" />
            <line number="55" hits="1" branch="false" />
            <line number="56" hits="1" branch="false" />
          </lines>
        </class>
      </classes>
    </package>
    <package name="KnjigaRecepataTest" line-rate="0.97196261682243" branch-rate="0.875" complexity="59">
      <classes>
        <class name="AutoGeneratedProgram" filename="C:\Users\ismar\.nuget\packages\microsoft.net.test.sdk\17.8.0\build\netcoreapp3.1\Microsoft.NET.Test.Sdk.Program.cs" line-rate="0" branch-rate="1" complexity="1">
          <methods>
            <method name="Main" signature="(...)" line-rate="0" branch-rate="1" complexity="1">
              <lines>
                <line number="4" hits="0" branch="false" />
              </lines>
            </method>
          </methods>
          <lines>
            <line number="4" hits="0" branch="false" />
          </lines>
        </class>
        <class name="KnjigaRecepataTest.KnjigaRecepataTest" filename="C:\Users\ismar\Desktop\chest\faks\III godina\5. semestar\VVS\Projekat1\repo\KnjigaRecepataTest\KnjigaRecepataTest.cs" line-rate="0.977272727272727" branch-rate="1" complexity="12">
          <methods>
            <method name="DodajRecept_RazlicitiTipoviRecepta_Izuzetak" signature="()" line-rate="0.8" branch-rate="1" complexity="1">
              <lines>
                <line number="23" hits="1" branch="false" />
                <line number="24" hits="1" branch="false" />
                <line number="25" hits="1" branch="false" />
                <line number="26" hits="1" branch="false" />
                <line number="27" hits="0" branch="false" />
              </lines>
            </method>
            <method name="DodajRecept_IstiTipoviRecepta_DodanRecept" signature="()" line-rate="1" branch-rate="1" complexity="1">
              <lines>
                <line number="31" hits="1" branch="false" />
                <line number="32" hits="1" branch="false" />
                <line number="33" hits="1" branch="false" />
                <line number="34" hits="1" branch="false" />
                <line number="35" hits="1" branch="false" />
                <line number="36" hits="1" branch="false" />
              </lines>
            </method>
            <method name="SortirajPremaVremenuPripreme_Sortiranje_PravilnoSortiranje" signature="()" line-rate="1" branch-rate="1" complexity="1">
              <lines>
                <line number="40" hits="1" branch="false" />
                <line number="41" hits="1" branch="false" />
                <line number="42" hits="1" branch="false" />
                <line number="43" hits="1" branch="false" />
                <line number="44" hits="1" branch="false" />
                <line number="45" hits="1" branch="false" />
                <line number="46" hits="1" branch="false" />
                <line number="47" hits="1" branch="false" />
                <line number="48" hits="1" branch="false" />
                <line number="49" hits="1" branch="false" />
                <line number="50" hits="1" branch="false" />
                <line number="51" hits="1" branch="false" />
              </lines>
            </method>
            <method name="SortirajPremaKompleksnosti_Sortiranje_PravilnoSortiranje" signature="()" line-rate="1" branch-rate="1" complexity="1">
              <lines>
                <line number="55" hits="1" branch="false" />
                <line number="56" hits="1" branch="false" />
                <line number="57" hits="1" branch="false" />
                <line number="58" hits="1" branch="false" />
                <line number="59" hits="1" branch="false" />
                <line number="60" hits="1" branch="false" />
                <line number="61" hits="1" branch="false" />
                <line number="62" hits="1" branch="false" />
                <line number="63" hits="1" branch="false" />
                <line number="64" hits="1" branch="false" />
                <line number="65" hits="1" branch="false" />
                <line number="66" hits="1" branch="false" />
              </lines>
            </method>
            <method name="SortirajPremaNazivu_Sortiranje_PravilnoSortiranje" signature="()" line-rate="1" branch-rate="1" complexity="1">
              <lines>
                <line number="70" hits="1" branch="false" />
                <line number="71" hits="1" branch="false" />
                <line number="72" hits="1" branch="false" />
                <line number="73" hits="1" branch="false" />
                <line number="74" hits="1" branch="false" />
                <line number="75" hits="1" branch="false" />
                <line number="76" hits="1" branch="false" />
                <line number="77" hits="1" branch="false" />
                <line number="78" hits="1" branch="false" />
                <line number="79" hits="1" branch="false" />
                <line number="80" hits="1" branch="false" />
              </lines>
            </method>
            <method name="get_GenerateIspisanaKnjigaData" signature="()" line-rate="1" branch-rate="1" complexity="1">
              <lines>
                <line number="85" hits="2" branch="false" />
                <line number="86" hits="2" branch="false" />
                <line number="87" hits="2" branch="false" />
                <line number="88" hits="2" branch="false" />
                <line number="89" hits="2" branch="false" />
                <line number="90" hits="2" branch="false" />
                <line number="91" hits="2" branch="false" />
                <line number="92" hits="2" branch="false" />
                <line number="93" hits="2" branch="false" />
                <line number="94" hits="2" branch="false" />
                <line number="95" hits="2" branch="false" />
                <line number="96" hits="2" branch="false" />
                <line number="97" hits="2" branch="false" />
                <line number="98" hits="2" branch="false" />
                <line number="99" hits="2" branch="false" />
                <line number="100" hits="2" branch="false" />
                <line number="101" hits="2" branch="false" />
                <line number="102" hits="2" branch="false" />
                <line number="103" hits="2" branch="false" />
                <line number="104" hits="2" branch="false" />
                <line number="105" hits="2" branch="false" />
                <line number="106" hits="2" branch="false" />
                <line number="107" hits="2" branch="false" />
                <line number="108" hits="2" branch="false" />
                <line number="109" hits="2" branch="false" />
                <line number="110" hits="2" branch="false" />
                <line number="111" hits="2" branch="false" />
                <line number="112" hits="2" branch="false" />
                <line number="113" hits="2" branch="false" />
                <line number="114" hits="2" branch="false" />
                <line number="115" hits="2" branch="false" />
                <line number="116" hits="2" branch="false" />
                <line number="117" hits="2" branch="false" />
                <line number="118" hits="2" branch="false" />
              </lines>
            </method>
            <method name="IspisiKnjiguRecepata_ShouldPrintSortedRecipes" signature="(...)" line-rate="1" branch-rate="1" complexity="1">
              <lines>
                <line number="124" hits="3" branch="false" />
                <line number="126" hits="3" branch="false" />
                <line number="127" hits="3" branch="false" />
                <line number="128" hits="3" branch="false" />
                <line number="131" hits="3" branch="false" />
                <line number="134" hits="3" branch="false" />
                <line number="135" hits="3" branch="false" />
                <line number="136" hits="3" branch="false" />
                <line number="137" hits="3" branch="false" />
                <line number="138" hits="3" branch="false" />
                <line number="139" hits="3" branch="false" />
              </lines>
            </method>
            <method name="PretraziKnjiguRecepata_PostojiRecept_VracenRecept" signature="()" line-rate="1" branch-rate="1" complexity="1">
              <lines>
                <line number="142" hits="1" branch="false" />
                <line number="143" hits="1" branch="false" />
                <line number="144" hits="1" branch="false" />
                <line number="145" hits="1" branch="false" />
                <line number="146" hits="1" branch="false" />
                <line number="147" hits="1" branch="false" />
                <line number="148" hits="1" branch="false" />
                <line number="149" hits="1" branch="false" />
                <line number="151" hits="1" branch="false" />
                <line number="152" hits="1" branch="false" />
                <line number="153" hits="1" branch="false" />
              </lines>
            </method>
            <method name="PretraziKnjiguRecepata_NePostojiRecept_Izuzetak" signature="()" line-rate="0.9" branch-rate="1" complexity="1">
              <lines>
                <line number="157" hits="1" branch="false" />
                <line number="158" hits="1" branch="false" />
                <line number="159" hits="1" branch="false" />
                <line number="160" hits="1" branch="false" />
                <line number="161" hits="1" branch="false" />
                <line number="162" hits="1" branch="false" />
                <line number="163" hits="1" branch="false" />
                <line number="164" hits="1" branch="false" />
                <line number="165" hits="1" branch="false" />
                <line number="166" hits="0" branch="false" />
              </lines>
            </method>
            <method name="PretraziKnjiguRecepata_ReceptiIznadOcjenePostoje_VraceniRecepti" signature="()" line-rate="1" branch-rate="1" complexity="1">
              <lines>
                <line number="169" hits="1" branch="false" />
                <line number="170" hits="1" branch="false" />
                <line number="171" hits="1" branch="false" />
                <line number="172" hits="1" branch="false" />
                <line number="173" hits="1" branch="false" />
                <line number="174" hits="1" branch="false" />
                <line number="175" hits="1" branch="false" />
                <line number="176" hits="1" branch="false" />
                <line number="177" hits="1" branch="false" />
                <line number="178" hits="1" branch="false" />
                <line number="179" hits="1" branch="false" />
                <line number="180" hits="1" branch="false" />
              </lines>
            </method>
            <method name="PretraziKnjiguRecepata_ReceptiIznadOcjeneNePostoje_Izuzetak" signature="()" line-rate="0.75" branch-rate="1" complexity="1">
              <lines>
                <line number="184" hits="1" branch="false" />
                <line number="185" hits="1" branch="false" />
                <line number="186" hits="1" branch="false" />
                <line number="187" hits="0" branch="false" />
              </lines>
            </method>
            <method name=".cctor" signature="()" line-rate="1" branch-rate="1" complexity="1">
              <lines>
                <line number="15" hits="1" branch="false" />
                <line number="16" hits="1" branch="false" />
                <line number="17" hits="1" branch="false" />
                <line number="18" hits="1" branch="false" />
              </lines>
            </method>
          </methods>
          <lines>
            <line number="15" hits="1" branch="false" />
            <line number="16" hits="1" branch="false" />
            <line number="17" hits="1" branch="false" />
            <line number="18" hits="1" branch="false" />
            <line number="23" hits="1" branch="false" />
            <line number="24" hits="1" branch="false" />
            <line number="25" hits="1" branch="false" />
            <line number="26" hits="1" branch="false" />
            <line number="27" hits="0" branch="false" />
            <line number="31" hits="1" branch="false" />
            <line number="32" hits="1" branch="false" />
            <line number="33" hits="1" branch="false" />
            <line number="34" hits="1" branch="false" />
            <line number="35" hits="1" branch="false" />
            <line number="36" hits="1" branch="false" />
            <line number="40" hits="1" branch="false" />
            <line number="41" hits="1" branch="false" />
            <line number="42" hits="1" branch="false" />
            <line number="43" hits="1" branch="false" />
            <line number="44" hits="1" branch="false" />
            <line number="45" hits="1" branch="false" />
            <line number="46" hits="1" branch="false" />
            <line number="47" hits="1" branch="false" />
            <line number="48" hits="1" branch="false" />
            <line number="49" hits="1" branch="false" />
            <line number="50" hits="1" branch="false" />
            <line number="51" hits="1" branch="false" />
            <line number="55" hits="1" branch="false" />
            <line number="56" hits="1" branch="false" />
            <line number="57" hits="1" branch="false" />
            <line number="58" hits="1" branch="false" />
            <line number="59" hits="1" branch="false" />
            <line number="60" hits="1" branch="false" />
            <line number="61" hits="1" branch="false" />
            <line number="62" hits="1" branch="false" />
            <line number="63" hits="1" branch="false" />
            <line number="64" hits="1" branch="false" />
            <line number="65" hits="1" branch="false" />
            <line number="66" hits="1" branch="false" />
            <line number="70" hits="1" branch="false" />
            <line number="71" hits="1" branch="false" />
            <line number="72" hits="1" branch="false" />
            <line number="73" hits="1" branch="false" />
            <line number="74" hits="1" branch="false" />
            <line number="75" hits="1" branch="false" />
            <line number="76" hits="1" branch="false" />
            <line number="77" hits="1" branch="false" />
            <line number="78" hits="1" branch="false" />
            <line number="79" hits="1" branch="false" />
            <line number="80" hits="1" branch="false" />
            <line number="85" hits="2" branch="false" />
            <line number="86" hits="2" branch="false" />
            <line number="87" hits="2" branch="false" />
            <line number="88" hits="2" branch="false" />
            <line number="89" hits="2" branch="false" />
            <line number="90" hits="2" branch="false" />
            <line number="91" hits="2" branch="false" />
            <line number="92" hits="2" branch="false" />
            <line number="93" hits="2" branch="false" />
            <line number="94" hits="2" branch="false" />
            <line number="95" hits="2" branch="false" />
            <line number="96" hits="2" branch="false" />
            <line number="97" hits="2" branch="false" />
            <line number="98" hits="2" branch="false" />
            <line number="99" hits="2" branch="false" />
            <line number="100" hits="2" branch="false" />
            <line number="101" hits="2" branch="false" />
            <line number="102" hits="2" branch="false" />
            <line number="103" hits="2" branch="false" />
            <line number="104" hits="2" branch="false" />
            <line number="105" hits="2" branch="false" />
            <line number="106" hits="2" branch="false" />
            <line number="107" hits="2" branch="false" />
            <line number="108" hits="2" branch="false" />
            <line number="109" hits="2" branch="false" />
            <line number="110" hits="2" branch="false" />
            <line number="111" hits="2" branch="false" />
            <line number="112" hits="2" branch="false" />
            <line number="113" hits="2" branch="false" />
            <line number="114" hits="2" branch="false" />
            <line number="115" hits="2" branch="false" />
            <line number="116" hits="2" branch="false" />
            <line number="117" hits="2" branch="false" />
            <line number="118" hits="2" branch="false" />
            <line number="124" hits="3" branch="false" />
            <line number="126" hits="3" branch="false" />
            <line number="127" hits="3" branch="false" />
            <line number="128" hits="3" branch="false" />
            <line number="131" hits="3" branch="false" />
            <line number="134" hits="3" branch="false" />
            <line number="135" hits="3" branch="false" />
            <line number="136" hits="3" branch="false" />
            <line number="137" hits="3" branch="false" />
            <line number="138" hits="3" branch="false" />
            <line number="139" hits="3" branch="false" />
            <line number="142" hits="1" branch="false" />
            <line number="143" hits="1" branch="false" />
            <line number="144" hits="1" branch="false" />
            <line number="145" hits="1" branch="false" />
            <line number="146" hits="1" branch="false" />
            <line number="147" hits="1" branch="false" />
            <line number="148" hits="1" branch="false" />
            <line number="149" hits="1" branch="false" />
            <line number="151" hits="1" branch="false" />
            <line number="152" hits="1" branch="false" />
            <line number="153" hits="1" branch="false" />
            <line number="157" hits="1" branch="false" />
            <line number="158" hits="1" branch="false" />
            <line number="159" hits="1" branch="false" />
            <line number="160" hits="1" branch="false" />
            <line number="161" hits="1" branch="false" />
            <line number="162" hits="1" branch="false" />
            <line number="163" hits="1" branch="false" />
            <line number="164" hits="1" branch="false" />
            <line number="165" hits="1" branch="false" />
            <line number="166" hits="0" branch="false" />
            <line number="169" hits="1" branch="false" />
            <line number="170" hits="1" branch="false" />
            <line number="171" hits="1" branch="false" />
            <line number="172" hits="1" branch="false" />
            <line number="173" hits="1" branch="false" />
            <line number="174" hits="1" branch="false" />
            <line number="175" hits="1" branch="false" />
            <line number="176" hits="1" branch="false" />
            <line number="177" hits="1" branch="false" />
            <line number="178" hits="1" branch="false" />
            <line number="179" hits="1" branch="false" />
            <line number="180" hits="1" branch="false" />
            <line number="184" hits="1" branch="false" />
            <line number="185" hits="1" branch="false" />
            <line number="186" hits="1" branch="false" />
            <line number="187" hits="0" branch="false" />
          </lines>
        </class>
        <class name="KnjigaRecepataTest.OcjenaTest" filename="C:\Users\ismar\Desktop\chest\faks\III godina\5. semestar\VVS\Projekat1\repo\KnjigaRecepataTest\OcjenaTest.cs" line-rate="0.9625" branch-rate="1" complexity="7">
          <methods>
            <method name="get_GenerateListuOcjena" signature="()" line-rate="1" branch-rate="1" complexity="1">
              <lines>
                <line number="20" hits="2" branch="false" />
                <line number="21" hits="2" branch="false" />
                <line number="22" hits="2" branch="false" />
                <line number="23" hits="2" branch="false" />
                <line number="24" hits="2" branch="false" />
                <line number="25" hits="2" branch="false" />
                <line number="26" hits="2" branch="false" />
                <line number="27" hits="2" branch="false" />
                <line number="28" hits="2" branch="false" />
                <line number="29" hits="2" branch="false" />
                <line number="30" hits="2" branch="false" />
                <line number="31" hits="2" branch="false" />
                <line number="32" hits="2" branch="false" />
                <line number="33" hits="2" branch="false" />
                <line number="34" hits="2" branch="false" />
                <line number="35" hits="2" branch="false" />
                <line number="36" hits="2" branch="false" />
                <line number="37" hits="2" branch="false" />
                <line number="38" hits="2" branch="false" />
                <line number="39" hits="2" branch="false" />
                <line number="40" hits="2" branch="false" />
                <line number="41" hits="2" branch="false" />
                <line number="42" hits="2" branch="false" />
                <line number="43" hits="2" branch="false" />
                <line number="44" hits="2" branch="false" />
                <line number="45" hits="2" branch="false" />
                <line number="46" hits="2" branch="false" />
                <line number="47" hits="2" branch="false" />
                <line number="48" hits="2" branch="false" />
                <line number="49" hits="2" branch="false" />
                <line number="50" hits="2" branch="false" />
                <line number="51" hits="2" branch="false" />
                <line number="52" hits="2" branch="false" />
                <line number="53" hits="2" branch="false" />
                <line number="54" hits="2" branch="false" />
                <line number="55" hits="2" branch="false" />
              </lines>
            </method>
            <method name="DajProsjecnuOcjenu_SmisleniPodaci_SrednjaVr" signature="(...)" line-rate="1" branch-rate="1" complexity="1">
              <lines>
                <line number="61" hits="3" branch="false" />
                <line number="62" hits="3" branch="false" />
                <line number="63" hits="3" branch="false" />
                <line number="64" hits="3" branch="false" />
              </lines>
            </method>
            <method name="DajProsjecnuOcjenu_ManjaVrijednostOdDozvoljene_Izuzetak" signature="()" line-rate="0.875" branch-rate="1" complexity="1">
              <lines>
                <line number="69" hits="1" branch="false" />
                <line number="70" hits="1" branch="false" />
                <line number="71" hits="1" branch="false" />
                <line number="73" hits="1" branch="false" />
                <line number="74" hits="1" branch="false" />
                <line number="75" hits="1" branch="false" />
                <line number="77" hits="1" branch="false" />
                <line number="78" hits="0" branch="false" />
              </lines>
            </method>
            <method name="DajProsjecnuOcjenu_VecaVrijednostOdDozvoljene_Izuzetak" signature="()" line-rate="0.875" branch-rate="1" complexity="1">
              <lines>
                <line number="83" hits="1" branch="false" />
                <line number="84" hits="1" branch="false" />
                <line number="85" hits="1" branch="false" />
                <line number="87" hits="1" branch="false" />
                <line number="88" hits="1" branch="false" />
                <line number="89" hits="1" branch="false" />
                <line number="91" hits="1" branch="false" />
                <line number="92" hits="0" branch="false" />
              </lines>
            </method>
            <method name="DajProsjecnuOcjenu_Null_Izuzetak" signature="()" line-rate="0.666666666666667" branch-rate="1" complexity="1">
              <lines>
                <line number="97" hits="1" branch="false" />
                <line number="98" hits="1" branch="false" />
                <line number="99" hits="0" branch="false" />
              </lines>
            </method>
            <method name="DodajOcjenu_DodavanjeUPostojeciRecept_UspjesnoDodavanje" signature="()" line-rate="1" branch-rate="1" complexity="1">
              <lines>
                <line number="103" hits="1" branch="false" />
                <line number="104" hits="1" branch="false" />
                <line number="105" hits="1" branch="false" />
                <line number="106" hits="1" branch="false" />
                <line number="108" hits="1" branch="false" />
                <line number="110" hits="1" branch="false" />
                <line number="111" hits="1" branch="false" />
                <line number="112" hits="1" branch="false" />
                <line number="113" hits="1" branch="false" />
                <line number="114" hits="1" branch="false" />
                <line number="115" hits="1" branch="false" />
                <line number="116" hits="1" branch="false" />
                <line number="118" hits="1" branch="false" />
                <line number="119" hits="1" branch="false" />
                <line number="120" hits="1" branch="false" />
                <line number="121" hits="1" branch="false" />
                <line number="123" hits="1" branch="false" />
                <line number="125" hits="1" branch="false" />
                <line number="126" hits="1" branch="false" />
                <line number="127" hits="1" branch="false" />
              </lines>
            </method>
            <method name=".cctor" signature="()" line-rate="1" branch-rate="1" complexity="1">
              <lines>
                <line number="15" hits="1" branch="false" />
              </lines>
            </method>
          </methods>
          <lines>
            <line number="15" hits="1" branch="false" />
            <line number="20" hits="2" branch="false" />
            <line number="21" hits="2" branch="false" />
            <line number="22" hits="2" branch="false" />
            <line number="23" hits="2" branch="false" />
            <line number="24" hits="2" branch="false" />
[...]
            <line number="88" hits="2" branch="false" />
            <line number="89" hits="2" branch="false" />
            <line number="90" hits="2" branch="false" />
            <line number="91" hits="2" branch="false" />
            <line number="92" hits="1" branch="false" />
            <line number="93" hits="1" branch="false" />
            <line number="94" hits="12" branch="true" condition-coverage="100% (2/2)" />
            <line number="95" hits="3" branch="false" />
            <line number="96" hits="3" branch="false" />
            <line number="97" hits="1" branch="false" />
            <line number="99" hits="1" branch="false" />
            <line number="102" hits="1" branch="false" />
            <line number="103" hits="1" branch="false" />
            <line number="104" hits="1" branch="false" />
            <line number="105" hits="1" branch="false" />
            <line number="106" hits="9" branch="true" condition-coverage="100% (2/2)" />
            <line number="107" hits="2" branch="false" />
            <line number="108" hits="2" branch="true" condition-coverage="100% (2/2)" />
            <line number="109" hits="2" branch="false" />
            <line number="110" hits="2" branch="false" />
            <line number="111" hits="2" branch="true" condition-coverage="100% (2/2)" />
            <line number="112" hits="2" branch="true" condition-coverage="100% (2/2)" />
            <line number="113" hits="1" branch="true" condition-coverage="50% (1/2)" />
            <line number="114" hits="1" branch="true" condition-coverage="50% (1/2)" />
            <line number="115" hits="1" branch="false" />
            <line number="116" hits="1" branch="false" />
            <line number="119" hits="1" branch="false" />
            <line number="120" hits="1" branch="false" />
            <line number="121" hits="1" branch="false" />
            <line number="122" hits="1" branch="false" />
            <line number="125" hits="1" branch="false" />
            <line number="126" hits="1" branch="false" />
            <line number="127" hits="1" branch="false" />
            <line number="128" hits="1" branch="false" />
            <line number="131" hits="1" branch="false" />
            <line number="132" hits="1" branch="false" />
            <line number="133" hits="1" branch="false" />
            <line number="134" hits="1" branch="false" />
            <line number="135" hits="1" branch="false" />
            <line number="139" hits="1" branch="false" />
            <line number="140" hits="1" branch="false" />
            <line number="141" hits="1" branch="false" />
            <line number="142" hits="0" branch="false" />
          </lines>
        </class>
        <class name="KnjigaRecepataTest.SastojakTest" filename="C:\Users\ismar\Desktop\chest\faks\III godina\5. semestar\VVS\Projekat1\repo\KnjigaRecepataTest\SastojakTest.cs" line-rate="0.961538461538462" branch-rate="1" complexity="8">
          <methods>
            <method name="DajBrojKalorijaPoJedinici_SmisleniPodaci_BrojKalorija" signature="(...)" line-rate="1" branch-rate="1" complexity="1">
              <lines>
                <line number="18" hits="3" branch="false" />
                <line number="19" hits="3" branch="false" />
                <line number="20" hits="3" branch="false" />
                <line number="21" hits="3" branch="false" />
              </lines>
            </method>
            <method name="DajBrojKalorijaPoJedinici_Null_Izuzetak" signature="()" line-rate="0.666666666666667" branch-rate="1" complexity="1">
              <lines>
                <line number="26" hits="1" branch="false" />
                <line number="27" hits="1" branch="false" />
                <line number="28" hits="0" branch="false" />
              </lines>
            </method>
            <method name="get_GenerateMjernaJedinicaTestData" signature="()" line-rate="1" branch-rate="1" complexity="1">
              <lines>
                <line number="33" hits="1" branch="false" />
                <line number="34" hits="1" branch="false" />
                <line number="35" hits="1" branch="false" />
                <line number="36" hits="1" branch="false" />
                <line number="37" hits="1" branch="false" />
                <line number="38" hits="1" branch="false" />
                <line number="39" hits="1" branch="false" />
                <line number="40" hits="1" branch="false" />
                <line number="41" hits="1" branch="false" />
                <line number="42" hits="1" branch="false" />
                <line number="43" hits="1" branch="false" />
              </lines>
            </method>
            <method name="DajSkracenicu_Podaci_Skracenica" signature="(...)" line-rate="1" branch-rate="1" complexity="1">
              <lines>
                <line number="49" hits="6" branch="false" />
                <line number="50" hits="6" branch="false" />
                <line number="51" hits="6" branch="false" />
              </lines>
            </method>
            <method name="get_GeneratePrikazSastojkaTestData" signature="()" line-rate="1" branch-rate="1" complexity="1">
              <lines>
                <line number="56" hits="2" branch="false" />
                <line number="57" hits="2" branch="false" />
                <line number="58" hits="2" branch="false" />
                <line number="59" hits="2" branch="false" />
                <line number="60" hits="2" branch="false" />
                <line number="61" hits="2" branch="false" />
                <line number="62" hits="2" branch="false" />
                <line number="63" hits="2" branch="false" />
                <line number="64" hits="2" branch="false" />
                <line number="65" hits="2" branch="false" />
              </lines>
            </method>
            <method name="PrikaziSastojak_SmisleniPodaci_IspisSastojka" signature="(...)" line-rate="1" branch-rate="1" complexity="1">
              <lines>
                <line number="71" hits="5" branch="false" />
                <line number="72" hits="5" branch="false" />
                <line number="74" hits="5" branch="false" />
                <line number="75" hits="5" branch="false" />
                <line number="76" hits="5" branch="false" />
                <line number="77" hits="5" branch="false" />
                <line number="79" hits="5" branch="false" />
                <line number="80" hits="5" branch="false" />
                <line number="82" hits="5" branch="false" />
                <line number="84" hits="5" branch="false" />
                <line number="85" hits="10" branch="false" />
              </lines>
            </method>
            <method name="PrikaziSastojak_Null_IspisPoruke" signature="()" line-rate="0.888888888888889" branch-rate="1" complexity="1">
              <lines>
                <line number="89" hits="1" branch="false" />
                <line number="91" hits="1" branch="false" />
                <line number="92" hits="1" branch="false" />
                <line number="93" hits="0" branch="false" />
                <line number="94" hits="1" branch="false" />
                <line number="95" hits="1" branch="false" />
                <line number="96" hits="1" branch="false" />
                <line number="97" hits="1" branch="false" />
                <line number="98" hits="1" branch="false" />
              </lines>
            </method>
            <method name=".cctor" signature="()" line-rate="1" branch-rate="1" complexity="1">
              <lines>
                <line number="11" hits="1" branch="false" />
              </lines>
            </method>
          </methods>
          <lines>
            <line number="11" hits="1" branch="false" />
            <line number="18" hits="3" branch="false" />
            <line number="19" hits="3" branch="false" />
            <line number="20" hits="3" branch="false" />
            <line number="21" hits="3" branch="false" />
            <line number="26" hits="1" branch="false" />
            <line number="27" hits="1" branch="false" />
            <line number="28" hits="0" branch="false" />
            <line number="33" hits="1" branch="false" />
            <line number="34" hits="1" branch="false" />
            <line number="35" hits="1" branch="false" />
            <line number="36" hits="1" branch="false" />
            <line number="37" hits="1" branch="false" />
            <line number="38" hits="1" branch="false" />
            <line number="39" hits="1" branch="false" />
            <line number="40" hits="1" branch="false" />
            <line number="41" hits="1" branch="false" />
            <line number="42" hits="1" branch="false" />
            <line number="43" hits="1" branch="false" />
            <line number="49" hits="6" branch="false" />
            <line number="50" hits="6" branch="false" />
            <line number="51" hits="6" branch="false" />
            <line number="56" hits="2" branch="false" />
            <line number="57" hits="2" branch="false" />
            <line number="58" hits="2" branch="false" />
            <line number="59" hits="2" branch="false" />
            <line number="60" hits="2" branch="false" />
            <line number="61" hits="2" branch="false" />
            <line number="62" hits="2" branch="false" />
            <line number="63" hits="2" branch="false" />
            <line number="64" hits="2" branch="false" />
            <line number="65" hits="2" branch="false" />
            <line number="71" hits="5" branch="false" />
            <line number="72" hits="5" branch="false" />
            <line number="74" hits="5" branch="false" />
            <line number="75" hits="5" branch="false" />
            <line number="76" hits="5" branch="false" />
            <line number="77" hits="5" branch="false" />
            <line number="79" hits="5" branch="false" />
            <line number="80" hits="5" branch="false" />
            <line number="82" hits="5" branch="false" />
            <line number="84" hits="5" branch="false" />
            <line number="85" hits="10" branch="false" />
            <line number="89" hits="1" branch="false" />
            <line number="91" hits="1" branch="false" />
            <line number="92" hits="1" branch="false" />
            <line number="93" hits="0" branch="false" />
            <line number="94" hits="1" branch="false" />
            <line number="95" hits="1" branch="false" />
            <line number="96" hits="1" branch="false" />
            <line number="97" hits="1" branch="false" />
            <line number="98" hits="1" branch="false" />
          </lines>
        </class>
        <class name="KnjigaRecepataTest.ShoppingListaTest" filename="C:\Users\ismar\Desktop\chest\faks\III godina\5. semestar\VVS\Projekat1\repo\KnjigaRecepataTest\ShoppingListaTest.cs" line-rate="0.96875" branch-rate="1" complexity="7">
          <methods>
            <method name="SetUp" signature="(...)" line-rate="1" branch-rate="1" complexity="1">
              <lines>
                <line number="21" hits="1" branch="false" />
                <line number="22" hits="1" branch="false" />
                <line number="23" hits="1" branch="false" />
                <line number="24" hits="1" branch="false" />
                <line number="25" hits="1" branch="false" />
                <line number="26" hits="1" branch="false" />
                <line number="28" hits="1" branch="false" />
                <line number="29" hits="1" branch="false" />
                <line number="31" hits="1" branch="false" />
                <line number="32" hits="1" branch="false" />
                <line number="33" hits="1" branch="false" />
                <line number="34" hits="1" branch="false" />
                <line number="35" hits="1" branch="false" />
                <line number="36" hits="1" branch="false" />
                <line number="37" hits="1" branch="false" />
                <line number="38" hits="1" branch="false" />
                <line number="39" hits="1" branch="false" />
                <line number="40" hits="1" branch="false" />
                <line number="41" hits="1" branch="false" />
                <line number="42" hits="1" branch="false" />
                <line number="44" hits="1" branch="false" />
                <line number="45" hits="1" branch="false" />
                <line number="46" hits="1" branch="false" />
                <line number="47" hits="1" branch="false" />
                <line number="48" hits="1" branch="false" />
                <line number="49" hits="1" branch="false" />
                <line number="50" hits="1" branch="false" />
                <line number="51" hits="1" branch="false" />
                <line number="52" hits="1" branch="false" />
                <line number="53" hits="1" branch="false" />
                <line number="54" hits="1" branch="false" />
                <line number="55" hits="1" branch="false" />
                <line number="56" hits="1" branch="false" />
                <line number="57" hits="1" branch="false" />
                <line number="58" hits="1" branch="false" />
                <line number="59" hits="1" branch="false" />
                <line number="60" hits="1" branch="false" />
              </lines>
            </method>
            <method name="IzracunajCijenu" signature="()" line-rate="1" branch-rate="1" complexity="1">
              <lines>
                <line number="64" hits="1" branch="false" />
                <line number="65" hits="1" branch="false" />
                <line number="66" hits="1" branch="false" />
                <line number="68" hits="1" branch="false" />
                <line number="69" hits="1" branch="false" />
                <line number="71" hits="1" branch="false" />
                <line number="72" hits="1" branch="false" />
                <line number="73" hits="1" branch="false" />
              </lines>
            </method>
            <method name="PrikaziShoppingListuPraznaLista" signature="()" line-rate="0.8" branch-rate="1" complexity="1">
              <lines>
                <line number="78" hits="1" branch="false" />
                <line number="79" hits="1" branch="false" />
                <line number="80" hits="1" branch="false" />
                <line number="82" hits="1" branch="false" />
                <line number="83" hits="0" branch="false" />
              </lines>
            </method>
            <method name="PrikaziShoppingListuNullLista" signature="()" line-rate="0.8" branch-rate="1" complexity="1">
              <lines>
                <line number="88" hits="1" branch="false" />
                <line number="89" hits="1" branch="false" />
                <line number="90" hits="1" branch="false" />
                <line number="92" hits="1" branch="false" />
                <line number="93" hits="0" branch="false" />
              </lines>
            </method>
            <method name="PrikaziShoppingListu" signature="()" line-rate="1" branch-rate="1" complexity="1">
              <lines>
                <line number="97" hits="1" branch="false" />
                <line number="98" hits="1" branch="false" />
                <line number="99" hits="1" branch="false" />
                <line number="100" hits="1" branch="false" />
                <line number="102" hits="1" branch="false" />
                <line number="103" hits="1" branch="false" />
              </lines>
            </method>
            <method name=".ctor" signature="()" line-rate="1" branch-rate="1" complexity="1">
              <lines>
                <line number="15" hits="4" branch="false" />
              </lines>
            </method>
            <method name=".cctor" signature="()" line-rate="1" branch-rate="1" complexity="1">
              <lines>
                <line number="13" hits="1" branch="false" />
                <line number="14" hits="1" branch="false" />
              </lines>
            </method>
          </methods>
          <lines>
            <line number="13" hits="1" branch="false" />
            <line number="14" hits="1" branch="false" />
            <line number="15" hits="4" branch="false" />
            <line number="21" hits="1" branch="false" />
            <line number="22" hits="1" branch="false" />
            <line number="23" hits="1" branch="false" />
            <line number="24" hits="1" branch="false" />
            <line number="25" hits="1" branch="false" />
            <line number="26" hits="1" branch="false" />
            <line number="28" hits="1" branch="false" />
            <line number="29" hits="1" branch="false" />
            <line number="31" hits="1" branch="false" />
            <line number="32" hits="1" branch="false" />
            <line number="33" hits="1" branch="false" />
            <line number="34" hits="1" branch="false" />
            <line number="35" hits="1" branch="false" />
            <line number="36" hits="1" branch="false" />
            <line number="37" hits="1" branch="false" />
            <line number="38" hits="1" branch="false" />
            <line number="39" hits="1" branch="false" />
            <line number="40" hits="1" branch="false" />
            <line number="41" hits="1" branch="false" />
            <line number="42" hits="1" branch="false" />
            <line number="44" hits="1" branch="false" />
            <line number="45" hits="1" branch="false" />
            <line number="46" hits="1" branch="false" />
            <line number="47" hits="1" branch="false" />
            <line number="48" hits="1" branch="false" />
            <line number="49" hits="1" branch="false" />
            <line number="50" hits="1" branch="false" />
            <line number="51" hits="1" branch="false" />
            <line number="52" hits="1" branch="false" />
            <line number="53" hits="1" branch="false" />
            <line number="54" hits="1" branch="false" />
            <line number="55" hits="1" branch="false" />
            <line number="56" hits="1" branch="false" />
            <line number="57" hits="1" branch="false" />
            <line number="58" hits="1" branch="false" />
            <line number="59" hits="1" branch="false" />
            <line number="60" hits="1" branch="false" />
            <line number="64" hits="1" branch="false" />
            <line number="65" hits="1" branch="false" />
            <line number="66" hits="1" branch="false" />
            <line number="68" hits="1" branch="false" />
            <line number="69" hits="1" branch="false" />
            <line number="71" hits="1" branch="false" />
            <line number="72" hits="1" branch="false" />
            <line number="73" hits="1" branch="false" />
            <line number="78" hits="1" branch="false" />
            <line number="79" hits="1" branch="false" />
            <line number="80" hits="1" branch="false" />
            <line number="82" hits="1" branch="false" />
            <line number="83" hits="0" branch="false" />
            <line number="88" hits="1" branch="false" />
            <line number="89" hits="1" branch="false" />
            <line number="90" hits="1" branch="false" />
            <line number="92" hits="1" branch="false" />
            <line number="93" hits="0" branch="false" />
            <line number="97" hits="1" branch="false" />
            <line number="98" hits="1" branch="false" />
            <line number="99" hits="1" branch="false" />
            <line number="100" hits="1" branch="false" />
            <line number="102" hits="1" branch="false" />
            <line number="103" hits="1" branch="false" />
          </lines>
        </class>
      </classes>
    </package>
  </packages>
</coverage>