TpTrace Verbose: 0 : 28188, 1, 2024/11/18, 21:16:57.344, 1367740332106, testhost.dll, Version: 17.8.0 Current process architecture: X64
TpTrace Verbose: 0 : 28188, 1, 2024/11/18, 21:16:57.348, 1367740374117, testhost.dll, Runtime location: C:\Program Files\dotnet\shared\Microsoft.NETCore.App\8.0.8
TpTrace Information: 0 : 28188, 1, 2024/11/18, 21:16:57.351, 1367740401853, testhost.dll, DefaultEngineInvoker.Invoke: Testhost process started with args :[--port, 65129],[--endpoint, 127.0.0.1:065129],[--role, client],[--parentprocessid, 14392],[--diag, C:\Users\lamij\Desktop\Fakultet\5. semestar\VVS\VVS-projekat1\KnjigaRecepataTest\bin\Debug\net8.0\Debug\net8.0\fine-code-coverage\coverage-tool-output\diagnostics.host.24-11-18_21-16-57_11090_5.log],[--tracelevel, 4],[--datacollectionport, 65128],[--telemetryoptedin, false]
TpTrace Information: 0 : 28188, 1, 2024/11/18, 21:16:57.351, 1367740406295, testhost.dll, Setting up debug trace listener.
TpTrace Verbose: 0 : 28188, 1, 2024/11/18, 21:16:57.351, 1367740407558, testhost.dll, TestPlatformTraceListener.Setup: Replacing listener System.Diagnostics.DefaultTraceListener with TestHostTraceListener.
TpTrace Verbose: 0 : 28188, 1, 2024/11/18, 21:16:57.351, 1367740408263, testhost.dll, TestPlatformTraceListener.Setup: Added test platform trace listener.
TpTrace Information: 0 : 28188, 1, 2024/11/18, 21:16:57.352, 1367740410277, testhost.dll, DefaultEngineInvoker.SetParentProcessExitCallback: Monitoring parent process with id: '14392'
TpTrace Information: 0 : 28188, 1, 2024/11/18, 21:16:57.374, 1367740629942, testhost.dll, DefaultEngineInvoker.GetConnectionInfo: Initialize communication on endpoint address: '127.0.0.1:065129'
TpTrace Information: 0 : 28188, 1, 2024/11/18, 21:16:57.391, 1367740808719, testhost.dll, SocketClient.Start: connecting to server endpoint: 127.0.0.1:065129
TpTrace Information: 0 : 28188, 7, 2024/11/18, 21:16:57.401, 1367740899630, testhost.dll, SocketClient.OnServerConnected: connected to server endpoint: 127.0.0.1:065129
TpTrace Verbose: 0 : 28188, 7, 2024/11/18, 21:16:57.403, 1367740925099, testhost.dll, MulticastDelegateUtilities.SafeInvoke: SocketClient: ServerConnected: Invoking callback 1/1 for Microsoft.VisualStudio.TestPlatform.CommunicationUtilities.TestRequestHandler., took 0 ms.
TpTrace Verbose: 0 : 28188, 7, 2024/11/18, 21:16:57.403, 1367740926075, testhost.dll, Connected to server, and starting MessageLoopAsync
TpTrace Information: 0 : 28188, 1, 2024/11/18, 21:16:57.404, 1367740932200, testhost.dll, DefaultEngineInvoker.ConnectToDatacollector: Connecting to datacollector, port: 65128
TpTrace Information: 0 : 28188, 1, 2024/11/18, 21:16:57.405, 1367740942276, testhost.dll, Trying to connect to server on socket : 127.0.0.1:65128 
TpTrace Verbose: 0 : 28188, 1, 2024/11/18, 21:16:57.405, 1367740945039, testhost.dll, SocketCommunicationManager : SetupClientAsync : Attempting to connect to the server.
TpTrace Information: 0 : 28188, 11, 2024/11/18, 21:16:57.407, 1367740966475, testhost.dll, Connected to the server successfully 
TpTrace Information: 0 : 28188, 11, 2024/11/18, 21:16:57.407, 1367740967657, testhost.dll, Using the buffer size of 16384 bytes
TpTrace Verbose: 0 : 28188, 1, 2024/11/18, 21:16:57.408, 1367740969106, testhost.dll, SocketCommunicationManager.WaitForServerConnection took: 0 ms, with 90000 ms timeout, and finished with True.
TpTrace Information: 0 : 28188, 1, 2024/11/18, 21:16:57.408, 1367740971353, testhost.dll, DefaultEngineInvoker.Invoke: Start Request Processing.
TpTrace Information: 0 : 28188, 12, 2024/11/18, 21:16:57.409, 1367740983664, testhost.dll, DefaultEngineInvoker.StartProcessingAsync: Connected to vstest.console, Starting process requests.
TpTrace Verbose: 0 : 28188, 10, 2024/11/18, 21:16:57.414, 1367741035310, testhost.dll, TcpClientExtensions.MessageLoopAsync: Polling on remoteEndPoint: [::ffff:127.0.0.1]:65129 localEndPoint: [::ffff:127.0.0.1]:65130
TpTrace Verbose: 0 : 28188, 10, 2024/11/18, 21:16:57.414, 1367741037011, testhost.dll, TcpClientExtensions.MessageLoopAsync: NotifyDataAvailable remoteEndPoint: [::ffff:127.0.0.1]:65129 localEndPoint: [::ffff:127.0.0.1]:65130
TpTrace Information: 0 : 28188, 10, 2024/11/18, 21:16:57.419, 1367741087109, testhost.dll, TestRequestHandler.OnMessageReceived: received message: (ProtocolVersion) -> {"MessageType":"ProtocolVersion","Payload":7}
TpTrace Verbose: 0 : 28188, 10, 2024/11/18, 21:16:57.581, 1367742699828, testhost.dll, TestRequestHandler.SendData: sending data from testhost: {"Version":7,"MessageType":"TestSession.Message","Payload":{"MessageLevel":0,"Message":"Logging TestHost Diagnostics in file: C:\\Users\\lamij\\Desktop\\Fakultet\\5. semestar\\VVS\\VVS-projekat1\\KnjigaRecepataTest\\bin\\Debug\\net8.0\\Debug\\net8.0\\fine-code-coverage\\coverage-tool-output\\diagnostics.host.24-11-18_21-16-57_11090_5.log"}}
TpTrace Verbose: 0 : 28188, 10, 2024/11/18, 21:16:57.581, 1367742702555, testhost.dll, MulticastDelegateUtilities.SafeInvoke: LengthPrefixCommunicationChannel: MessageReceived: Invoking callback 1/1 for Microsoft.VisualStudio.TestPlatform.CommunicationUtilities.TestRequestHandler., took 165 ms.
TpTrace Verbose: 0 : 28188, 10, 2024/11/18, 21:16:57.581, 1367742703599, testhost.dll, TcpClientExtensions.MessageLoopAsync: Polling on remoteEndPoint: [::ffff:127.0.0.1]:65129 localEndPoint: [::ffff:127.0.0.1]:65130
TpTrace Verbose: 0 : 28188, 10, 2024/11/18, 21:16:57.581, 1367742704198, testhost.dll, TcpClientExtensions.MessageLoopAsync: NotifyDataAvailable remoteEndPoint: [::ffff:127.0.0.1]:65129 localEndPoint: [::ffff:127.0.0.1]:65130
TpTrace Information: 0 : 28188, 10, 2024/11/18, 21:16:57.581, 1367742707421, testhost.dll, TestRequestHandler.OnMessageReceived: received message: (TestExecution.Initialize) -> {"Version":7,"MessageType":"TestExecution.Initialize","Payload":["C:\\Users\\lamij\\Desktop\\Fakultet\\5. semestar\\VVS\\VVS-projekat1\\KnjigaRecepataTest\\bin\\Debug\\net8.0\\Debug\\net8.0\\fine-code-coverage\\build-output\\Microsoft.VisualStudio.TestPlatform.MSTest.TestAdapter.dll"]}
TpTrace Verbose: 0 : 28188, 10, 2024/11/18, 21:16:57.592, 1367742812245, testhost.dll, MulticastDelegateUtilities.SafeInvoke: LengthPrefixCommunicationChannel: MessageReceived: Invoking callback 1/1 for Microsoft.VisualStudio.TestPlatform.CommunicationUtilities.TestRequestHandler., took 10 ms.
TpTrace Verbose: 0 : 28188, 10, 2024/11/18, 21:16:57.592, 1367742814266, testhost.dll, TcpClientExtensions.MessageLoopAsync: Polling on remoteEndPoint: [::ffff:127.0.0.1]:65129 localEndPoint: [::ffff:127.0.0.1]:65130
TpTrace Verbose: 0 : 28188, 10, 2024/11/18, 21:16:57.592, 1367742814779, testhost.dll, TcpClientExtensions.MessageLoopAsync: NotifyDataAvailable remoteEndPoint: [::ffff:127.0.0.1]:65129 localEndPoint: [::ffff:127.0.0.1]:65130
TpTrace Information: 0 : 28188, 10, 2024/11/18, 21:16:57.592, 1367742815802, testhost.dll, TestRequestHandler.OnMessageReceived: received message: (TestExecution.StartWithSources) -> {"Version":7,"MessageType":"TestExecution.StartWithSources","Payload":{"AdapterSourceMap":{"_none_":["C:\\Users\\lamij\\Desktop\\Fakultet\\5. semestar\\VVS\\VVS-projekat1\\KnjigaRecepataTest\\bin\\Debug\\net8.0\\Debug\\net8.0\\fine-code-coverage\\build-output\\KnjigaRecepataTest.dll"]},"RunSettings":"<RunSettings>\r\n  <RunConfiguration>\r\n    <ResultsDirectory>C:\\Users\\lamij\\Desktop\\Fakultet\\5. semestar\\VVS\\VVS-projekat1\\KnjigaRecepataTest\\bin\\Debug\\net8.0\\Debug\\net8.0\\fine-code-coverage\\coverage-tool-output</ResultsDirectory>\r\n    <TargetFrameworkVersion>.NETCoreApp,Version=v8.0</TargetFrameworkVersion>\r\n    <DesignMode>False</DesignMode>\r\n    <CollectSourceInformation>False</CollectSourceInformation>\r\n  </RunConfiguration>\r\n  <LoggerRunSettings>\r\n    <Loggers>\r\n      <Logger friendlyName=\"blame\" enabled=\"True\" />\r\n      <Logger friendlyName=\"Console\" uri=\"logger://microsoft/TestPlatform/ConsoleLogger/v1\" assemblyQualifiedName=\"Microsoft.VisualStudio.TestPlatform.CommandLine.Internal.ConsoleLogger, vstest.console, Version=15.0.0.0, Culture=neutral, PublicKeyToken=b03f5f7f11d50a3a\" codeBase=\"C:\\Program Files\\dotnet\\sdk\\8.0.400\\vstest.console.dll\" enabled=\"True\" />\r\n    </Loggers>\r\n  </LoggerRunSettings>\r\n  <DataCollectionRunSettings>\r\n    <DataCollectors>\r\n      <DataCollector friendlyName=\"blame\" enabled=\"True\">\r\n        <Configuration>\r\n          <ResultsDirectory>C:\\Users\\lamij\\Desktop\\Fakultet\\5. semestar\\VVS\\VVS-projekat1\\KnjigaRecepataTest\\bin\\Debug\\net8.0\\Debug\\net8.0\\fine-code-coverage\\coverage-tool-output</ResultsDirectory>\r\n        </Configuration>\r\n      </DataCollector>\r\n    </DataCollectors>\r\n  </DataCollectionRunSettings>\r\n</RunSettings>","TestExecutionContext":{"FrequencyOfRunStatsChangeEvent":10,"RunStatsChangeEventTimeout":"00:00:01.5000000","InIsolation":false,"KeepAlive":false,"AreTestCaseLevelEventsRequired":false,"IsDebug":false,"TestCaseFilter":null,"FilterOptions":null},"Package":null}}
TpTrace Information: 0 : 28188, 4, 2024/11/18, 21:16:57.593, 1367742826177, testhost.dll, TestRequestHandler.OnMessageReceived: Running job 'TestExecution.Initialize'.
TpTrace Verbose: 0 : 28188, 4, 2024/11/18, 21:16:57.598, 1367742876780, testhost.dll, TestExecutorService: Loading the extensions
TpTrace Verbose: 0 : 28188, 4, 2024/11/18, 21:16:57.602, 1367742917805, testhost.dll, TestPluginCache.DiscoverTestExtensions: finding test extensions in assemblies ends with: TestAdapter.dll TPluginInfo: Microsoft.VisualStudio.TestPlatform.Common.ExtensionFramework.Utilities.TestExecutorPluginInformation TExtension: Microsoft.VisualStudio.TestPlatform.ObjectModel.Adapter.ITestExecutor
TpTrace Verbose: 0 : 28188, 4, 2024/11/18, 21:16:57.605, 1367742941952, testhost.dll, TestPluginCache.GetExtensionPaths: Filtered extension paths: 
TpTrace Verbose: 0 : 28188, 4, 2024/11/18, 21:16:57.605, 1367742947678, testhost.dll, TestPluginCache.GetExtensionPaths: Added default extension paths: C:\Users\lamij\Desktop\Fakultet\5. semestar\VVS\VVS-projekat1\KnjigaRecepataTest\bin\Debug\net8.0\Debug\net8.0\fine-code-coverage\build-output\Microsoft.VisualStudio.TestPlatform.MSTest.TestAdapter.dll
TpTrace Verbose: 0 : 28188, 4, 2024/11/18, 21:16:57.605, 1367742948398, testhost.dll, TestPluginCache.GetExtensionPaths: Added unfilterableExtensionPaths: 
TpTrace Information: 0 : 28188, 4, 2024/11/18, 21:16:57.607, 1367742967654, testhost.dll, AssemblyResolver.ctor: Creating AssemblyResolver with searchDirectories C:\Users\lamij\Desktop\Fakultet\5. semestar\VVS\VVS-projekat1\KnjigaRecepataTest\bin\Debug\net8.0\Debug\net8.0\fine-code-coverage\build-output
TpTrace Verbose: 0 : 28188, 4, 2024/11/18, 21:16:57.609, 1367742980387, testhost.dll, TestPluginCache.DiscoverTestExtensions: Discovering the extensions using extension path.
TpTrace Verbose: 0 : 28188, 4, 2024/11/18, 21:16:57.609, 1367742981644, testhost.dll, TestPluginCache.GetExtensionPaths: Filtered extension paths: 
TpTrace Verbose: 0 : 28188, 4, 2024/11/18, 21:16:57.609, 1367742982102, testhost.dll, TestPluginCache.GetExtensionPaths: Added default extension paths: C:\Users\lamij\Desktop\Fakultet\5. semestar\VVS\VVS-projekat1\KnjigaRecepataTest\bin\Debug\net8.0\Debug\net8.0\fine-code-coverage\build-output\Microsoft.VisualStudio.TestPlatform.MSTest.TestAdapter.dll
TpTrace Verbose: 0 : 28188, 4, 2024/11/18, 21:16:57.609, 1367742982398, testhost.dll, TestPluginCache.GetExtensionPaths: Added unfilterableExtensionPaths: 
TpTrace Verbose: 0 : 28188, 4, 2024/11/18, 21:16:57.609, 1367742982955, testhost.dll, TestPluginCache.DiscoverTestExtensions: Discovering the extensions using allExtensionPaths: C:\Users\lamij\Desktop\Fakultet\5. semestar\VVS\VVS-projekat1\KnjigaRecepataTest\bin\Debug\net8.0\Debug\net8.0\fine-code-coverage\build-output\Microsoft.VisualStudio.TestPlatform.MSTest.TestAdapter.dll
TpTrace Information: 0 : 28188, 4, 2024/11/18, 21:16:57.610, 1367742990243, testhost.dll, AssemblyResolver.AddSearchDirectories: Adding more searchDirectories C:\Users\lamij\Desktop\Fakultet\5. semestar\VVS\VVS-projekat1\KnjigaRecepataTest\bin\Debug\net8.0\Debug\net8.0\fine-code-coverage\build-output
TpTrace Information: 0 : 28188, 4, 2024/11/18, 21:16:57.611, 1367743007690, testhost.dll, AssemblyResolver.OnResolve: Microsoft.VisualStudio.TestPlatform.MSTest.TestAdapter: Resolving assembly.
TpTrace Information: 0 : 28188, 4, 2024/11/18, 21:16:57.611, 1367743008267, testhost.dll, AssemblyResolver.OnResolve: Microsoft.VisualStudio.TestPlatform.MSTest.TestAdapter: Searching in: 'C:\Users\lamij\Desktop\Fakultet\5. semestar\VVS\VVS-projekat1\KnjigaRecepataTest\bin\Debug\net8.0\Debug\net8.0\fine-code-coverage\build-output'.
TpTrace Information: 0 : 28188, 4, 2024/11/18, 21:16:57.618, 1367743076227, testhost.dll, AssemblyResolver.OnResolve: Microsoft.VisualStudio.TestPlatform.MSTest.TestAdapter: Loading assembly 'C:\Users\lamij\Desktop\Fakultet\5. semestar\VVS\VVS-projekat1\KnjigaRecepataTest\bin\Debug\net8.0\Debug\net8.0\fine-code-coverage\build-output\Microsoft.VisualStudio.TestPlatform.MSTest.TestAdapter.dll'.
TpTrace Information: 0 : 28188, 4, 2024/11/18, 21:16:57.620, 1367743097474, testhost.dll, AssemblyResolver.OnResolve: Resolved assembly: Microsoft.VisualStudio.TestPlatform.MSTest.TestAdapter, from path: C:\Users\lamij\Desktop\Fakultet\5. semestar\VVS\VVS-projekat1\KnjigaRecepataTest\bin\Debug\net8.0\Debug\net8.0\fine-code-coverage\build-output\Microsoft.VisualStudio.TestPlatform.MSTest.TestAdapter.dll
TpTrace Verbose: 0 : 28188, 10, 2024/11/18, 21:16:57.621, 1367743106598, testhost.dll, MulticastDelegateUtilities.SafeInvoke: LengthPrefixCommunicationChannel: MessageReceived: Invoking callback 1/1 for Microsoft.VisualStudio.TestPlatform.CommunicationUtilities.TestRequestHandler., took 29 ms.
TpTrace Verbose: 0 : 28188, 10, 2024/11/18, 21:16:57.621, 1367743107581, testhost.dll, TcpClientExtensions.MessageLoopAsync: Polling on remoteEndPoint: [::ffff:127.0.0.1]:65129 localEndPoint: [::ffff:127.0.0.1]:65130
TpTrace Verbose: 0 : 28188, 4, 2024/11/18, 21:16:57.643, 1367743322456, testhost.dll, MetadataReaderExtensionsHelper: Discovering extensions inside assembly 'Microsoft.VisualStudio.TestPlatform.MSTest.TestAdapter, Version=14.0.0.0, Culture=neutral, PublicKeyToken=b03f5f7f11d50a3a' file path 'C:\Users\lamij\Desktop\Fakultet\5. semestar\VVS\VVS-projekat1\KnjigaRecepataTest\bin\Debug\net8.0\Debug\net8.0\fine-code-coverage\build-output\Microsoft.VisualStudio.TestPlatform.MSTest.TestAdapter.dll'
TpTrace Information: 0 : 28188, 4, 2024/11/18, 21:16:57.649, 1367743382110, testhost.dll, GetTestExtensionFromType: Register extension with identifier data 'executor://MSTestAdapter/v2' and type 'Microsoft.VisualStudio.TestPlatform.MSTest.TestAdapter.MSTestExecutor, Microsoft.VisualStudio.TestPlatform.MSTest.TestAdapter, Version=14.0.0.0, Culture=neutral, PublicKeyToken=b03f5f7f11d50a3a' inside file 'C:\Users\lamij\Desktop\Fakultet\5. semestar\VVS\VVS-projekat1\KnjigaRecepataTest\bin\Debug\net8.0\Debug\net8.0\fine-code-coverage\build-output\Microsoft.VisualStudio.TestPlatform.MSTest.TestAdapter.dll'
TpTrace Verbose: 0 : 28188, 4, 2024/11/18, 21:16:57.651, 1367743407756, testhost.dll, TestPluginCache: Discovered the extensions using extension path ''.
TpTrace Verbose: 0 : 28188, 4, 2024/11/18, 21:16:57.652, 1367743414495, testhost.dll, TestPluginCache: Discoverers are ''.
TpTrace Verbose: 0 : 28188, 4, 2024/11/18, 21:16:57.652, 1367743415871, testhost.dll, TestPluginCache: Executors are 'executor://MSTestAdapter/v2'.
TpTrace Verbose: 0 : 28188, 4, 2024/11/18, 21:16:57.652, 1367743416668, testhost.dll, TestPluginCache: Executors2 are ''.
TpTrace Verbose: 0 : 28188, 4, 2024/11/18, 21:16:57.652, 1367743417271, testhost.dll, TestPluginCache: Setting providers are ''.
TpTrace Verbose: 0 : 28188, 4, 2024/11/18, 21:16:57.652, 1367743418019, testhost.dll, TestPluginCache: Loggers are ''.
TpTrace Verbose: 0 : 28188, 4, 2024/11/18, 21:16:57.652, 1367743418575, testhost.dll, TestPluginCache: TestHosts are ''.
TpTrace Verbose: 0 : 28188, 4, 2024/11/18, 21:16:57.653, 1367743419083, testhost.dll, TestPluginCache: DataCollectors are ''.
TpTrace Verbose: 0 : 28188, 4, 2024/11/18, 21:16:57.655, 1367743443248, testhost.dll, TestPluginCache.DiscoverTestExtensions: finding test extensions in assemblies ends with: TestAdapter.dll TPluginInfo: Microsoft.VisualStudio.TestPlatform.Common.ExtensionFramework.Utilities.TestExecutorPluginInformation2 TExtension: Microsoft.VisualStudio.TestPlatform.ObjectModel.Adapter.ITestExecutor2
TpTrace Verbose: 0 : 28188, 4, 2024/11/18, 21:16:57.656, 1367743449215, testhost.dll, TestPluginCache.GetExtensionPaths: Filtered extension paths: 
TpTrace Verbose: 0 : 28188, 4, 2024/11/18, 21:16:57.656, 1367743450037, testhost.dll, TestPluginCache.GetExtensionPaths: Added default extension paths: C:\Users\lamij\Desktop\Fakultet\5. semestar\VVS\VVS-projekat1\KnjigaRecepataTest\bin\Debug\net8.0\Debug\net8.0\fine-code-coverage\build-output\Microsoft.VisualStudio.TestPlatform.MSTest.TestAdapter.dll
TpTrace Verbose: 0 : 28188, 4, 2024/11/18, 21:16:57.656, 1367743450449, testhost.dll, TestPluginCache.GetExtensionPaths: Added unfilterableExtensionPaths: 
TpTrace Information: 0 : 28188, 4, 2024/11/18, 21:16:57.656, 1367743452761, testhost.dll, AssemblyResolver.AddSearchDirectories: Adding more searchDirectories C:\Users\lamij\Desktop\Fakultet\5. semestar\VVS\VVS-projekat1\KnjigaRecepataTest\bin\Debug\net8.0\Debug\net8.0\fine-code-coverage\build-output
TpTrace Verbose: 0 : 28188, 4, 2024/11/18, 21:16:57.656, 1367743456179, testhost.dll, TestPluginCache.DiscoverTestExtensions: Discovering the extensions using extension path.
TpTrace Verbose: 0 : 28188, 4, 2024/11/18, 21:16:57.656, 1367743456991, testhost.dll, TestPluginCache.GetExtensionPaths: Filtered extension paths: 
TpTrace Verbose: 0 : 28188, 4, 2024/11/18, 21:16:57.656, 1367743457339, testhost.dll, TestPluginCache.GetExtensionPaths: Added default extension paths: C:\Users\lamij\Desktop\Fakultet\5. semestar\VVS\VVS-projekat1\KnjigaRecepataTest\bin\Debug\net8.0\Debug\net8.0\fine-code-coverage\build-output\Microsoft.VisualStudio.TestPlatform.MSTest.TestAdapter.dll
TpTrace Verbose: 0 : 28188, 4, 2024/11/18, 21:16:57.656, 1367743457628, testhost.dll, TestPluginCache.GetExtensionPaths: Added unfilterableExtensionPaths: 
TpTrace Verbose: 0 : 28188, 4, 2024/11/18, 21:16:57.656, 1367743457905, testhost.dll, TestPluginCache.DiscoverTestExtensions: Discovering the extensions using allExtensionPaths: C:\Users\lamij\Desktop\Fakultet\5. semestar\VVS\VVS-projekat1\KnjigaRecepataTest\bin\Debug\net8.0\Debug\net8.0\fine-code-coverage\build-output\Microsoft.VisualStudio.TestPlatform.MSTest.TestAdapter.dll
TpTrace Information: 0 : 28188, 4, 2024/11/18, 21:16:57.656, 1367743458324, testhost.dll, AssemblyResolver.AddSearchDirectories: Adding more searchDirectories C:\Users\lamij\Desktop\Fakultet\5. semestar\VVS\VVS-projekat1\KnjigaRecepataTest\bin\Debug\net8.0\Debug\net8.0\fine-code-coverage\build-output
TpTrace Verbose: 0 : 28188, 4, 2024/11/18, 21:16:57.657, 1367743459271, testhost.dll, MetadataReaderExtensionsHelper: Discovering extensions inside assembly 'Microsoft.VisualStudio.TestPlatform.MSTest.TestAdapter, Version=14.0.0.0, Culture=neutral, PublicKeyToken=b03f5f7f11d50a3a' file path 'C:\Users\lamij\Desktop\Fakultet\5. semestar\VVS\VVS-projekat1\KnjigaRecepataTest\bin\Debug\net8.0\Debug\net8.0\fine-code-coverage\build-output\Microsoft.VisualStudio.TestPlatform.MSTest.TestAdapter.dll'
TpTrace Verbose: 0 : 28188, 4, 2024/11/18, 21:16:57.657, 1367743465960, testhost.dll, TestPluginCache: Discovered the extensions using extension path ''.
TpTrace Verbose: 0 : 28188, 4, 2024/11/18, 21:16:57.657, 1367743466580, testhost.dll, TestPluginCache: Discoverers are ''.
TpTrace Verbose: 0 : 28188, 4, 2024/11/18, 21:16:57.657, 1367743467435, testhost.dll, TestPluginCache: Executors are 'executor://MSTestAdapter/v2'.
TpTrace Verbose: 0 : 28188, 4, 2024/11/18, 21:16:57.657, 1367743468307, testhost.dll, TestPluginCache: Executors2 are ''.
TpTrace Verbose: 0 : 28188, 4, 2024/11/18, 21:16:57.657, 1367743468604, testhost.dll, TestPluginCache: Setting providers are ''.
TpTrace Verbose: 0 : 28188, 4, 2024/11/18, 21:16:57.658, 1367743468807, testhost.dll, TestPluginCache: Loggers are ''.
TpTrace Verbose: 0 : 28188, 4, 2024/11/18, 21:16:57.658, 1367743469023, testhost.dll, TestPluginCache: TestHosts are ''.
TpTrace Verbose: 0 : 28188, 4, 2024/11/18, 21:16:57.658, 1367743469236, testhost.dll, TestPluginCache: DataCollectors are ''.
TpTrace Information: 0 : 28188, 4, 2024/11/18, 21:16:57.665, 1367743542106, testhost.dll, TestPluginManager.CreateTestExtension: Attempting to load test extension: Microsoft.VisualStudio.TestPlatform.MSTest.TestAdapter.MSTestExecutor
TpTrace Verbose: 0 : 28188, 4, 2024/11/18, 21:16:57.670, 1367743589593, testhost.dll, TestExecutorExtensionManager: Loading executor Microsoft.VisualStudio.TestPlatform.Common.ExtensionDecorators.SerialTestRunDecorator
TpTrace Verbose: 0 : 28188, 4, 2024/11/18, 21:16:57.670, 1367743590446, testhost.dll, TestExecutorService: Loaded the executors
TpTrace Verbose: 0 : 28188, 4, 2024/11/18, 21:16:57.670, 1367743595132, testhost.dll, TestPluginCache.DiscoverTestExtensions: finding test extensions in assemblies ends with: TestAdapter.dll TPluginInfo: Microsoft.VisualStudio.TestPlatform.Common.ExtensionFramework.Utilities.TestSettingsProviderPluginInformation TExtension: Microsoft.VisualStudio.TestPlatform.ObjectModel.Adapter.ISettingsProvider
TpTrace Verbose: 0 : 28188, 4, 2024/11/18, 21:16:57.670, 1367743596165, testhost.dll, TestPluginCache.GetExtensionPaths: Filtered extension paths: 
TpTrace Verbose: 0 : 28188, 4, 2024/11/18, 21:16:57.670, 1367743596593, testhost.dll, TestPluginCache.GetExtensionPaths: Added default extension paths: C:\Users\lamij\Desktop\Fakultet\5. semestar\VVS\VVS-projekat1\KnjigaRecepataTest\bin\Debug\net8.0\Debug\net8.0\fine-code-coverage\build-output\Microsoft.VisualStudio.TestPlatform.MSTest.TestAdapter.dll
TpTrace Verbose: 0 : 28188, 4, 2024/11/18, 21:16:57.670, 1367743596811, testhost.dll, TestPluginCache.GetExtensionPaths: Added unfilterableExtensionPaths: 
TpTrace Information: 0 : 28188, 4, 2024/11/18, 21:16:57.670, 1367743597838, testhost.dll, AssemblyResolver.AddSearchDirectories: Adding more searchDirectories C:\Users\lamij\Desktop\Fakultet\5. semestar\VVS\VVS-projekat1\KnjigaRecepataTest\bin\Debug\net8.0\Debug\net8.0\fine-code-coverage\build-output
TpTrace Verbose: 0 : 28188, 4, 2024/11/18, 21:16:57.670, 1367743598241, testhost.dll, TestPluginCache.DiscoverTestExtensions: Discovering the extensions using extension path.
TpTrace Verbose: 0 : 28188, 4, 2024/11/18, 21:16:57.670, 1367743598444, testhost.dll, TestPluginCache.GetExtensionPaths: Filtered extension paths: 
TpTrace Verbose: 0 : 28188, 4, 2024/11/18, 21:16:57.670, 1367743598621, testhost.dll, TestPluginCache.GetExtensionPaths: Added default extension paths: C:\Users\lamij\Desktop\Fakultet\5. semestar\VVS\VVS-projekat1\KnjigaRecepataTest\bin\Debug\net8.0\Debug\net8.0\fine-code-coverage\build-output\Microsoft.VisualStudio.TestPlatform.MSTest.TestAdapter.dll
TpTrace Verbose: 0 : 28188, 4, 2024/11/18, 21:16:57.671, 1367743598827, testhost.dll, TestPluginCache.GetExtensionPaths: Added unfilterableExtensionPaths: 
TpTrace Verbose: 0 : 28188, 4, 2024/11/18, 21:16:57.671, 1367743599134, testhost.dll, TestPluginCache.DiscoverTestExtensions: Discovering the extensions using allExtensionPaths: C:\Users\lamij\Desktop\Fakultet\5. semestar\VVS\VVS-projekat1\KnjigaRecepataTest\bin\Debug\net8.0\Debug\net8.0\fine-code-coverage\build-output\Microsoft.VisualStudio.TestPlatform.MSTest.TestAdapter.dll
TpTrace Information: 0 : 28188, 4, 2024/11/18, 21:16:57.671, 1367743599446, testhost.dll, AssemblyResolver.AddSearchDirectories: Adding more searchDirectories C:\Users\lamij\Desktop\Fakultet\5. semestar\VVS\VVS-projekat1\KnjigaRecepataTest\bin\Debug\net8.0\Debug\net8.0\fine-code-coverage\build-output
TpTrace Verbose: 0 : 28188, 4, 2024/11/18, 21:16:57.671, 1367743599932, testhost.dll, MetadataReaderExtensionsHelper: Discovering extensions inside assembly 'Microsoft.VisualStudio.TestPlatform.MSTest.TestAdapter, Version=14.0.0.0, Culture=neutral, PublicKeyToken=b03f5f7f11d50a3a' file path 'C:\Users\lamij\Desktop\Fakultet\5. semestar\VVS\VVS-projekat1\KnjigaRecepataTest\bin\Debug\net8.0\Debug\net8.0\fine-code-coverage\build-output\Microsoft.VisualStudio.TestPlatform.MSTest.TestAdapter.dll'
TpTrace Verbose: 0 : 28188, 4, 2024/11/18, 21:16:57.671, 1367743605388, testhost.dll, TestPluginCache: Discovered the extensions using extension path ''.
TpTrace Verbose: 0 : 28188, 4, 2024/11/18, 21:16:57.671, 1367743606078, testhost.dll, TestPluginCache: Discoverers are ''.
TpTrace Verbose: 0 : 28188, 4, 2024/11/18, 21:16:57.671, 1367743606586, testhost.dll, TestPluginCache: Executors are 'executor://MSTestAdapter/v2'.
TpTrace Verbose: 0 : 28188, 4, 2024/11/18, 21:16:57.671, 1367743607033, testhost.dll, TestPluginCache: Executors2 are ''.
TpTrace Verbose: 0 : 28188, 4, 2024/11/18, 21:16:57.671, 1367743607617, testhost.dll, TestPluginCache: Setting providers are ''.
TpTrace Verbose: 0 : 28188, 4, 2024/11/18, 21:16:57.672, 1367743609018, testhost.dll, TestPluginCache: Loggers are ''.
TpTrace Verbose: 0 : 28188, 4, 2024/11/18, 21:16:57.672, 1367743609190, testhost.dll, TestPluginCache: TestHosts are ''.
TpTrace Verbose: 0 : 28188, 4, 2024/11/18, 21:16:57.672, 1367743609746, testhost.dll, TestPluginCache: DataCollectors are ''.
TpTrace Verbose: 0 : 28188, 4, 2024/11/18, 21:16:57.673, 1367743620026, testhost.dll, TestExecutorService: Loaded the settings providers
TpTrace Information: 0 : 28188, 4, 2024/11/18, 21:16:57.673, 1367743620832, testhost.dll, TestExecutorService: Loaded the extensions
TpTrace Information: 0 : 28188, 4, 2024/11/18, 21:16:57.673, 1367743625386, testhost.dll, TestRequestHandler.OnMessageReceived: Running job 'TestExecution.StartWithSources'.
TpTrace Verbose: 0 : 28188, 4, 2024/11/18, 21:16:57.724, 1367744136068, testhost.dll, MulticastDelegateUtilities.SafeInvoke: TestCaseEventsHandler.RaiseSessionStart: Invoking callbacks was skipped because there are no subscribers.
TpTrace Information: 0 : 28188, 4, 2024/11/18, 21:16:57.727, 1367744158930, testhost.dll, TestDiscoveryManager: Discovering tests from sources C:\Users\lamij\Desktop\Fakultet\5. semestar\VVS\VVS-projekat1\KnjigaRecepataTest\bin\Debug\net8.0\Debug\net8.0\fine-code-coverage\build-output\KnjigaRecepataTest.dll
TpTrace Verbose: 0 : 28188, 4, 2024/11/18, 21:16:57.729, 1367744179639, testhost.dll, TestPluginCache.DiscoverTestExtensions: finding test extensions in assemblies ends with: TestAdapter.dll TPluginInfo: Microsoft.VisualStudio.TestPlatform.Common.ExtensionFramework.Utilities.TestDiscovererPluginInformation TExtension: Microsoft.VisualStudio.TestPlatform.ObjectModel.Adapter.ITestDiscoverer
TpTrace Verbose: 0 : 28188, 4, 2024/11/18, 21:16:57.729, 1367744181167, testhost.dll, TestPluginCache.GetExtensionPaths: Filtered extension paths: 
TpTrace Verbose: 0 : 28188, 4, 2024/11/18, 21:16:57.729, 1367744181792, testhost.dll, TestPluginCache.GetExtensionPaths: Added default extension paths: C:\Users\lamij\Desktop\Fakultet\5. semestar\VVS\VVS-projekat1\KnjigaRecepataTest\bin\Debug\net8.0\Debug\net8.0\fine-code-coverage\build-output\Microsoft.VisualStudio.TestPlatform.MSTest.TestAdapter.dll
TpTrace Verbose: 0 : 28188, 4, 2024/11/18, 21:16:57.729, 1367744182154, testhost.dll, TestPluginCache.GetExtensionPaths: Added unfilterableExtensionPaths: 
TpTrace Information: 0 : 28188, 4, 2024/11/18, 21:16:57.729, 1367744183852, testhost.dll, AssemblyResolver.AddSearchDirectories: Adding more searchDirectories C:\Users\lamij\Desktop\Fakultet\5. semestar\VVS\VVS-projekat1\KnjigaRecepataTest\bin\Debug\net8.0\Debug\net8.0\fine-code-coverage\build-output
TpTrace Verbose: 0 : 28188, 4, 2024/11/18, 21:16:57.729, 1367744184281, testhost.dll, TestPluginCache.DiscoverTestExtensions: Discovering the extensions using extension path.
TpTrace Verbose: 0 : 28188, 4, 2024/11/18, 21:16:57.729, 1367744184572, testhost.dll, TestPluginCache.GetExtensionPaths: Filtered extension paths: 
TpTrace Verbose: 0 : 28188, 4, 2024/11/18, 21:16:57.729, 1367744184811, testhost.dll, TestPluginCache.GetExtensionPaths: Added default extension paths: C:\Users\lamij\Desktop\Fakultet\5. semestar\VVS\VVS-projekat1\KnjigaRecepataTest\bin\Debug\net8.0\Debug\net8.0\fine-code-coverage\build-output\Microsoft.VisualStudio.TestPlatform.MSTest.TestAdapter.dll
TpTrace Verbose: 0 : 28188, 4, 2024/11/18, 21:16:57.729, 1367744185092, testhost.dll, TestPluginCache.GetExtensionPaths: Added unfilterableExtensionPaths: 
TpTrace Verbose: 0 : 28188, 4, 2024/11/18, 21:16:57.729, 1367744185458, testhost.dll, TestPluginCache.DiscoverTestExtensions: Discovering the extensions using allExtensionPaths: C:\Users\lamij\Desktop\Fakultet\5. semestar\VVS\VVS-projekat1\KnjigaRecepataTest\bin\Debug\net8.0\Debug\net8.0\fine-code-coverage\build-output\Microsoft.VisualStudio.TestPlatform.MSTest.TestAdapter.dll
TpTrace Information: 0 : 28188, 4, 2024/11/18, 21:16:57.729, 1367744185899, testhost.dll, AssemblyResolver.AddSearchDirectories: Adding more searchDirectories C:\Users\lamij\Desktop\Fakultet\5. semestar\VVS\VVS-projekat1\KnjigaRecepataTest\bin\Debug\net8.0\Debug\net8.0\fine-code-coverage\build-output
TpTrace Verbose: 0 : 28188, 4, 2024/11/18, 21:16:57.729, 1367744186662, testhost.dll, MetadataReaderExtensionsHelper: Discovering extensions inside assembly 'Microsoft.VisualStudio.TestPlatform.MSTest.TestAdapter, Version=14.0.0.0, Culture=neutral, PublicKeyToken=b03f5f7f11d50a3a' file path 'C:\Users\lamij\Desktop\Fakultet\5. semestar\VVS\VVS-projekat1\KnjigaRecepataTest\bin\Debug\net8.0\Debug\net8.0\fine-code-coverage\build-output\Microsoft.VisualStudio.TestPlatform.MSTest.TestAdapter.dll'
TpTrace Information: 0 : 28188, 4, 2024/11/18, 21:16:57.731, 1367744201900, testhost.dll, GetTestExtensionFromType: Register extension with identifier data 'Microsoft.VisualStudio.TestPlatform.MSTest.TestAdapter.MSTestDiscoverer, Microsoft.VisualStudio.TestPlatform.MSTest.TestAdapter, Version=14.0.0.0, Culture=neutral, PublicKeyToken=b03f5f7f11d50a3a' and type 'Microsoft.VisualStudio.TestPlatform.MSTest.TestAdapter.MSTestDiscoverer, Microsoft.VisualStudio.TestPlatform.MSTest.TestAdapter, Version=14.0.0.0, Culture=neutral, PublicKeyToken=b03f5f7f11d50a3a' inside file 'C:\Users\lamij\Desktop\Fakultet\5. semestar\VVS\VVS-projekat1\KnjigaRecepataTest\bin\Debug\net8.0\Debug\net8.0\fine-code-coverage\build-output\Microsoft.VisualStudio.TestPlatform.MSTest.TestAdapter.dll'
TpTrace Verbose: 0 : 28188, 4, 2024/11/18, 21:16:57.731, 1367744203706, testhost.dll, TestPluginCache: Discovered the extensions using extension path ''.
TpTrace Verbose: 0 : 28188, 4, 2024/11/18, 21:16:57.731, 1367744204441, testhost.dll, TestPluginCache: Discoverers are 'Microsoft.VisualStudio.TestPlatform.MSTest.TestAdapter.MSTestDiscoverer, Microsoft.VisualStudio.TestPlatform.MSTest.TestAdapter, Version=14.0.0.0, Culture=neutral, PublicKeyToken=b03f5f7f11d50a3a'.
TpTrace Verbose: 0 : 28188, 4, 2024/11/18, 21:16:57.731, 1367744205085, testhost.dll, TestPluginCache: Executors are 'executor://MSTestAdapter/v2'.
TpTrace Verbose: 0 : 28188, 4, 2024/11/18, 21:16:57.731, 1367744205397, testhost.dll, TestPluginCache: Executors2 are ''.
TpTrace Verbose: 0 : 28188, 4, 2024/11/18, 21:16:57.731, 1367744205649, testhost.dll, TestPluginCache: Setting providers are ''.
TpTrace Verbose: 0 : 28188, 4, 2024/11/18, 21:16:57.731, 1367744205886, testhost.dll, TestPluginCache: Loggers are ''.
TpTrace Verbose: 0 : 28188, 4, 2024/11/18, 21:16:57.731, 1367744206098, testhost.dll, TestPluginCache: TestHosts are ''.
TpTrace Verbose: 0 : 28188, 4, 2024/11/18, 21:16:57.731, 1367744206329, testhost.dll, TestPluginCache: DataCollectors are ''.
TpTrace Verbose: 0 : 28188, 4, 2024/11/18, 21:16:57.736, 1367744250846, testhost.dll, BaseRunTests.RunTestInternalWithExecutors: Running tests for executor://MSTestAdapter/v2
TpTrace Information: 0 : 28188, 4, 2024/11/18, 21:16:57.740, 1367744296688, testhost.dll, AssemblyResolver.OnResolve: Microsoft.VisualStudio.TestPlatform.MSTestAdapter.PlatformServices: Resolving assembly.
TpTrace Information: 0 : 28188, 4, 2024/11/18, 21:16:57.740, 1367744297771, testhost.dll, AssemblyResolver.OnResolve: Microsoft.VisualStudio.TestPlatform.MSTestAdapter.PlatformServices: Searching in: 'C:\Users\lamij\Desktop\Fakultet\5. semestar\VVS\VVS-projekat1\KnjigaRecepataTest\bin\Debug\net8.0\Debug\net8.0\fine-code-coverage\build-output'.
TpTrace Information: 0 : 28188, 4, 2024/11/18, 21:16:57.741, 1367744301692, testhost.dll, AssemblyResolver.OnResolve: Microsoft.VisualStudio.TestPlatform.MSTestAdapter.PlatformServices: Loading assembly 'C:\Users\lamij\Desktop\Fakultet\5. semestar\VVS\VVS-projekat1\KnjigaRecepataTest\bin\Debug\net8.0\Debug\net8.0\fine-code-coverage\build-output\Microsoft.VisualStudio.TestPlatform.MSTestAdapter.PlatformServices.dll'.
TpTrace Information: 0 : 28188, 4, 2024/11/18, 21:16:57.742, 1367744312345, testhost.dll, AssemblyResolver.OnResolve: Resolved assembly: Microsoft.VisualStudio.TestPlatform.MSTestAdapter.PlatformServices, from path: C:\Users\lamij\Desktop\Fakultet\5. semestar\VVS\VVS-projekat1\KnjigaRecepataTest\bin\Debug\net8.0\Debug\net8.0\fine-code-coverage\build-output\Microsoft.VisualStudio.TestPlatform.MSTestAdapter.PlatformServices.dll
TpTrace Information: 0 : 28188, 4, 2024/11/18, 21:16:57.744, 1367744331804, testhost.dll, MSTest - MSTestExecutor.RunTests: Running tests from sources.
TpTrace Information: 0 : 28188, 4, 2024/11/18, 21:16:57.746, 1367744349494, testhost.dll, MSTest - CollectSourceInformation value Found : False 
TpTrace Information: 0 : 28188, 4, 2024/11/18, 21:16:57.761, 1367744507092, testhost.dll, MSTest - DictionaryHelper.ConcatWithOverwrites: The source is null or empty, returning the overwrite dictionary.
TpTrace Information: 0 : 28188, 4, 2024/11/18, 21:16:57.765, 1367744542181, testhost.dll, MSTest - DictionaryHelper.ConcatWithOverwrites: The source is null or empty, returning the overwrite dictionary.
TpTrace Information: 0 : 28188, 4, 2024/11/18, 21:16:57.771, 1367744604188, testhost.dll, AssemblyResolver.OnResolve: Microsoft.TestPlatform.AdapterUtilities: Resolving assembly.
TpTrace Information: 0 : 28188, 4, 2024/11/18, 21:16:57.771, 1367744605416, testhost.dll, AssemblyResolver.OnResolve: Microsoft.TestPlatform.AdapterUtilities: Searching in: 'C:\Users\lamij\Desktop\Fakultet\5. semestar\VVS\VVS-projekat1\KnjigaRecepataTest\bin\Debug\net8.0\Debug\net8.0\fine-code-coverage\build-output'.
TpTrace Information: 0 : 28188, 4, 2024/11/18, 21:16:57.772, 1367744610054, testhost.dll, AssemblyResolver.OnResolve: Microsoft.TestPlatform.AdapterUtilities: Loading assembly 'C:\Users\lamij\Desktop\Fakultet\5. semestar\VVS\VVS-projekat1\KnjigaRecepataTest\bin\Debug\net8.0\Debug\net8.0\fine-code-coverage\build-output\Microsoft.TestPlatform.AdapterUtilities.dll'.
TpTrace Information: 0 : 28188, 4, 2024/11/18, 21:16:57.773, 1367744623452, testhost.dll, AssemblyResolver.OnResolve: Resolved assembly: Microsoft.TestPlatform.AdapterUtilities, from path: C:\Users\lamij\Desktop\Fakultet\5. semestar\VVS\VVS-projekat1\KnjigaRecepataTest\bin\Debug\net8.0\Debug\net8.0\fine-code-coverage\build-output\Microsoft.TestPlatform.AdapterUtilities.dll
TpTrace Information: 0 : 28188, 4, 2024/11/18, 21:16:57.842, 1367745310350, testhost.dll, MSTest - DynamicDataEnumerator: Exception occurred while enumerating IDataSource attribute on "KnjigaRecepataTest.OcjenaTest.DajProsjecnuOcjenu_SmisleniPodaci_SrednjaVr(System.Collections.Generic.List`1<Grupa4_Tim1_KnjigaRecepata.Models.Ocjena>,System.Double)": System.Runtime.Serialization.InvalidDataContractException: Type 'Grupa4_Tim1_KnjigaRecepata.Models.Ocjena' cannot be serialized. Consider marking it with the DataContractAttribute attribute, and marking all of its members you want serialized with the DataMemberAttribute attribute. Alternatively, you can ensure that the type is public and has a parameterless constructor - all public members of the type will then be serialized, and no attributes will be required.
   at System.Runtime.Serialization.DataContracts.DataContract.DataContractCriticalHelper.ThrowInvalidDataContractException(String message, Type type)
   at System.Runtime.Serialization.DataContracts.DataContract.DataContractCriticalHelper.CreateDataContract(Type type)
   at System.Runtime.Serialization.DataContracts.DataContract.DataContractCriticalHelper.CreateDataContract(Int32 id, RuntimeTypeHandle typeHandle, Type type)
   at System.Runtime.Serialization.DataContracts.DataContract.DataContractCriticalHelper.GetDataContractSkipValidation(Int32 id, RuntimeTypeHandle typeHandle, Type type)
   at System.Runtime.Serialization.Json.XmlObjectSerializerWriteContextComplexJson.GetDataContract(Int32 id, RuntimeTypeHandle typeHandle)
   at System.Runtime.Serialization.XmlObjectSerializerWriteContext.InternalSerialize(XmlWriterDelegator xmlWriter, Object obj, Boolean isDeclaredType, Boolean writeXsiType, Int32 declaredTypeID, RuntimeTypeHandle declaredTypeHandle)
   at WriteArrayOfOcjenaToJson(XmlWriterDelegator, Object, XmlObjectSerializerWriteContextComplexJson, CollectionDataContract)
   at System.Runtime.Serialization.Json.XmlObjectSerializerWriteContextComplexJson.WriteDataContractValue(DataContract dataContract, XmlWriterDelegator xmlWriter, Object obj, RuntimeTypeHandle declaredTypeHandle)
   at System.Runtime.Serialization.Json.DataContractJsonSerializer.InternalWriteObjectContent(XmlWriterDelegator writer, Object graph)
   at System.Runtime.Serialization.Json.DataContractJsonSerializer.InternalWriteObject(XmlWriterDelegator writer, Object graph)
   at System.Runtime.Serialization.XmlObjectSerializer.WriteObjectHandleExceptions(XmlWriterDelegator writer, Object graph, DataContractResolver dataContractResolver)
   at System.Runtime.Serialization.Json.DataContractJsonSerializer.WriteObject(Stream stream, Object graph)
   at Microsoft.VisualStudio.TestPlatform.MSTest.TestAdapter.Helpers.DataSerializationHelper.Serialize(Object[] data) in /_/src/Adapter/MSTest.TestAdapter/Helpers/DataSerializationHelper.cs:line 55
   at Microsoft.VisualStudio.TestPlatform.MSTest.TestAdapter.Discovery.AssemblyEnumerator.ProcessTestDataSourceTests(UnitTestElement test, MethodInfo methodInfo, ITestDataSource[] testDataSources, List`1 tests) in /_/src/Adapter/MSTest.TestAdapter/Discovery/AssemblyEnumerator.cs:line 405
   at Microsoft.VisualStudio.TestPlatform.MSTest.TestAdapter.Discovery.AssemblyEnumerator.TryProcessTestDataSourceTests(UnitTestElement test, TestMethodInfo testMethodInfo, List`1 tests) in /_/src/Adapter/MSTest.TestAdapter/Discovery/AssemblyEnumerator.cs:line 364
TpTrace Information: 0 : 28188, 4, 2024/11/18, 21:16:57.843, 1367745319682, testhost.dll, MSTest - DictionaryHelper.ConcatWithOverwrites: The source is null or empty, returning the overwrite dictionary.
TpTrace Information: 0 : 28188, 4, 2024/11/18, 21:16:57.854, 1367745433283, testhost.dll, MSTest - DynamicDataEnumerator: Exception occurred while enumerating IDataSource attribute on "KnjigaRecepataTest.SastojakTest.PrikaziSastojak_SmisleniPodaci_IspisSastojka(Grupa4_Tim1_KnjigaRecepata.Models.Sastojak,System.String)": System.Runtime.Serialization.InvalidDataContractException: Type 'Grupa4_Tim1_KnjigaRecepata.Models.Sastojak' cannot be serialized. Consider marking it with the DataContractAttribute attribute, and marking all of its members you want serialized with the DataMemberAttribute attribute. Alternatively, you can ensure that the type is public and has a parameterless constructor - all public members of the type will then be serialized, and no attributes will be required.
   at System.Runtime.Serialization.DataContracts.DataContract.DataContractCriticalHelper.ThrowInvalidDataContractException(String message, Type type)
   at System.Runtime.Serialization.DataContracts.DataContract.DataContractCriticalHelper.CreateDataContract(Type type)
   at System.Runtime.Serialization.DataContracts.DataContract.DataContractCriticalHelper.CreateDataContract(Int32 id, RuntimeTypeHandle typeHandle, Type type)
   at System.Runtime.Serialization.DataContracts.DataContract.DataContractCriticalHelper.GetDataContractSkipValidation(Int32 id, RuntimeTypeHandle typeHandle, Type type)
   at System.Runtime.Serialization.DataContracts.DataContract.GetDataContract(RuntimeTypeHandle typeHandle)
   at System.Runtime.Serialization.Json.DataContractJsonSerializer.get_RootContract()
   at System.Runtime.Serialization.Json.DataContractJsonSerializer.InternalWriteObjectContent(XmlWriterDelegator writer, Object graph)
   at System.Runtime.Serialization.Json.DataContractJsonSerializer.InternalWriteObject(XmlWriterDelegator writer, Object graph)
   at System.Runtime.Serialization.XmlObjectSerializer.WriteObjectHandleExceptions(XmlWriterDelegator writer, Object graph, DataContractResolver dataContractResolver)
   at System.Runtime.Serialization.Json.DataContractJsonSerializer.WriteObject(Stream stream, Object graph)
   at Microsoft.VisualStudio.TestPlatform.MSTest.TestAdapter.Helpers.DataSerializationHelper.Serialize(Object[] data) in /_/src/Adapter/MSTest.TestAdapter/Helpers/DataSerializationHelper.cs:line 55
   at Microsoft.VisualStudio.TestPlatform.MSTest.TestAdapter.Discovery.AssemblyEnumerator.ProcessTestDataSourceTests(UnitTestElement test, MethodInfo methodInfo, ITestDataSource[] testDataSources, List`1 tests) in /_/src/Adapter/MSTest.TestAdapter/Discovery/AssemblyEnumerator.cs:line 405
   at Microsoft.VisualStudio.TestPlatform.MSTest.TestAdapter.Discovery.AssemblyEnumerator.TryProcessTestDataSourceTests(UnitTestElement test, TestMethodInfo testMethodInfo, List`1 tests) in /_/src/Adapter/MSTest.TestAdapter/Discovery/AssemblyEnumerator.cs:line 364
TpTrace Information: 0 : 28188, 4, 2024/11/18, 21:16:57.854, 1367745437971, testhost.dll, MSTest - DictionaryHelper.ConcatWithOverwrites: The source is null or empty, returning the overwrite dictionary.
TpTrace Information: 0 : 28188, 4, 2024/11/18, 21:16:57.856, 1367745452584, testhost.dll, MSTest - DictionaryHelper.ConcatWithOverwrites: The source is null or empty, returning the overwrite dictionary.
TpTrace Information: 0 : 28188, 4, 2024/11/18, 21:16:57.856, 1367745457247, testhost.dll, MSTest - MSTestDiscoverer: Found 21 tests from source C:\Users\lamij\Desktop\Fakultet\5. semestar\VVS\VVS-projekat1\KnjigaRecepataTest\bin\Debug\net8.0\Debug\net8.0\fine-code-coverage\build-output\KnjigaRecepataTest.dll
TpTrace Information: 0 : 28188, 4, 2024/11/18, 21:16:57.898, 1367745877568, testhost.dll, MSTest - Created unit-test runner C:\Users\lamij\Desktop\Fakultet\5. semestar\VVS\VVS-projekat1\KnjigaRecepataTest\bin\Debug\net8.0\Debug\net8.0\fine-code-coverage\build-output\KnjigaRecepataTest.dll
TpTrace Verbose: 0 : 28188, 4, 2024/11/18, 21:16:57.908, 1367745974909, testhost.dll, TestExecutionRecorder.RecordStart: Starting test: KnjigaRecepataTest.OcjenaTest.DajProsjecnuOcjenu_SmisleniPodaci_SrednjaVr.
TpTrace Verbose: 0 : 28188, 4, 2024/11/18, 21:16:58.021, 1367747105421, testhost.dll, MulticastDelegateUtilities.SafeInvoke: TestCaseEventsHandler.RaiseTestCaseStart: Invoking callback 1/1 for Microsoft.VisualStudio.TestPlatform.CrossPlatEngine.DataCollection.ProxyOutOfProcDataCollectionManager., took 111 ms.
TpTrace Information: 0 : 28188, 4, 2024/11/18, 21:16:58.021, 1367747108645, testhost.dll, MSTest - Executing test DajProsjecnuOcjenu_SmisleniPodaci_SrednjaVr
TpTrace Information: 0 : 28188, 4, 2024/11/18, 21:16:58.050, 1367747398283, testhost.dll, MSTest - Executed test DajProsjecnuOcjenu_SmisleniPodaci_SrednjaVr
TpTrace Verbose: 0 : 28188, 4, 2024/11/18, 21:16:58.054, 1367747431402, testhost.dll, TestExecutionRecorder.RecordEnd: test: KnjigaRecepataTest.OcjenaTest.DajProsjecnuOcjenu_SmisleniPodaci_SrednjaVr execution completed.
TpTrace Verbose: 0 : 28188, 4, 2024/11/18, 21:16:58.070, 1367747594882, testhost.dll, MulticastDelegateUtilities.SafeInvoke: TestCaseEventsHandler.RaiseTestCaseEnd: Invoking callback 1/1 for Microsoft.VisualStudio.TestPlatform.CrossPlatEngine.DataCollection.ProxyOutOfProcDataCollectionManager., took 15 ms.
TpTrace Verbose: 0 : 28188, 4, 2024/11/18, 21:16:58.071, 1367747602508, testhost.dll, TestExecutionRecorder.RecordResult: Received result for test: KnjigaRecepataTest.OcjenaTest.DajProsjecnuOcjenu_SmisleniPodaci_SrednjaVr.
TpTrace Verbose: 0 : 28188, 4, 2024/11/18, 21:16:58.072, 1367747612871, testhost.dll, MulticastDelegateUtilities.SafeInvoke: TestCaseEventsHandler.RaiseTestCaseEnd: Invoking callback 1/1 for Microsoft.VisualStudio.TestPlatform.CrossPlatEngine.DataCollection.ProxyOutOfProcDataCollectionManager., took 0 ms.
TpTrace Warning: 0 : 28188, 4, 2024/11/18, 21:16:58.074, 1367747632573, testhost.dll, TestRunCache: InProgressTests is null
TpTrace Warning: 0 : 28188, 4, 2024/11/18, 21:16:58.074, 1367747633976, testhost.dll, TestRunCache: No test found corresponding to testResult 'DajProsjecnuOcjenu_SmisleniPodaci_SrednjaVr (System.Collections.Generic.List`1[Grupa4_Tim1_KnjigaRecepata.Models.Ocjena],3)' in inProgress list.
TpTrace Verbose: 0 : 28188, 4, 2024/11/18, 21:16:58.074, 1367747634793, testhost.dll, TestExecutionRecorder.RecordEnd: test: KnjigaRecepataTest.OcjenaTest.DajProsjecnuOcjenu_SmisleniPodaci_SrednjaVr execution completed.
TpTrace Warning: 0 : 28188, 4, 2024/11/18, 21:16:58.074, 1367747635107, testhost.dll, TestRunCache: InProgressTests is null
TpTrace Verbose: 0 : 28188, 4, 2024/11/18, 21:16:58.074, 1367747635391, testhost.dll, TestExecutionRecorder.RecordResult: Received result for test: KnjigaRecepataTest.OcjenaTest.DajProsjecnuOcjenu_SmisleniPodaci_SrednjaVr.
TpTrace Verbose: 0 : 28188, 4, 2024/11/18, 21:16:58.074, 1367747637641, testhost.dll, MulticastDelegateUtilities.SafeInvoke: TestCaseEventsHandler.RaiseTestCaseEnd: Invoking callback 1/1 for Microsoft.VisualStudio.TestPlatform.CrossPlatEngine.DataCollection.ProxyOutOfProcDataCollectionManager., took 0 ms.
TpTrace Warning: 0 : 28188, 4, 2024/11/18, 21:16:58.075, 1367747640224, testhost.dll, TestRunCache: InProgressTests is null
TpTrace Warning: 0 : 28188, 4, 2024/11/18, 21:16:58.075, 1367747640643, testhost.dll, TestRunCache: No test found corresponding to testResult 'DajProsjecnuOcjenu_SmisleniPodaci_SrednjaVr (System.Collections.Generic.List`1[Grupa4_Tim1_KnjigaRecepata.Models.Ocjena],3.25)' in inProgress list.
TpTrace Verbose: 0 : 28188, 4, 2024/11/18, 21:16:58.075, 1367747641123, testhost.dll, TestExecutionRecorder.RecordEnd: test: KnjigaRecepataTest.OcjenaTest.DajProsjecnuOcjenu_SmisleniPodaci_SrednjaVr execution completed.
TpTrace Warning: 0 : 28188, 4, 2024/11/18, 21:16:58.075, 1367747641360, testhost.dll, TestRunCache: InProgressTests is null
TpTrace Verbose: 0 : 28188, 4, 2024/11/18, 21:16:58.075, 1367747641586, testhost.dll, TestExecutionRecorder.RecordResult: Received result for test: KnjigaRecepataTest.OcjenaTest.DajProsjecnuOcjenu_SmisleniPodaci_SrednjaVr.
TpTrace Verbose: 0 : 28188, 4, 2024/11/18, 21:16:58.075, 1367747641848, testhost.dll, MulticastDelegateUtilities.SafeInvoke: TestCaseEventsHandler.RaiseTestCaseEnd: Invoking callback 1/1 for Microsoft.VisualStudio.TestPlatform.CrossPlatEngine.DataCollection.ProxyOutOfProcDataCollectionManager., took 0 ms.
TpTrace Warning: 0 : 28188, 4, 2024/11/18, 21:16:58.075, 1367747642077, testhost.dll, TestRunCache: InProgressTests is null
TpTrace Warning: 0 : 28188, 4, 2024/11/18, 21:16:58.075, 1367747642252, testhost.dll, TestRunCache: No test found corresponding to testResult 'DajProsjecnuOcjenu_SmisleniPodaci_SrednjaVr (System.Collections.Generic.List`1[Grupa4_Tim1_KnjigaRecepata.Models.Ocjena],3)' in inProgress list.
TpTrace Verbose: 0 : 28188, 4, 2024/11/18, 21:16:58.075, 1367747642831, testhost.dll, TestExecutionRecorder.RecordStart: Starting test: KnjigaRecepataTest.OcjenaTest.DajProsjecnuOcjenu_ManjaVrijednostOdDozvoljene_Izuzetak.
TpTrace Verbose: 0 : 28188, 4, 2024/11/18, 21:16:58.078, 1367747672307, testhost.dll, MulticastDelegateUtilities.SafeInvoke: TestCaseEventsHandler.RaiseTestCaseStart: Invoking callback 1/1 for Microsoft.VisualStudio.TestPlatform.CrossPlatEngine.DataCollection.ProxyOutOfProcDataCollectionManager., took 2 ms.
TpTrace Information: 0 : 28188, 4, 2024/11/18, 21:16:58.078, 1367747673033, testhost.dll, MSTest - Executing test DajProsjecnuOcjenu_ManjaVrijednostOdDozvoljene_Izuzetak
TpTrace Information: 0 : 28188, 4, 2024/11/18, 21:16:58.079, 1367747685245, testhost.dll, MSTest - Executed test DajProsjecnuOcjenu_ManjaVrijednostOdDozvoljene_Izuzetak
TpTrace Verbose: 0 : 28188, 4, 2024/11/18, 21:16:58.079, 1367747686292, testhost.dll, TestExecutionRecorder.RecordEnd: test: KnjigaRecepataTest.OcjenaTest.DajProsjecnuOcjenu_ManjaVrijednostOdDozvoljene_Izuzetak execution completed.
TpTrace Verbose: 0 : 28188, 4, 2024/11/18, 21:16:58.082, 1367747711627, testhost.dll, MulticastDelegateUtilities.SafeInvoke: TestCaseEventsHandler.RaiseTestCaseEnd: Invoking callback 1/1 for Microsoft.VisualStudio.TestPlatform.CrossPlatEngine.DataCollection.ProxyOutOfProcDataCollectionManager., took 2 ms.
TpTrace Verbose: 0 : 28188, 4, 2024/11/18, 21:16:58.082, 1367747712575, testhost.dll, TestExecutionRecorder.RecordResult: Received result for test: KnjigaRecepataTest.OcjenaTest.DajProsjecnuOcjenu_ManjaVrijednostOdDozvoljene_Izuzetak.
TpTrace Verbose: 0 : 28188, 4, 2024/11/18, 21:16:58.082, 1367747713266, testhost.dll, MulticastDelegateUtilities.SafeInvoke: TestCaseEventsHandler.RaiseTestCaseEnd: Invoking callback 1/1 for Microsoft.VisualStudio.TestPlatform.CrossPlatEngine.DataCollection.ProxyOutOfProcDataCollectionManager., took 0 ms.
TpTrace Warning: 0 : 28188, 4, 2024/11/18, 21:16:58.082, 1367747713670, testhost.dll, TestRunCache: InProgressTests is null
TpTrace Warning: 0 : 28188, 4, 2024/11/18, 21:16:58.082, 1367747714003, testhost.dll, TestRunCache: No test found corresponding to testResult 'DajProsjecnuOcjenu_ManjaVrijednostOdDozvoljene_Izuzetak' in inProgress list.
TpTrace Verbose: 0 : 28188, 4, 2024/11/18, 21:16:58.082, 1367747714709, testhost.dll, TestExecutionRecorder.RecordStart: Starting test: KnjigaRecepataTest.OcjenaTest.DajProsjecnuOcjenu_VecaVrijednostOdDozvoljene_Izuzetak.
TpTrace Verbose: 0 : 28188, 4, 2024/11/18, 21:16:58.084, 1367747738410, testhost.dll, MulticastDelegateUtilities.SafeInvoke: TestCaseEventsHandler.RaiseTestCaseStart: Invoking callback 1/1 for Microsoft.VisualStudio.TestPlatform.CrossPlatEngine.DataCollection.ProxyOutOfProcDataCollectionManager., took 2 ms.
TpTrace Information: 0 : 28188, 4, 2024/11/18, 21:16:58.085, 1367747739915, testhost.dll, MSTest - Executing test DajProsjecnuOcjenu_VecaVrijednostOdDozvoljene_Izuzetak
TpTrace Information: 0 : 28188, 4, 2024/11/18, 21:16:58.085, 1367747745800, testhost.dll, MSTest - Executed test DajProsjecnuOcjenu_VecaVrijednostOdDozvoljene_Izuzetak
TpTrace Verbose: 0 : 28188, 4, 2024/11/18, 21:16:58.085, 1367747746437, testhost.dll, TestExecutionRecorder.RecordEnd: test: KnjigaRecepataTest.OcjenaTest.DajProsjecnuOcjenu_VecaVrijednostOdDozvoljene_Izuzetak execution completed.
TpTrace Verbose: 0 : 28188, 4, 2024/11/18, 21:16:58.087, 1367747765717, testhost.dll, MulticastDelegateUtilities.SafeInvoke: TestCaseEventsHandler.RaiseTestCaseEnd: Invoking callback 1/1 for Microsoft.VisualStudio.TestPlatform.CrossPlatEngine.DataCollection.ProxyOutOfProcDataCollectionManager., took 1 ms.
TpTrace Verbose: 0 : 28188, 4, 2024/11/18, 21:16:58.087, 1367747766628, testhost.dll, TestExecutionRecorder.RecordResult: Received result for test: KnjigaRecepataTest.OcjenaTest.DajProsjecnuOcjenu_VecaVrijednostOdDozvoljene_Izuzetak.
TpTrace Verbose: 0 : 28188, 4, 2024/11/18, 21:16:58.087, 1367747767133, testhost.dll, MulticastDelegateUtilities.SafeInvoke: TestCaseEventsHandler.RaiseTestCaseEnd: Invoking callback 1/1 for Microsoft.VisualStudio.TestPlatform.CrossPlatEngine.DataCollection.ProxyOutOfProcDataCollectionManager., took 0 ms.
TpTrace Warning: 0 : 28188, 4, 2024/11/18, 21:16:58.087, 1367747767577, testhost.dll, TestRunCache: InProgressTests is null
TpTrace Warning: 0 : 28188, 4, 2024/11/18, 21:16:58.087, 1367747767925, testhost.dll, TestRunCache: No test found corresponding to testResult 'DajProsjecnuOcjenu_VecaVrijednostOdDozvoljene_Izuzetak' in inProgress list.
TpTrace Verbose: 0 : 28188, 4, 2024/11/18, 21:16:58.088, 1367747768828, testhost.dll, TestExecutionRecorder.RecordStart: Starting test: KnjigaRecepataTest.OcjenaTest.DajProsjecnuOcjenu_Null_Izuzetak.
TpTrace Verbose: 0 : 28188, 4, 2024/11/18, 21:16:58.089, 1367747783655, testhost.dll, MulticastDelegateUtilities.SafeInvoke: TestCaseEventsHandler.RaiseTestCaseStart: Invoking callback 1/1 for Microsoft.VisualStudio.TestPlatform.CrossPlatEngine.DataCollection.ProxyOutOfProcDataCollectionManager., took 1 ms.
TpTrace Information: 0 : 28188, 4, 2024/11/18, 21:16:58.089, 1367747784430, testhost.dll, MSTest - Executing test DajProsjecnuOcjenu_Null_Izuzetak
TpTrace Information: 0 : 28188, 4, 2024/11/18, 21:16:58.090, 1367747789520, testhost.dll, MSTest - Executed test DajProsjecnuOcjenu_Null_Izuzetak
TpTrace Verbose: 0 : 28188, 4, 2024/11/18, 21:16:58.090, 1367747790368, testhost.dll, TestExecutionRecorder.RecordEnd: test: KnjigaRecepataTest.OcjenaTest.DajProsjecnuOcjenu_Null_Izuzetak execution completed.
TpTrace Verbose: 0 : 28188, 4, 2024/11/18, 21:16:58.092, 1367747810801, testhost.dll, MulticastDelegateUtilities.SafeInvoke: TestCaseEventsHandler.RaiseTestCaseEnd: Invoking callback 1/1 for Microsoft.VisualStudio.TestPlatform.CrossPlatEngine.DataCollection.ProxyOutOfProcDataCollectionManager., took 1 ms.
TpTrace Verbose: 0 : 28188, 4, 2024/11/18, 21:16:58.092, 1367747811818, testhost.dll, TestExecutionRecorder.RecordResult: Received result for test: KnjigaRecepataTest.OcjenaTest.DajProsjecnuOcjenu_Null_Izuzetak.
TpTrace Verbose: 0 : 28188, 4, 2024/11/18, 21:16:58.092, 1367747812430, testhost.dll, MulticastDelegateUtilities.SafeInvoke: TestCaseEventsHandler.RaiseTestCaseEnd: Invoking callback 1/1 for Microsoft.VisualStudio.TestPlatform.CrossPlatEngine.DataCollection.ProxyOutOfProcDataCollectionManager., took 0 ms.
TpTrace Warning: 0 : 28188, 4, 2024/11/18, 21:16:58.092, 1367747812848, testhost.dll, TestRunCache: InProgressTests is null
TpTrace Warning: 0 : 28188, 4, 2024/11/18, 21:16:58.092, 1367747813177, testhost.dll, TestRunCache: No test found corresponding to testResult 'DajProsjecnuOcjenu_Null_Izuzetak' in inProgress list.
TpTrace Verbose: 0 : 28188, 4, 2024/11/18, 21:16:58.092, 1367747813892, testhost.dll, TestExecutionRecorder.RecordStart: Starting test: KnjigaRecepataTest.OcjenaTest.DodajOcjenu_DodavanjeUPostojeciRecept_UspjesnoDodavanje.
TpTrace Verbose: 0 : 28188, 4, 2024/11/18, 21:16:58.093, 1367747827460, testhost.dll, MulticastDelegateUtilities.SafeInvoke: TestCaseEventsHandler.RaiseTestCaseStart: Invoking callback 1/1 for Microsoft.VisualStudio.TestPlatform.CrossPlatEngine.DataCollection.ProxyOutOfProcDataCollectionManager., took 1 ms.
TpTrace Information: 0 : 28188, 4, 2024/11/18, 21:16:58.093, 1367747828391, testhost.dll, MSTest - Executing test DodajOcjenu_DodavanjeUPostojeciRecept_UspjesnoDodavanje
TpTrace Information: 0 : 28188, 4, 2024/11/18, 21:16:58.096, 1367747855301, testhost.dll, MSTest - Executed test DodajOcjenu_DodavanjeUPostojeciRecept_UspjesnoDodavanje
TpTrace Verbose: 0 : 28188, 4, 2024/11/18, 21:16:58.096, 1367747856269, testhost.dll, TestExecutionRecorder.RecordEnd: test: KnjigaRecepataTest.OcjenaTest.DodajOcjenu_DodavanjeUPostojeciRecept_UspjesnoDodavanje execution completed.
TpTrace Verbose: 0 : 28188, 4, 2024/11/18, 21:16:58.098, 1367747874839, testhost.dll, MulticastDelegateUtilities.SafeInvoke: TestCaseEventsHandler.RaiseTestCaseEnd: Invoking callback 1/1 for Microsoft.VisualStudio.TestPlatform.CrossPlatEngine.DataCollection.ProxyOutOfProcDataCollectionManager., took 1 ms.
TpTrace Verbose: 0 : 28188, 4, 2024/11/18, 21:16:58.098, 1367747875530, testhost.dll, TestExecutionRecorder.RecordResult: Received result for test: KnjigaRecepataTest.OcjenaTest.DodajOcjenu_DodavanjeUPostojeciRecept_UspjesnoDodavanje.
TpTrace Verbose: 0 : 28188, 4, 2024/11/18, 21:16:58.098, 1367747875952, testhost.dll, MulticastDelegateUtilities.SafeInvoke: TestCaseEventsHandler.RaiseTestCaseEnd: Invoking callback 1/1 for Microsoft.VisualStudio.TestPlatform.CrossPlatEngine.DataCollection.ProxyOutOfProcDataCollectionManager., took 0 ms.
TpTrace Warning: 0 : 28188, 4, 2024/11/18, 21:16:58.098, 1367747876286, testhost.dll, TestRunCache: InProgressTests is null
TpTrace Warning: 0 : 28188, 4, 2024/11/18, 21:16:58.098, 1367747876559, testhost.dll, TestRunCache: No test found corresponding to testResult 'DodajOcjenu_DodavanjeUPostojeciRecept_UspjesnoDodavanje' in inProgress list.
TpTrace Verbose: 0 : 28188, 4, 2024/11/18, 21:16:58.098, 1367747877180, testhost.dll, TestExecutionRecorder.RecordStart: Starting test: KnjigaRecepataTest.SastojakTest.DajBrojKalorijaPoJedinici_SmisleniPodaci_BrojKalorija.
TpTrace Verbose: 0 : 28188, 4, 2024/11/18, 21:16:58.101, 1367747902681, testhost.dll, MulticastDelegateUtilities.SafeInvoke: TestCaseEventsHandler.RaiseTestCaseStart: Invoking callback 1/1 for Microsoft.VisualStudio.TestPlatform.CrossPlatEngine.DataCollection.ProxyOutOfProcDataCollectionManager., took 2 ms.
TpTrace Information: 0 : 28188, 4, 2024/11/18, 21:16:58.101, 1367747903902, testhost.dll, MSTest - Executing test DajBrojKalorijaPoJedinici_SmisleniPodaci_BrojKalorija
TpTrace Information: 0 : 28188, 4, 2024/11/18, 21:16:58.108, 1367747970859, testhost.dll, MSTest - Executed test DajBrojKalorijaPoJedinici_SmisleniPodaci_BrojKalorija
TpTrace Verbose: 0 : 28188, 4, 2024/11/18, 21:16:58.108, 1367747972113, testhost.dll, TestExecutionRecorder.RecordEnd: test: KnjigaRecepataTest.SastojakTest.DajBrojKalorijaPoJedinici_SmisleniPodaci_BrojKalorija execution completed.
TpTrace Verbose: 0 : 28188, 4, 2024/11/18, 21:16:58.110, 1367747991323, testhost.dll, MulticastDelegateUtilities.SafeInvoke: TestCaseEventsHandler.RaiseTestCaseEnd: Invoking callback 1/1 for Microsoft.VisualStudio.TestPlatform.CrossPlatEngine.DataCollection.ProxyOutOfProcDataCollectionManager., took 1 ms.
TpTrace Verbose: 0 : 28188, 4, 2024/11/18, 21:16:58.110, 1367747991969, testhost.dll, TestExecutionRecorder.RecordResult: Received result for test: KnjigaRecepataTest.SastojakTest.DajBrojKalorijaPoJedinici_SmisleniPodaci_BrojKalorija.
TpTrace Verbose: 0 : 28188, 4, 2024/11/18, 21:16:58.110, 1367747992359, testhost.dll, MulticastDelegateUtilities.SafeInvoke: TestCaseEventsHandler.RaiseTestCaseEnd: Invoking callback 1/1 for Microsoft.VisualStudio.TestPlatform.CrossPlatEngine.DataCollection.ProxyOutOfProcDataCollectionManager., took 0 ms.
TpTrace Warning: 0 : 28188, 4, 2024/11/18, 21:16:58.110, 1367747992655, testhost.dll, TestRunCache: InProgressTests is null
TpTrace Warning: 0 : 28188, 4, 2024/11/18, 21:16:58.110, 1367747992860, testhost.dll, TestRunCache: No test found corresponding to testResult 'DajBrojKalorijaPoJedinici_SmisleniPodaci_BrojKalorija (28,0.3,2.7,0.4,126.3)' in inProgress list.
TpTrace Verbose: 0 : 28188, 4, 2024/11/18, 21:16:58.110, 1367747993938, testhost.dll, TestExecutionRecorder.RecordStart: Starting test: KnjigaRecepataTest.SastojakTest.DajBrojKalorijaPoJedinici_SmisleniPodaci_BrojKalorija.
TpTrace Verbose: 0 : 28188, 4, 2024/11/18, 21:16:58.112, 1367748017574, testhost.dll, MulticastDelegateUtilities.SafeInvoke: TestCaseEventsHandler.RaiseTestCaseStart: Invoking callback 1/1 for Microsoft.VisualStudio.TestPlatform.CrossPlatEngine.DataCollection.ProxyOutOfProcDataCollectionManager., took 2 ms.
TpTrace Information: 0 : 28188, 4, 2024/11/18, 21:16:58.112, 1367748018522, testhost.dll, MSTest - Executing test DajBrojKalorijaPoJedinici_SmisleniPodaci_BrojKalorija
TpTrace Information: 0 : 28188, 4, 2024/11/18, 21:16:58.113, 1367748027457, testhost.dll, MSTest - Executed test DajBrojKalorijaPoJedinici_SmisleniPodaci_BrojKalorija
TpTrace Verbose: 0 : 28188, 4, 2024/11/18, 21:16:58.113, 1367748028428, testhost.dll, TestExecutionRecorder.RecordEnd: test: KnjigaRecepataTest.SastojakTest.DajBrojKalorijaPoJedinici_SmisleniPodaci_BrojKalorija execution completed.
TpTrace Verbose: 0 : 28188, 4, 2024/11/18, 21:16:58.115, 1367748048094, testhost.dll, MulticastDelegateUtilities.SafeInvoke: TestCaseEventsHandler.RaiseTestCaseEnd: Invoking callback 1/1 for Microsoft.VisualStudio.TestPlatform.CrossPlatEngine.DataCollection.ProxyOutOfProcDataCollectionManager., took 1 ms.
TpTrace Verbose: 0 : 28188, 4, 2024/11/18, 21:16:58.116, 1367748048796, testhost.dll, TestExecutionRecorder.RecordResult: Received result for test: KnjigaRecepataTest.SastojakTest.DajBrojKalorijaPoJedinici_SmisleniPodaci_BrojKalorija.
TpTrace Verbose: 0 : 28188, 4, 2024/11/18, 21:16:58.116, 1367748049270, testhost.dll, MulticastDelegateUtilities.SafeInvoke: TestCaseEventsHandler.RaiseTestCaseEnd: Invoking callback 1/1 for Microsoft.VisualStudio.TestPlatform.CrossPlatEngine.DataCollection.ProxyOutOfProcDataCollectionManager., took 0 ms.
TpTrace Warning: 0 : 28188, 4, 2024/11/18, 21:16:58.116, 1367748049643, testhost.dll, TestRunCache: InProgressTests is null
TpTrace Warning: 0 : 28188, 4, 2024/11/18, 21:16:58.116, 1367748049946, testhost.dll, TestRunCache: No test found corresponding to testResult 'DajBrojKalorijaPoJedinici_SmisleniPodaci_BrojKalorija (0.6,10,13,0,144.4)' in inProgress list.
TpTrace Verbose: 0 : 28188, 4, 2024/11/18, 21:16:58.116, 1367748050808, testhost.dll, TestExecutionRecorder.RecordStart: Starting test: KnjigaRecepataTest.SastojakTest.DajBrojKalorijaPoJedinici_SmisleniPodaci_BrojKalorija.
TpTrace Information: 0 : 28188, 4, 2024/11/18, 21:16:58.118, 1367748074596, testhost.dll, Sending test run statistics
TpTrace Verbose: 0 : 28188, 4, 2024/11/18, 21:16:58.150, 1367748393172, testhost.dll, TestRequestHandler.SendData: sending data from testhost: {"Version":7,"MessageType":"TestExecution.StatsChange","Payload":{"NewTestResults":[{"TestCase":{"Id":"220eb9b7-63be-a391-11f2-c60634774444","FullyQualifiedName":"KnjigaRecepataTest.OcjenaTest.DajProsjecnuOcjenu_SmisleniPodaci_SrednjaVr","DisplayName":"DajProsjecnuOcjenu_SmisleniPodaci_SrednjaVr","ExecutorUri":"executor://MSTestAdapter/v2","Source":"C:\\Users\\lamij\\Desktop\\Fakultet\\5. semestar\\VVS\\VVS-projekat1\\KnjigaRecepataTest\\bin\\Debug\\net8.0\\Debug\\net8.0\\fine-code-coverage\\build-output\\KnjigaRecepataTest.dll","CodeFilePath":null,"LineNumber":-1,"Properties":[{"Key":{"Id":"MSTestDiscoverer.TestClassName","Label":"ClassName","Category":"","Description":"","Attributes":1,"ValueType":"System.String"},"Value":"KnjigaRecepataTest.OcjenaTest"},{"Key":{"Id":"TestObject.Traits","Label":"Traits","Category":"","Description":"","Attributes":5,"ValueType":"System.Collections.Generic.KeyValuePair`2[[System.String],[System.String]][]"},"Value":[]},{"Key":{"Id":"TestCase.ManagedType","Label":"ManagedType","Category":"","Description":"","Attributes":1,"ValueType":"System.String"},"Value":"KnjigaRecepataTest.OcjenaTest"},{"Key":{"Id":"TestCase.ManagedMethod","Label":"ManagedMethod","Category":"","Description":"","Attributes":1,"ValueType":"System.String"},"Value":"DajProsjecnuOcjenu_SmisleniPodaci_SrednjaVr(System.Collections.Generic.List`1<Grupa4_Tim1_KnjigaRecepata.Models.Ocjena>,System.Double)"},{"Key":{"Id":"MSTest.TestIdGenerationStrategy","Label":"TestIdGenerationStrategy","Category":"","Description":"","Attributes":1,"ValueType":"System.Int32"},"Value":2},{"Key":{"Id":"TestCase.Hierarchy","Label":"Hierarchy","Category":"","Description":"","Attributes":2,"ValueType":"System.String[]"},"Value":[null,"KnjigaRecepataTest","OcjenaTest","DajProsjecnuOcjenu_SmisleniPodaci_SrednjaVr(System.Collections.Generic.List`1<Grupa4_Tim1_KnjigaRecepata.Models.Ocjena>,System.Double)"]}]},"Attachments":[],"Outcome":1,"ErrorMessage":null,"ErrorStackTrace":null,"DisplayName":"DajProsjecnuOcjenu_SmisleniPodaci_SrednjaVr (System.Collections.Generic.List`1[Grupa4_Tim1_KnjigaRecepata.Models.Ocjena],3)","Messages":[],"ComputerName":"LAPTOP-0JP6SGKO","Duration":"00:00:00.0064682","StartTime":"2024-11-18T21:16:58.0218629+01:00","EndTime":"2024-11-18T21:16:58.0510819+01:00","Properties":[{"Key":{"Id":"ParentExecId","Label":"ParentExecId","Category":"","Description":"","Attributes":1,"ValueType":"System.Guid"},"Value":"397cd7eb-5e24-44b6-ae6d-7260515e7717"},{"Key":{"Id":"ExecutionId","Label":"ExecutionId","Category":"","Description":"","Attributes":1,"ValueType":"System.Guid"},"Value":"7be14296-66ba-4600-b502-6e255a3d5472"},{"Key":{"Id":"InnerResultsCount","Label":"InnerResultsCount","Category":"","Description":"","Attributes":1,"ValueType":"System.Int32"},"Value":0}]},{"TestCase":{"Id":"220eb9b7-63be-a391-11f2-c60634774444","FullyQualifiedName":"KnjigaRecepataTest.OcjenaTest.DajProsjecnuOcjenu_SmisleniPodaci_SrednjaVr","DisplayName":"DajProsjecnuOcjenu_SmisleniPodaci_SrednjaVr","ExecutorUri":"executor://MSTestAdapter/v2","Source":"C:\\Users\\lamij\\Desktop\\Fakultet\\5. semestar\\VVS\\VVS-projekat1\\KnjigaRecepataTest\\bin\\Debug\\net8.0\\Debug\\net8.0\\fine-code-coverage\\build-output\\KnjigaRecepataTest.dll","CodeFilePath":null,"LineNumber":-1,"Properties":[{"Key":{"Id":"MSTestDiscoverer.TestClassName","Label":"ClassName","Category":"","Description":"","Attributes":1,"ValueType":"System.String"},"Value":"KnjigaRecepataTest.OcjenaTest"},{"Key":{"Id":"TestObject.Traits","Label":"Traits","Category":"","Description":"","Attributes":5,"ValueType":"System.Collections.Generic.KeyValuePair`2[[System.String],[System.String]][]"},"Value":[]},{"Key":{"Id":"TestCase.ManagedType","Label":"ManagedType","Category":"","Description":"","Attributes":1,"ValueType":"System.String"},"Value":"KnjigaRecepataTest.OcjenaTest"},{"Key":{"Id":"TestCase.ManagedMethod","Label":"ManagedMethod","Category":"","Description":"","Attributes":1,"ValueType":"System.String"},"Value":"DajProsjecnuOcjenu_SmisleniPodaci_SrednjaVr(System.Collections.Generic.List`1<Grupa4_Tim1_KnjigaRecepata.Models.Ocjena>,System.Double)"},{"Key":{"Id":"MSTest.TestIdGenerationStrategy","Label":"TestIdGenerationStrategy","Category":"","Description":"","Attributes":1,"ValueType":"System.Int32"},"Value":2},{"Key":{"Id":"TestCase.Hierarchy","Label":"Hierarchy","Category":"","Description":"","Attributes":2,"ValueType":"System.String[]"},"Value":[null,"KnjigaRecepataTest","OcjenaTest","DajProsjecnuOcjenu_SmisleniPodaci_SrednjaVr(System.Collections.Generic.List`1<Grupa4_Tim1_KnjigaRecepata.Models.Ocjena>,System.Double)"]}]},"Attachments":[],"Outcome":1,"ErrorMessage":null,"ErrorStackTrace":null,"DisplayName":"DajProsjecnuOcjenu_SmisleniPodaci_SrednjaVr (System.Collections.Generic.List`1[Grupa4_Tim1_KnjigaRecepata.Models.Ocjena],3.25)","Messages":[],"ComputerName":"LAPTOP-0JP6SGKO","Duration":"00:00:00.0006291","StartTime":"2024-11-18T21:16:58.0218629+01:00","EndTime":"2024-11-18T21:16:58.0510819+01:00","Properties":[{"Key":{"Id":"ParentExecId","Label":"ParentExecId","Category":"","Description":"","Attributes":1,"ValueType":"System.Guid"},"Value":"6c24a9db-ac95-49fb-a975-3b3aa10449b7"},{"Key":{"Id":"ExecutionId","Label":"ExecutionId","Category":"","Description":"","Attributes":1,"ValueType":"System.Guid"},"Value":"dc6743ce-7b2d-4dc5-a13b-620904023da8"},{"Key":{"Id":"InnerResultsCount","Label":"InnerResultsCount","Category":"","Description":"","Attributes":1,"ValueType":"System.Int32"},"Value":0}]},{"TestCase":{"Id":"220eb9b7-63be-a391-11f2-c60634774444","FullyQualifiedName":"KnjigaRecepataTest.OcjenaTest.DajProsjecnuOcjenu_SmisleniPodaci_SrednjaVr","DisplayName":"DajProsjecnuOcjenu_SmisleniPodaci_SrednjaVr","ExecutorUri":"executor://MSTestAdapter/v2","Source":"C:\\Users\\lamij\\Desktop\\Fakultet\\5. semestar\\VVS\\VVS-projekat1\\KnjigaRecepataTest\\bin\\Debug\\net8.0\\Debug\\net8.0\\fine-code-coverage\\build-output\\KnjigaRecepataTest.dll","CodeFilePath":null,"LineNumber":-1,"Properties":[{"Key":{"Id":"MSTestDiscoverer.TestClassName","Label":"ClassName","Category":"","Description":"","Attributes":1,"ValueType":"System.String"},"Value":"KnjigaRecepataTest.OcjenaTest"},{"Key":{"Id":"TestObject.Traits","Label":"Traits","Category":"","Description":"","Attributes":5,"ValueType":"System.Collections.Generic.KeyValuePair`2[[System.String],[System.String]][]"},"Value":[]},{"Key":{"Id":"TestCase.ManagedType","Label":"ManagedType","Category":"","Description":"","Attributes":1,"ValueType":"System.String"},"Value":"KnjigaRecepataTest.OcjenaTest"},{"Key":{"Id":"TestCase.ManagedMethod","Label":"ManagedMethod","Category":"","Description":"","Attributes":1,"ValueType":"System.String"},"Value":"DajProsjecnuOcjenu_SmisleniPodaci_SrednjaVr(System.Collections.Generic.List`1<Grupa4_Tim1_KnjigaRecepata.Models.Ocjena>,System.Double)"},{"Key":{"Id":"MSTest.TestIdGenerationStrategy","Label":"TestIdGenerationStrategy","Category":"","Description":"","Attributes":1,"ValueType":"System.Int32"},"Value":2},{"Key":{"Id":"TestCase.Hierarchy","Label":"Hierarchy","Category":"","Description":"","Attributes":2,"ValueType":"System.String[]"},"Value":[null,"KnjigaRecepataTest","OcjenaTest","DajProsjecnuOcjenu_SmisleniPodaci_SrednjaVr(System.Collections.Generic.List`1<Grupa4_Tim1_KnjigaRecepata.Models.Ocjena>,System.Double)"]}]},"Attachments":[],"Outcome":1,"ErrorMessage":null,"ErrorStackTrace":null,"DisplayName":"DajProsjecnuOcjenu_SmisleniPodaci_SrednjaVr (System.Collections.Generic.List`1[Grupa4_Tim1_KnjigaRecepata.Models.Ocjena],3)","Messages":[],"ComputerName":"LAPTOP-0JP6SGKO","Duration":"00:00:00.0000256","StartTime":"2024-11-18T21:16:58.0218629+01:00","EndTime":"2024-11-18T21:16:58.0510819+01:00","Properties":[{"Key":{"Id":"ParentExecId","Label":"ParentExecId","Category":"","Description":"","Attributes":1,"ValueType":"System.Guid"},"Value":"0e010cfa-023e-4cd0-b957-45c35f7bca9e"},{"Key":{"Id":"ExecutionId","Label":"ExecutionId","Category":"","Description":"","Attributes":1,"ValueType":"System.Guid"},"Value":"99945a72-5d28-4327-8a32-0a201b39f836"},{"Key":{"Id":"InnerResultsCount","Label":"InnerResultsCount","Category":"","Description":"","Attributes":1,"ValueType":"System.Int32"},"Value":0}]},{"TestCase":{"Id":"c755ea72-020a-d6c4-6fad-2b21638b1df5","FullyQualifiedName":"KnjigaRecepataTest.OcjenaTest.DajProsjecnuOcjenu_ManjaVrijednostOdDozvoljene_Izuzetak","DisplayName":"DajProsjecnuOcjenu_ManjaVrijednostOdDozvoljene_Izuzetak","ExecutorUri":"executor://MSTestAdapter/v2","Source":"C:\\Users\\lamij\\Desktop\\Fakultet\\5. semestar\\VVS\\VVS-projekat1\\KnjigaRecepataTest\\bin\\Debug\\net8.0\\Debug\\net8.0\\fine-code-coverage\\build-output\\KnjigaRecepataTest.dll","CodeFilePath":null,"LineNumber":-1,"Properties":[{"Key":{"Id":"MSTestDiscoverer.TestClassName","Label":"ClassName","Category":"","Description":"","Attributes":1,"ValueType":"System.String"},"Value":"KnjigaRecepataTest.OcjenaTest"},{"Key":{"Id":"TestObject.Traits","Label":"Traits","Category":"","Description":"","Attributes":5,"ValueType":"System.Collections.Generic.KeyValuePair`2[[System.String],[System.String]][]"},"Value":[]},{"Key":{"Id":"TestCase.ManagedType","Label":"ManagedType","Category":"","Description":"","Attributes":1,"ValueType":"System.String"},"Value":"KnjigaRecepataTest.OcjenaTest"},{"Key":{"Id":"TestCase.ManagedMethod","Label":"ManagedMethod","Category":"","Description":"","Attributes":1,"ValueType":"System.String"},"Value":"DajProsjecnuOcjenu_ManjaVrijednostOdDozvoljene_Izuzetak"},{"Key":{"Id":"MSTest.TestIdGenerationStrategy","Label":"TestIdGenerationStrategy","Category":"","Description":"","Attributes":1,"ValueType":"System.Int32"},"Value":2},{"Key":{"Id":"TestCase.Hierarchy","Label":"Hierarchy","Category":"","Description":"","Attributes":2,"ValueType":"System.String[]"},"Value":[null,"KnjigaRecepataTest","OcjenaTest","DajProsjecnuOcjenu_ManjaVrijednostOdDozvoljene_Izuzetak"]}]},"Attachments":[],"Outcome":1,"ErrorMessage":null,"ErrorStackTrace":null,"DisplayName":"DajProsjecnuOcjenu_ManjaVrijednostOdDozvoljene_Izuzetak","Messages":[],"ComputerName":"LAPTOP-0JP6SGKO","Duration":"00:00:00.0008783","StartTime":"2024-11-18T21:16:58.0784221+01:00","EndTime":"2024-11-18T21:16:58.079719+01:00","Properties":[{"Key":{"Id":"ParentExecId","Label":"ParentExecId","Category":"","Description":"","Attributes":1,"ValueType":"System.Guid"},"Value":"00000000-0000-0000-0000-000000000000"},{"Key":{"Id":"ExecutionId","Label":"ExecutionId","Category":"","Description":"","Attributes":1,"ValueType":"System.Guid"},"Value":"00000000-0000-0000-0000-000000000000"},{"Key":{"Id":"InnerResultsCount","Label":"InnerResultsCount","Category":"","Description":"","Attributes":1,"ValueType":"System.Int32"},"Value":0}]},{"TestCase":{"Id":"c4b0b4e6-9435-e103-f63b-a7d1b9650b4f","FullyQualifiedName":"KnjigaRecepataTest.OcjenaTest.DajProsjecnuOcjenu_VecaVrijednostOdDozvoljene_Izuzetak","DisplayName":"DajProsjecnuOcjenu_VecaVrijednostOdDozvoljene_Izuzetak","ExecutorUri":"executor://MSTestAdapter/v2","Source":"C:\\Users\\lamij\\Desktop\\Fakultet\\5. semestar\\VVS\\VVS-projekat1\\KnjigaRecepataTest\\bin\\Debug\\net8.0\\Debug\\net8.0\\fine-code-coverage\\build-output\\KnjigaRecepataTest.dll","CodeFilePath":null,"LineNumber":-1,"Properties":[{"Key":{"Id":"MSTestDiscoverer.TestClassName","Label":"ClassName","Category":"","Description":"","Attributes":1,"ValueType":"System.String"},"Value":"KnjigaRecepataTest.OcjenaTest"},{"Key":{"Id":"TestObject.Traits","Label":"Traits","Category":"","Description":"","Attributes":5,"ValueType":"System.Collections.Generic.KeyValuePair`2[[System.String],[System.String]][]"},"Value":[]},{"Key":{"Id":"TestCase.ManagedType","Label":"ManagedType","Category":"","Description":"","Attributes":1,"ValueType":"System.String"},"Value":"KnjigaRecepataTest.OcjenaTest"},{"Key":{"Id":"TestCase.ManagedMethod","Label":"ManagedMethod","Category":"","Description":"","Attributes":1,"ValueType":"System.String"},"Value":"DajProsjecnuOcjenu_VecaVrijednostOdDozvoljene_Izuzetak"},{"Key":{"Id":"MSTest.TestIdGenerationStrategy","Label":"TestIdGenerationStrategy","Category":"","Description":"","Attributes":1,"ValueType":"System.Int32"},"Value":2},{"Key":{"Id":"TestCase.Hierarchy","Label":"Hierarchy","Category":"","Description":"","Attributes":2,"ValueType":"System.String[]"},"Value":[null,"KnjigaRecepataTest","OcjenaTest","DajProsjecnuOcjenu_VecaVrijednostOdDozvoljene_Izuzetak"]}]},"Attachments":[],"Outcome":1,"ErrorMessage":null,"ErrorStackTrace":null,"DisplayName":"DajProsjecnuOcjenu_VecaVrijednostOdDozvoljene_Izuzetak","Messages":[],"ComputerName":"LAPTOP-0JP6SGKO","Duration":"00:00:00.0003037","StartTime":"2024-11-18T21:16:58.0851055+01:00","EndTime":"2024-11-18T21:16:58.0857491+01:00","Properties":[{"Key":{"Id":"ParentExecId","Label":"ParentExecId","Category":"","Description":"","Attributes":1,"ValueType":"System.Guid"},"Value":"00000000-0000-0000-0000-000000000000"},{"Key":{"Id":"ExecutionId","Label":"ExecutionId","Category":"","Description":"","Attributes":1,"ValueType":"System.Guid"},"Value":"00000000-0000-0000-0000-000000000000"},{"Key":{"Id":"InnerResultsCount","Label":"InnerResultsCount","Category":"","Description":"","Attributes":1,"ValueType":"System.Int32"},"Value":0}]},{"TestCase":{"Id":"6ffe1318-ee55-12c4-3e4c-4d02e45bcba4","FullyQualifiedName":"KnjigaRecepataTest.OcjenaTest.DajProsjecnuOcjenu_Null_Izuzetak","DisplayName":"DajProsjecnuOcjenu_Null_Izuzetak","ExecutorUri":"executor://MSTestAdapter/v2","Source":"C:\\Users\\lamij\\Desktop\\Fakultet\\5. semestar\\VVS\\VVS-projekat1\\KnjigaRecepataTest\\bin\\Debug\\net8.0\\Debug\\net8.0\\fine-code-coverage\\build-output\\KnjigaRecepataTest.dll","CodeFilePath":null,"LineNumber":-1,"Properties":[{"Key":{"Id":"MSTestDiscoverer.TestClassName","Label":"ClassName","Category":"","Description":"","Attributes":1,"ValueType":"System.String"},"Value":"KnjigaRecepataTest.OcjenaTest"},{"Key":{"Id":"TestObject.Traits","Label":"Traits","Category":"","Description":"","Attributes":5,"ValueType":"System.Collections.Generic.KeyValuePair`2[[System.String],[System.String]][]"},"Value":[]},{"Key":{"Id":"TestCase.ManagedType","Label":"ManagedType","Category":"","Description":"","Attributes":1,"ValueType":"System.String"},"Value":"KnjigaRecepataTest.OcjenaTest"},{"Key":{"Id":"TestCase.ManagedMethod","Label":"ManagedMethod","Category":"","Description":"","Attributes":1,"ValueType":"System.String"},"Value":"DajProsjecnuOcjenu_Null_Izuzetak"},{"Key":{"Id":"MSTest.TestIdGenerationStrategy","Label":"TestIdGenerationStrategy","Category":"","Description":"","Attributes":1,"ValueType":"System.Int32"},"Value":2},{"Key":{"Id":"TestCase.Hierarchy","Label":"Hierarchy","Category":"","Description":"","Attributes":2,"ValueType":"System.String[]"},"Value":[null,"KnjigaRecepataTest","OcjenaTest","DajProsjecnuOcjenu_Null_Izuzetak"]}]},"Attachments":[],"Outcome":1,"ErrorMessage":null,"ErrorStackTrace":null,"DisplayName":"DajProsjecnuOcjenu_Null_Izuzetak","Messages":[],"ComputerName":"LAPTOP-0JP6SGKO","Duration":"00:00:00.0002333","StartTime":"2024-11-18T21:16:58.0895556+01:00","EndTime":"2024-11-18T21:16:58.0901444+01:00","Properties":[{"Key":{"Id":"ParentExecId","Label":"ParentExecId","Category":"","Description":"","Attributes":1,"ValueType":"System.Guid"},"Value":"00000000-0000-0000-0000-000000000000"},{"Key":{"Id":"ExecutionId","Label":"ExecutionId","Category":"","Description":"","Attributes":1,"ValueType":"System.Guid"},"Value":"00000000-0000-0000-0000-000000000000"},{"Key":{"Id":"InnerResultsCount","Label":"InnerResultsCount","Category":"","Description":"","Attributes":1,"ValueType":"System.Int32"},"Value":0}]},{"TestCase":{"Id":"27b59730-39a2-b707-e778-cc07a19de50f","FullyQualifiedName":"KnjigaRecepataTest.OcjenaTest.DodajOcjenu_DodavanjeUPostojeciRecept_UspjesnoDodavanje","DisplayName":"DodajOcjenu_DodavanjeUPostojeciRecept_UspjesnoDodavanje","ExecutorUri":"executor://MSTestAdapter/v2","Source":"C:\\Users\\lamij\\Desktop\\Fakultet\\5. semestar\\VVS\\VVS-projekat1\\KnjigaRecepataTest\\bin\\Debug\\net8.0\\Debug\\net8.0\\fine-code-coverage\\build-output\\KnjigaRecepataTest.dll","CodeFilePath":null,"LineNumber":-1,"Properties":[{"Key":{"Id":"MSTestDiscoverer.TestClassName","Label":"ClassName","Category":"","Description":"","Attributes":1,"ValueType":"System.String"},"Value":"KnjigaRecepataTest.OcjenaTest"},{"Key":{"Id":"TestObject.Traits","Label":"Traits","Category":"","Description":"","Attributes":5,"ValueType":"System.Collections.Generic.KeyValuePair`2[[System.String],[System.String]][]"},"Value":[]},{"Key":{"Id":"TestCase.ManagedType","Label":"ManagedType","Category":"","Description":"","Attributes":1,"ValueType":"System.String"},"Value":"KnjigaRecepataTest.OcjenaTest"},{"Key":{"Id":"TestCase.ManagedMethod","Label":"ManagedMethod","Category":"","Description":"","Attributes":1,"ValueType":"System.String"},"Value":"DodajOcjenu_DodavanjeUPostojeciRecept_UspjesnoDodavanje"},{"Key":{"Id":"MSTest.TestIdGenerationStrategy","Label":"TestIdGenerationStrategy","Category":"","Description":"","Attributes":1,"ValueType":"System.Int32"},"Value":2},{"Key":{"Id":"TestCase.Hierarchy","Label":"Hierarchy","Category":"","Description":"","Attributes":2,"ValueType":"System.String[]"},"Value":[null,"KnjigaRecepataTest","OcjenaTest","DodajOcjenu_DodavanjeUPostojeciRecept_UspjesnoDodavanje"]}]},"Attachments":[],"Outcome":1,"ErrorMessage":null,"ErrorStackTrace":null,"DisplayName":"DodajOcjenu_DodavanjeUPostojeciRecept_UspjesnoDodavanje","Messages":[],"ComputerName":"LAPTOP-0JP6SGKO","Duration":"00:00:00.0022798","StartTime":"2024-11-18T21:16:58.0939495+01:00","EndTime":"2024-11-18T21:16:58.0967263+01:00","Properties":[{"Key":{"Id":"ParentExecId","Label":"ParentExecId","Category":"","Description":"","Attributes":1,"ValueType":"System.Guid"},"Value":"00000000-0000-0000-0000-000000000000"},{"Key":{"Id":"ExecutionId","Label":"ExecutionId","Category":"","Description":"","Attributes":1,"ValueType":"System.Guid"},"Value":"00000000-0000-0000-0000-000000000000"},{"Key":{"Id":"InnerResultsCount","Label":"InnerResultsCount","Category":"","Description":"","Attributes":1,"ValueType":"System.Int32"},"Value":0}]},{"TestCase":{"Id":"243a03ab-6fec-f31c-70f2-1df899c316bc","FullyQualifiedName":"KnjigaRecepataTest.SastojakTest.DajBrojKalorijaPoJedinici_SmisleniPodaci_BrojKalorija","DisplayName":"DajBrojKalorijaPoJedinici_SmisleniPodaci_BrojKalorija (28,0.3,2.7,0.4,126.3)","ExecutorUri":"executor://MSTestAdapter/v2","Source":"C:\\Users\\lamij\\Desktop\\Fakultet\\5. semestar\\VVS\\VVS-projekat1\\KnjigaRecepataTest\\bin\\Debug\\net8.0\\Debug\\net8.0\\fine-code-coverage\\build-output\\KnjigaRecepataTest.dll","CodeFilePath":null,"LineNumber":-1,"Properties":[{"Key":{"Id":"MSTestDiscoverer.TestClassName","Label":"ClassName","Category":"","Description":"","Attributes":1,"ValueType":"System.String"},"Value":"KnjigaRecepataTest.SastojakTest"},{"Key":{"Id":"TestObject.Traits","Label":"Traits","Category":"","Description":"","Attributes":5,"ValueType":"System.Collections.Generic.KeyValuePair`2[[System.String],[System.String]][]"},"Value":[]},{"Key":{"Id":"TestCase.ManagedType","Label":"ManagedType","Category":"","Description":"","Attributes":1,"ValueType":"System.String"},"Value":"KnjigaRecepataTest.SastojakTest"},{"Key":{"Id":"MSTest.DynamicDataType","Label":"DynamicDataType","Category":"","Description":"","Attributes":1,"ValueType":"System.Int32"},"Value":2},{"Key":{"Id":"TestCase.ManagedMethod","Label":"ManagedMethod","Category":"","Description":"","Attributes":1,"ValueType":"System.String"},"Value":"DajBrojKalorijaPoJedinici_SmisleniPodaci_BrojKalorija(System.Double,System.Double,System.Double,System.Double,System.Double)"},{"Key":{"Id":"MSTest.TestIdGenerationStrategy","Label":"TestIdGenerationStrategy","Category":"","Description":"","Attributes":1,"ValueType":"System.Int32"},"Value":2},{"Key":{"Id":"MSTest.DynamicData","Label":"DynamicData","Category":"","Description":"","Attributes":1,"ValueType":"System.String[]"},"Value":["System.Int32, System.Private.CoreLib, Version=8.0.0.0, Culture=neutral, PublicKeyToken=7cec85d7bea7798e","28","System.Double, System.Private.CoreLib, Version=8.0.0.0, Culture=neutral, PublicKeyToken=7cec85d7bea7798e","0.3","System.Double, System.Private.CoreLib, Version=8.0.0.0, Culture=neutral, PublicKeyToken=7cec85d7bea7798e","2.7","System.Double, System.Private.CoreLib, Version=8.0.0.0, Culture=neutral, PublicKeyToken=7cec85d7bea7798e","0.4","System.Double, System.Private.CoreLib, Version=8.0.0.0, Culture=neutral, PublicKeyToken=7cec85d7bea7798e","126.3"]},{"Key":{"Id":"TestCase.Hierarchy","Label":"Hierarchy","Category":"","Description":"","Attributes":2,"ValueType":"System.String[]"},"Value":[null,"KnjigaRecepataTest","SastojakTest","DajBrojKalorijaPoJedinici_SmisleniPodaci_BrojKalorija(System.Double,System.Double,System.Double,System.Double,System.Double)"]}]},"Attachments":[],"Outcome":1,"ErrorMessage":null,"ErrorStackTrace":null,"DisplayName":"DajBrojKalorijaPoJedinici_SmisleniPodaci_BrojKalorija (28,0.3,2.7,0.4,126.3)","Messages":[],"ComputerName":"LAPTOP-0JP6SGKO","Duration":"00:00:00.0008619","StartTime":"2024-11-18T21:16:58.1014995+01:00","EndTime":"2024-11-18T21:16:58.1083155+01:00","Properties":[{"Key":{"Id":"ParentExecId","Label":"ParentExecId","Category":"","Description":"","Attributes":1,"ValueType":"System.Guid"},"Value":"00000000-0000-0000-0000-000000000000"},{"Key":{"Id":"ExecutionId","Label":"ExecutionId","Category":"","Description":"","Attributes":1,"ValueType":"System.Guid"},"Value":"00000000-0000-0000-0000-000000000000"},{"Key":{"Id":"InnerResultsCount","Label":"InnerResultsCount","Category":"","Description":"","Attributes":1,"ValueType":"System.Int32"},"Value":0}]},{"TestCase":{"Id":"5675bbe3-9160-0ea4-72ca-081a50705998","FullyQualifiedName":"KnjigaRecepataTest.SastojakTest.DajBrojKalorijaPoJedinici_SmisleniPodaci_BrojKalorija","DisplayName":"DajBrojKalorijaPoJedinici_SmisleniPodaci_BrojKalorija (0.6,10,13,0,144.4)","ExecutorUri":"executor://MSTestAdapter/v2","Source":"C:\\Users\\lamij\\Desktop\\Fakultet\\5. semestar\\VVS\\VVS-projekat1\\KnjigaRecepataTest\\bin\\Debug\\net8.0\\Debug\\net8.0\\fine-code-coverage\\build-output\\KnjigaRecepataTest.dll","CodeFilePath":null,"LineNumber":-1,"Properties":[{"Key":{"Id":"MSTestDiscoverer.TestClassName","Label":"ClassName","Category":"","Description":"","Attributes":1,"ValueType":"System.String"},"Value":"KnjigaRecepataTest.SastojakTest"},{"Key":{"Id":"TestObject.Traits","Label":"Traits","Category":"","Description":"","Attributes":5,"ValueType":"System.Collections.Generic.KeyValuePair`2[[System.String],[System.String]][]"},"Value":[]},{"Key":{"Id":"TestCase.ManagedType","Label":"ManagedType","Category":"","Description":"","Attributes":1,"ValueType":"System.String"},"Value":"KnjigaRecepataTest.SastojakTest"},{"Key":{"Id":"MSTest.DynamicDataType","Label":"DynamicDataType","Category":"","Description":"","Attributes":1,"ValueType":"System.Int32"},"Value":2},{"Key":{"Id":"TestCase.ManagedMethod","Label":"ManagedMethod","Category":"","Description":"","Attributes":1,"ValueType":"System.String"},"Value":"DajBrojKalorijaPoJedinici_SmisleniPodaci_BrojKalorija(System.Double,System.Double,System.Double,System.Double,System.Double)"},{"Key":{"Id":"MSTest.TestIdGenerationStrategy","Label":"TestIdGenerationStrategy","Category":"","Description":"","Attributes":1,"ValueType":"System.Int32"},"Value":2},{"Key":{"Id":"MSTest.DynamicData","Label":"DynamicData","Category":"","Description":"","Attributes":1,"ValueType":"System.String[]"},"Value":["System.Double, System.Private.CoreLib, Version=8.0.0.0, Culture=neutral, PublicKeyToken=7cec85d7bea7798e","0.6","System.Int32, System.Private.CoreLib, Version=8.0.0.0, Culture=neutral, PublicKeyToken=7cec85d7bea7798e","10","System.Int32, System.Private.CoreLib, Version=8.0.0.0, Culture=neutral, PublicKeyToken=7cec85d7bea7798e","13","System.Int32, System.Private.CoreLib, Version=8.0.0.0, Culture=neutral, PublicKeyToken=7cec85d7bea7798e","0","System.Double, System.Private.CoreLib, Version=8.0.0.0, Culture=neutral, PublicKeyToken=7cec85d7bea7798e","144.4"]},{"Key":{"Id":"TestCase.Hierarchy","Label":"Hierarchy","Category":"","Description":"","Attributes":2,"ValueType":"System.String[]"},"Value":[null,"KnjigaRecepataTest","SastojakTest","DajBrojKalorijaPoJedinici_SmisleniPodaci_BrojKalorija(System.Double,System.Double,System.Double,System.Double,System.Double)"]}]},"Attachments":[],"Outcome":1,"ErrorMessage":null,"ErrorStackTrace":null,"DisplayName":"DajBrojKalorijaPoJedinici_SmisleniPodaci_BrojKalorija (0.6,10,13,0,144.4)","Messages":[],"ComputerName":"LAPTOP-0JP6SGKO","Duration":"00:00:00.0005371","StartTime":"2024-11-18T21:16:58.1129714+01:00","EndTime":"2024-11-18T21:16:58.1139467+01:00","Properties":[{"Key":{"Id":"ParentExecId","Label":"ParentExecId","Category":"","Description":"","Attributes":1,"ValueType":"System.Guid"},"Value":"00000000-0000-0000-0000-000000000000"},{"Key":{"Id":"ExecutionId","Label":"ExecutionId","Category":"","Description":"","Attributes":1,"ValueType":"System.Guid"},"Value":"00000000-0000-0000-0000-000000000000"},{"Key":{"Id":"InnerResultsCount","Label":"InnerResultsCount","Category":"","Description":"","Attributes":1,"ValueType":"System.Int32"},"Value":0}]}],"TestRunStatistics":{"ExecutedTests":9,"Stats":{"Passed":9}},"ActiveTests":[{"Id":"acf6f44e-782f-fd39-4876-a36cc34d332a","FullyQualifiedName":"KnjigaRecepataTest.SastojakTest.DajBrojKalorijaPoJedinici_SmisleniPodaci_BrojKalorija","DisplayName":"DajBrojKalorijaPoJedinici_SmisleniPodaci_BrojKalorija (100,0,0,0,400)","ExecutorUri":"executor://MSTestAdapter/v2","Source":"C:\\Users\\lamij\\Desktop\\Fakultet\\5. semestar\\VVS\\VVS-projekat1\\KnjigaRecepataTest\\bin\\Debug\\net8.0\\Debug\\net8.0\\fine-code-coverage\\build-output\\KnjigaRecepataTest.dll","CodeFilePath":null,"LineNumber":-1,"Properties":[{"Key":{"Id":"MSTestDiscoverer.TestClassName","Label":"ClassName","Category":"","Description":"","Attributes":1,"ValueType":"System.String"},"Value":"KnjigaRecepataTest.SastojakTest"},{"Key":{"Id":"TestObject.Traits","Label":"Traits","Category":"","Description":"","Attributes":5,"ValueType":"System.Collections.Generic.KeyValuePair`2[[System.String],[System.String]][]"},"Value":[]},{"Key":{"Id":"TestCase.ManagedType","Label":"ManagedType","Category":"","Description":"","Attributes":1,"ValueType":"System.String"},"Value":"KnjigaRecepataTest.SastojakTest"},{"Key":{"Id":"MSTest.DynamicDataType","Label":"DynamicDataType","Category":"","Description":"","Attributes":1,"ValueType":"System.Int32"},"Value":2},{"Key":{"Id":"TestCase.ManagedMethod","Label":"ManagedMethod","Category":"","Description":"","Attributes":1,"ValueType":"System.String"},"Value":"DajBrojKalorijaPoJedinici_SmisleniPodaci_BrojKalorija(System.Double,System.Double,System.Double,System.Double,System.Double)"},{"Key":{"Id":"MSTest.TestIdGenerationStrategy","Label":"TestIdGenerationStrategy","Category":"","Description":"","Attributes":1,"ValueType":"System.Int32"},"Value":2},{"Key":{"Id":"MSTest.DynamicData","Label":"DynamicData","Category":"","Description":"","Attributes":1,"ValueType":"System.String[]"},"Value":["System.Int32, System.Private.CoreLib, Version=8.0.0.0, Culture=neutral, PublicKeyToken=7cec85d7bea7798e","100","System.Int32, System.Private.CoreLib, Version=8.0.0.0, Culture=neutral, PublicKeyToken=7cec85d7bea7798e","0","System.Int32, System.Private.CoreLib, Version=8.0.0.0, Culture=neutral, PublicKeyToken=7cec85d7bea7798e","0","System.Int32, System.Private.CoreLib, Version=8.0.0.0, Culture=neutral, PublicKeyToken=7cec85d7bea7798e","0","System.Int32, System.Private.CoreLib, Version=8.0.0.0, Culture=neutral, PublicKeyToken=7cec85d7bea7798e","400"]},{"Key":{"Id":"TestCase.Hierarchy","Label":"Hierarchy","Category":"","Description":"","Attributes":2,"ValueType":"System.String[]"},"Value":[null,"KnjigaRecepataTest","SastojakTest","DajBrojKalorijaPoJedinici_SmisleniPodaci_BrojKalorija(System.Double,System.Double,System.Double,System.Double,System.Double)"]}]}]}}
TpTrace Verbose: 0 : 28188, 4, 2024/11/18, 21:16:58.151, 1367748399397, testhost.dll, TestRunCache: OnNewTestResult: Notified the onCacheHit callback.
TpTrace Verbose: 0 : 28188, 4, 2024/11/18, 21:16:58.153, 1367748423447, testhost.dll, MulticastDelegateUtilities.SafeInvoke: TestCaseEventsHandler.RaiseTestCaseStart: Invoking callback 1/1 for Microsoft.VisualStudio.TestPlatform.CrossPlatEngine.DataCollection.ProxyOutOfProcDataCollectionManager., took 2 ms.
TpTrace Information: 0 : 28188, 4, 2024/11/18, 21:16:58.153, 1367748424451, testhost.dll, MSTest - Executing test DajBrojKalorijaPoJedinici_SmisleniPodaci_BrojKalorija
TpTrace Information: 0 : 28188, 4, 2024/11/18, 21:16:58.153, 1367748427335, testhost.dll, MSTest - Executed test DajBrojKalorijaPoJedinici_SmisleniPodaci_BrojKalorija
TpTrace Verbose: 0 : 28188, 4, 2024/11/18, 21:16:58.153, 1367748427992, testhost.dll, TestExecutionRecorder.RecordEnd: test: KnjigaRecepataTest.SastojakTest.DajBrojKalorijaPoJedinici_SmisleniPodaci_BrojKalorija execution completed.
TpTrace Warning: 0 : 28188, 4, 2024/11/18, 21:16:58.153, 1367748428465, testhost.dll, TestRunCache: InProgressTests is null
TpTrace Verbose: 0 : 28188, 4, 2024/11/18, 21:16:58.155, 1367748446726, testhost.dll, MulticastDelegateUtilities.SafeInvoke: TestCaseEventsHandler.RaiseTestCaseEnd: Invoking callback 1/1 for Microsoft.VisualStudio.TestPlatform.CrossPlatEngine.DataCollection.ProxyOutOfProcDataCollectionManager., took 1 ms.
TpTrace Verbose: 0 : 28188, 4, 2024/11/18, 21:16:58.155, 1367748447415, testhost.dll, TestExecutionRecorder.RecordResult: Received result for test: KnjigaRecepataTest.SastojakTest.DajBrojKalorijaPoJedinici_SmisleniPodaci_BrojKalorija.
TpTrace Verbose: 0 : 28188, 4, 2024/11/18, 21:16:58.155, 1367748447780, testhost.dll, MulticastDelegateUtilities.SafeInvoke: TestCaseEventsHandler.RaiseTestCaseEnd: Invoking callback 1/1 for Microsoft.VisualStudio.TestPlatform.CrossPlatEngine.DataCollection.ProxyOutOfProcDataCollectionManager., took 0 ms.
TpTrace Warning: 0 : 28188, 4, 2024/11/18, 21:16:58.155, 1367748448108, testhost.dll, TestRunCache: InProgressTests is null
TpTrace Warning: 0 : 28188, 4, 2024/11/18, 21:16:58.155, 1367748448330, testhost.dll, TestRunCache: No test found corresponding to testResult 'DajBrojKalorijaPoJedinici_SmisleniPodaci_BrojKalorija (100,0,0,0,400)' in inProgress list.
TpTrace Verbose: 0 : 28188, 4, 2024/11/18, 21:16:58.156, 1367748448885, testhost.dll, TestExecutionRecorder.RecordStart: Starting test: KnjigaRecepataTest.SastojakTest.DajBrojKalorijaPoJedinici_Null_Izuzetak.
TpTrace Verbose: 0 : 28188, 4, 2024/11/18, 21:16:58.157, 1367748460609, testhost.dll, MulticastDelegateUtilities.SafeInvoke: TestCaseEventsHandler.RaiseTestCaseStart: Invoking callback 1/1 for Microsoft.VisualStudio.TestPlatform.CrossPlatEngine.DataCollection.ProxyOutOfProcDataCollectionManager., took 1 ms.
TpTrace Information: 0 : 28188, 4, 2024/11/18, 21:16:58.157, 1367748461222, testhost.dll, MSTest - Executing test DajBrojKalorijaPoJedinici_Null_Izuzetak
TpTrace Information: 0 : 28188, 4, 2024/11/18, 21:16:58.157, 1367748465086, testhost.dll, MSTest - Executed test DajBrojKalorijaPoJedinici_Null_Izuzetak
TpTrace Verbose: 0 : 28188, 4, 2024/11/18, 21:16:58.157, 1367748465621, testhost.dll, TestExecutionRecorder.RecordEnd: test: KnjigaRecepataTest.SastojakTest.DajBrojKalorijaPoJedinici_Null_Izuzetak execution completed.
TpTrace Verbose: 0 : 28188, 4, 2024/11/18, 21:16:58.159, 1367748483222, testhost.dll, MulticastDelegateUtilities.SafeInvoke: TestCaseEventsHandler.RaiseTestCaseEnd: Invoking callback 1/1 for Microsoft.VisualStudio.TestPlatform.CrossPlatEngine.DataCollection.ProxyOutOfProcDataCollectionManager., took 1 ms.
TpTrace Verbose: 0 : 28188, 4, 2024/11/18, 21:16:58.159, 1367748483893, testhost.dll, TestExecutionRecorder.RecordResult: Received result for test: KnjigaRecepataTest.SastojakTest.DajBrojKalorijaPoJedinici_Null_Izuzetak.
TpTrace Verbose: 0 : 28188, 4, 2024/11/18, 21:16:58.159, 1367748484254, testhost.dll, MulticastDelegateUtilities.SafeInvoke: TestCaseEventsHandler.RaiseTestCaseEnd: Invoking callback 1/1 for Microsoft.VisualStudio.TestPlatform.CrossPlatEngine.DataCollection.ProxyOutOfProcDataCollectionManager., took 0 ms.
TpTrace Warning: 0 : 28188, 4, 2024/11/18, 21:16:58.159, 1367748484570, testhost.dll, TestRunCache: InProgressTests is null
TpTrace Warning: 0 : 28188, 4, 2024/11/18, 21:16:58.159, 1367748484822, testhost.dll, TestRunCache: No test found corresponding to testResult 'DajBrojKalorijaPoJedinici_Null_Izuzetak' in inProgress list.
TpTrace Verbose: 0 : 28188, 4, 2024/11/18, 21:16:58.159, 1367748485439, testhost.dll, TestExecutionRecorder.RecordStart: Starting test: KnjigaRecepataTest.SastojakTest.DajSkracenicu_Podaci_Skracenica.
TpTrace Verbose: 0 : 28188, 4, 2024/11/18, 21:16:58.161, 1367748506645, testhost.dll, MulticastDelegateUtilities.SafeInvoke: TestCaseEventsHandler.RaiseTestCaseStart: Invoking callback 1/1 for Microsoft.VisualStudio.TestPlatform.CrossPlatEngine.DataCollection.ProxyOutOfProcDataCollectionManager., took 2 ms.
TpTrace Information: 0 : 28188, 4, 2024/11/18, 21:16:58.161, 1367748507424, testhost.dll, MSTest - Executing test DajSkracenicu_Podaci_Skracenica
TpTrace Information: 0 : 28188, 4, 2024/11/18, 21:16:58.162, 1367748517719, testhost.dll, MSTest - Executed test DajSkracenicu_Podaci_Skracenica
TpTrace Verbose: 0 : 28188, 4, 2024/11/18, 21:16:58.162, 1367748518527, testhost.dll, TestExecutionRecorder.RecordEnd: test: KnjigaRecepataTest.SastojakTest.DajSkracenicu_Podaci_Skracenica execution completed.
TpTrace Verbose: 0 : 28188, 4, 2024/11/18, 21:16:58.164, 1367748537934, testhost.dll, MulticastDelegateUtilities.SafeInvoke: TestCaseEventsHandler.RaiseTestCaseEnd: Invoking callback 1/1 for Microsoft.VisualStudio.TestPlatform.CrossPlatEngine.DataCollection.ProxyOutOfProcDataCollectionManager., took 1 ms.
TpTrace Verbose: 0 : 28188, 4, 2024/11/18, 21:16:58.164, 1367748538699, testhost.dll, TestExecutionRecorder.RecordResult: Received result for test: KnjigaRecepataTest.SastojakTest.DajSkracenicu_Podaci_Skracenica.
TpTrace Verbose: 0 : 28188, 4, 2024/11/18, 21:16:58.165, 1367748539202, testhost.dll, MulticastDelegateUtilities.SafeInvoke: TestCaseEventsHandler.RaiseTestCaseEnd: Invoking callback 1/1 for Microsoft.VisualStudio.TestPlatform.CrossPlatEngine.DataCollection.ProxyOutOfProcDataCollectionManager., took 0 ms.
TpTrace Warning: 0 : 28188, 4, 2024/11/18, 21:16:58.165, 1367748539710, testhost.dll, TestRunCache: InProgressTests is null
TpTrace Warning: 0 : 28188, 4, 2024/11/18, 21:16:58.165, 1367748540143, testhost.dll, TestRunCache: No test found corresponding to testResult 'DajSkracenicu_Podaci_Skracenica (CAJNA_KASIKA,tsp)' in inProgress list.
TpTrace Verbose: 0 : 28188, 4, 2024/11/18, 21:16:58.165, 1367748540999, testhost.dll, TestExecutionRecorder.RecordStart: Starting test: KnjigaRecepataTest.SastojakTest.DajSkracenicu_Podaci_Skracenica.
TpTrace Verbose: 0 : 28188, 4, 2024/11/18, 21:16:58.167, 1367748560549, testhost.dll, MulticastDelegateUtilities.SafeInvoke: TestCaseEventsHandler.RaiseTestCaseStart: Invoking callback 1/1 for Microsoft.VisualStudio.TestPlatform.CrossPlatEngine.DataCollection.ProxyOutOfProcDataCollectionManager., took 1 ms.
TpTrace Information: 0 : 28188, 4, 2024/11/18, 21:16:58.167, 1367748561192, testhost.dll, MSTest - Executing test DajSkracenicu_Podaci_Skracenica
TpTrace Information: 0 : 28188, 4, 2024/11/18, 21:16:58.167, 1367748565452, testhost.dll, MSTest - Executed test DajSkracenicu_Podaci_Skracenica
TpTrace Verbose: 0 : 28188, 4, 2024/11/18, 21:16:58.167, 1367748566174, testhost.dll, TestExecutionRecorder.RecordEnd: test: KnjigaRecepataTest.SastojakTest.DajSkracenicu_Podaci_Skracenica execution completed.
TpTrace Verbose: 0 : 28188, 4, 2024/11/18, 21:16:58.169, 1367748587534, testhost.dll, MulticastDelegateUtilities.SafeInvoke: TestCaseEventsHandler.RaiseTestCaseEnd: Invoking callback 1/1 for Microsoft.VisualStudio.TestPlatform.CrossPlatEngine.DataCollection.ProxyOutOfProcDataCollectionManager., took 2 ms.
TpTrace Verbose: 0 : 28188, 4, 2024/11/18, 21:16:58.169, 1367748588704, testhost.dll, TestExecutionRecorder.RecordResult: Received result for test: KnjigaRecepataTest.SastojakTest.DajSkracenicu_Podaci_Skracenica.
TpTrace Verbose: 0 : 28188, 4, 2024/11/18, 21:16:58.170, 1367748589287, testhost.dll, MulticastDelegateUtilities.SafeInvoke: TestCaseEventsHandler.RaiseTestCaseEnd: Invoking callback 1/1 for Microsoft.VisualStudio.TestPlatform.CrossPlatEngine.DataCollection.ProxyOutOfProcDataCollectionManager., took 0 ms.
TpTrace Warning: 0 : 28188, 4, 2024/11/18, 21:16:58.170, 1367748589754, testhost.dll, TestRunCache: InProgressTests is null
TpTrace Warning: 0 : 28188, 4, 2024/11/18, 21:16:58.170, 1367748590097, testhost.dll, TestRunCache: No test found corresponding to testResult 'DajSkracenicu_Podaci_Skracenica (SUPENA_KASIKA,tbsp)' in inProgress list.
TpTrace Verbose: 0 : 28188, 4, 2024/11/18, 21:16:58.170, 1367748590899, testhost.dll, TestExecutionRecorder.RecordStart: Starting test: KnjigaRecepataTest.SastojakTest.DajSkracenicu_Podaci_Skracenica.
TpTrace Verbose: 0 : 28188, 4, 2024/11/18, 21:16:58.172, 1367748612148, testhost.dll, MulticastDelegateUtilities.SafeInvoke: TestCaseEventsHandler.RaiseTestCaseStart: Invoking callback 1/1 for Microsoft.VisualStudio.TestPlatform.CrossPlatEngine.DataCollection.ProxyOutOfProcDataCollectionManager., took 2 ms.
TpTrace Information: 0 : 28188, 4, 2024/11/18, 21:16:58.172, 1367748613035, testhost.dll, MSTest - Executing test DajSkracenicu_Podaci_Skracenica
TpTrace Information: 0 : 28188, 4, 2024/11/18, 21:16:58.172, 1367748617233, testhost.dll, MSTest - Executed test DajSkracenicu_Podaci_Skracenica
TpTrace Verbose: 0 : 28188, 4, 2024/11/18, 21:16:58.172, 1367748618422, testhost.dll, TestExecutionRecorder.RecordEnd: test: KnjigaRecepataTest.SastojakTest.DajSkracenicu_Podaci_Skracenica execution completed.
TpTrace Verbose: 0 : 28188, 4, 2024/11/18, 21:16:58.175, 1367748643630, testhost.dll, MulticastDelegateUtilities.SafeInvoke: TestCaseEventsHandler.RaiseTestCaseEnd: Invoking callback 1/1 for Microsoft.VisualStudio.TestPlatform.CrossPlatEngine.DataCollection.ProxyOutOfProcDataCollectionManager., took 2 ms.
TpTrace Verbose: 0 : 28188, 4, 2024/11/18, 21:16:58.175, 1367748644753, testhost.dll, TestExecutionRecorder.RecordResult: Received result for test: KnjigaRecepataTest.SastojakTest.DajSkracenicu_Podaci_Skracenica.
TpTrace Verbose: 0 : 28188, 4, 2024/11/18, 21:16:58.175, 1367748645491, testhost.dll, MulticastDelegateUtilities.SafeInvoke: TestCaseEventsHandler.RaiseTestCaseEnd: Invoking callback 1/1 for Microsoft.VisualStudio.TestPlatform.CrossPlatEngine.DataCollection.ProxyOutOfProcDataCollectionManager., took 0 ms.
TpTrace Warning: 0 : 28188, 4, 2024/11/18, 21:16:58.175, 1367748646006, testhost.dll, TestRunCache: InProgressTests is null
TpTrace Warning: 0 : 28188, 4, 2024/11/18, 21:16:58.175, 1367748646682, testhost.dll, TestRunCache: No test found corresponding to testResult 'DajSkracenicu_Podaci_Skracenica (CASA,cup)' in inProgress list.
TpTrace Verbose: 0 : 28188, 4, 2024/11/18, 21:16:58.175, 1367748647483, testhost.dll, TestExecutionRecorder.RecordStart: Starting test: KnjigaRecepataTest.SastojakTest.DajSkracenicu_Podaci_Skracenica.
TpTrace Verbose: 0 : 28188, 4, 2024/11/18, 21:16:58.182, 1367748716790, testhost.dll, MulticastDelegateUtilities.SafeInvoke: TestCaseEventsHandler.RaiseTestCaseStart: Invoking callback 1/1 for Microsoft.VisualStudio.TestPlatform.CrossPlatEngine.DataCollection.ProxyOutOfProcDataCollectionManager., took 6 ms.
TpTrace Information: 0 : 28188, 4, 2024/11/18, 21:16:58.182, 1367748717859, testhost.dll, MSTest - Executing test DajSkracenicu_Podaci_Skracenica
TpTrace Information: 0 : 28188, 4, 2024/11/18, 21:16:58.183, 1367748720407, testhost.dll, MSTest - Executed test DajSkracenicu_Podaci_Skracenica
TpTrace Verbose: 0 : 28188, 4, 2024/11/18, 21:16:58.183, 1367748720956, testhost.dll, TestExecutionRecorder.RecordEnd: test: KnjigaRecepataTest.SastojakTest.DajSkracenicu_Podaci_Skracenica execution completed.
TpTrace Verbose: 0 : 28188, 4, 2024/11/18, 21:16:58.185, 1367748743526, testhost.dll, MulticastDelegateUtilities.SafeInvoke: TestCaseEventsHandler.RaiseTestCaseEnd: Invoking callback 1/1 for Microsoft.VisualStudio.TestPlatform.CrossPlatEngine.DataCollection.ProxyOutOfProcDataCollectionManager., took 2 ms.
TpTrace Verbose: 0 : 28188, 4, 2024/11/18, 21:16:58.185, 1367748744414, testhost.dll, TestExecutionRecorder.RecordResult: Received result for test: KnjigaRecepataTest.SastojakTest.DajSkracenicu_Podaci_Skracenica.
TpTrace Verbose: 0 : 28188, 4, 2024/11/18, 21:16:58.185, 1367748744770, testhost.dll, MulticastDelegateUtilities.SafeInvoke: TestCaseEventsHandler.RaiseTestCaseEnd: Invoking callback 1/1 for Microsoft.VisualStudio.TestPlatform.CrossPlatEngine.DataCollection.ProxyOutOfProcDataCollectionManager., took 0 ms.
TpTrace Warning: 0 : 28188, 4, 2024/11/18, 21:16:58.185, 1367748745030, testhost.dll, TestRunCache: InProgressTests is null
TpTrace Warning: 0 : 28188, 4, 2024/11/18, 21:16:58.185, 1367748745217, testhost.dll, TestRunCache: No test found corresponding to testResult 'DajSkracenicu_Podaci_Skracenica (UNCA,oz)' in inProgress list.
TpTrace Verbose: 0 : 28188, 4, 2024/11/18, 21:16:58.185, 1367748745759, testhost.dll, TestExecutionRecorder.RecordStart: Starting test: KnjigaRecepataTest.SastojakTest.DajSkracenicu_Podaci_Skracenica.
TpTrace Verbose: 0 : 28188, 4, 2024/11/18, 21:16:58.187, 1367748760431, testhost.dll, MulticastDelegateUtilities.SafeInvoke: TestCaseEventsHandler.RaiseTestCaseStart: Invoking callback 1/1 for Microsoft.VisualStudio.TestPlatform.CrossPlatEngine.DataCollection.ProxyOutOfProcDataCollectionManager., took 1 ms.
TpTrace Information: 0 : 28188, 4, 2024/11/18, 21:16:58.187, 1367748761464, testhost.dll, MSTest - Executing test DajSkracenicu_Podaci_Skracenica
TpTrace Information: 0 : 28188, 4, 2024/11/18, 21:16:58.187, 1367748764647, testhost.dll, MSTest - Executed test DajSkracenicu_Podaci_Skracenica
TpTrace Verbose: 0 : 28188, 4, 2024/11/18, 21:16:58.187, 1367748765346, testhost.dll, TestExecutionRecorder.RecordEnd: test: KnjigaRecepataTest.SastojakTest.DajSkracenicu_Podaci_Skracenica execution completed.
TpTrace Verbose: 0 : 28188, 4, 2024/11/18, 21:16:58.189, 1367748787804, testhost.dll, MulticastDelegateUtilities.SafeInvoke: TestCaseEventsHandler.RaiseTestCaseEnd: Invoking callback 1/1 for Microsoft.VisualStudio.TestPlatform.CrossPlatEngine.DataCollection.ProxyOutOfProcDataCollectionManager., took 2 ms.
TpTrace Verbose: 0 : 28188, 4, 2024/11/18, 21:16:58.190, 1367748789324, testhost.dll, TestExecutionRecorder.RecordResult: Received result for test: KnjigaRecepataTest.SastojakTest.DajSkracenicu_Podaci_Skracenica.
TpTrace Verbose: 0 : 28188, 4, 2024/11/18, 21:16:58.190, 1367748790049, testhost.dll, MulticastDelegateUtilities.SafeInvoke: TestCaseEventsHandler.RaiseTestCaseEnd: Invoking callback 1/1 for Microsoft.VisualStudio.TestPlatform.CrossPlatEngine.DataCollection.ProxyOutOfProcDataCollectionManager., took 0 ms.
TpTrace Warning: 0 : 28188, 4, 2024/11/18, 21:16:58.190, 1367748790538, testhost.dll, TestRunCache: InProgressTests is null
TpTrace Warning: 0 : 28188, 4, 2024/11/18, 21:16:58.190, 1367748790961, testhost.dll, TestRunCache: No test found corresponding to testResult 'DajSkracenicu_Podaci_Skracenica (MILILITAR,ml)' in inProgress list.
TpTrace Verbose: 0 : 28188, 4, 2024/11/18, 21:16:58.190, 1367748791947, testhost.dll, TestExecutionRecorder.RecordStart: Starting test: KnjigaRecepataTest.SastojakTest.DajSkracenicu_Podaci_Skracenica.
TpTrace Verbose: 0 : 28188, 4, 2024/11/18, 21:16:58.193, 1367748821034, testhost.dll, MulticastDelegateUtilities.SafeInvoke: TestCaseEventsHandler.RaiseTestCaseStart: Invoking callback 1/1 for Microsoft.VisualStudio.TestPlatform.CrossPlatEngine.DataCollection.ProxyOutOfProcDataCollectionManager., took 2 ms.
TpTrace Information: 0 : 28188, 4, 2024/11/18, 21:16:58.193, 1367748822481, testhost.dll, MSTest - Executing test DajSkracenicu_Podaci_Skracenica
TpTrace Information: 0 : 28188, 4, 2024/11/18, 21:16:58.193, 1367748827239, testhost.dll, MSTest - Executed test DajSkracenicu_Podaci_Skracenica
TpTrace Verbose: 0 : 28188, 4, 2024/11/18, 21:16:58.193, 1367748828707, testhost.dll, TestExecutionRecorder.RecordEnd: test: KnjigaRecepataTest.SastojakTest.DajSkracenicu_Podaci_Skracenica execution completed.
TpTrace Verbose: 0 : 28188, 4, 2024/11/18, 21:16:58.197, 1367748860499, testhost.dll, MulticastDelegateUtilities.SafeInvoke: TestCaseEventsHandler.RaiseTestCaseEnd: Invoking callback 1/1 for Microsoft.VisualStudio.TestPlatform.CrossPlatEngine.DataCollection.ProxyOutOfProcDataCollectionManager., took 3 ms.
TpTrace Verbose: 0 : 28188, 4, 2024/11/18, 21:16:58.197, 1367748861439, testhost.dll, TestExecutionRecorder.RecordResult: Received result for test: KnjigaRecepataTest.SastojakTest.DajSkracenicu_Podaci_Skracenica.
TpTrace Verbose: 0 : 28188, 4, 2024/11/18, 21:16:58.197, 1367748861933, testhost.dll, MulticastDelegateUtilities.SafeInvoke: TestCaseEventsHandler.RaiseTestCaseEnd: Invoking callback 1/1 for Microsoft.VisualStudio.TestPlatform.CrossPlatEngine.DataCollection.ProxyOutOfProcDataCollectionManager., took 0 ms.
TpTrace Warning: 0 : 28188, 4, 2024/11/18, 21:16:58.197, 1367748862305, testhost.dll, TestRunCache: InProgressTests is null
TpTrace Warning: 0 : 28188, 4, 2024/11/18, 21:16:58.197, 1367748862579, testhost.dll, TestRunCache: No test found corresponding to testResult 'DajSkracenicu_Podaci_Skracenica (GRAM,g)' in inProgress list.
TpTrace Verbose: 0 : 28188, 4, 2024/11/18, 21:16:58.197, 1367748863371, testhost.dll, TestExecutionRecorder.RecordStart: Starting test: KnjigaRecepataTest.SastojakTest.PrikaziSastojak_SmisleniPodaci_IspisSastojka.
TpTrace Verbose: 0 : 28188, 4, 2024/11/18, 21:16:58.199, 1367748888125, testhost.dll, MulticastDelegateUtilities.SafeInvoke: TestCaseEventsHandler.RaiseTestCaseStart: Invoking callback 1/1 for Microsoft.VisualStudio.TestPlatform.CrossPlatEngine.DataCollection.ProxyOutOfProcDataCollectionManager., took 2 ms.
TpTrace Information: 0 : 28188, 4, 2024/11/18, 21:16:58.200, 1367748889256, testhost.dll, MSTest - Executing test PrikaziSastojak_SmisleniPodaci_IspisSastojka
TpTrace Information: 0 : 28188, 4, 2024/11/18, 21:16:58.202, 1367748911125, testhost.dll, MSTest - Executed test PrikaziSastojak_SmisleniPodaci_IspisSastojka
TpTrace Verbose: 0 : 28188, 4, 2024/11/18, 21:16:58.202, 1367748912638, testhost.dll, TestExecutionRecorder.RecordEnd: test: KnjigaRecepataTest.SastojakTest.PrikaziSastojak_SmisleniPodaci_IspisSastojka execution completed.
TpTrace Verbose: 0 : 28188, 4, 2024/11/18, 21:16:58.204, 1367748935303, testhost.dll, MulticastDelegateUtilities.SafeInvoke: TestCaseEventsHandler.RaiseTestCaseEnd: Invoking callback 1/1 for Microsoft.VisualStudio.TestPlatform.CrossPlatEngine.DataCollection.ProxyOutOfProcDataCollectionManager., took 2 ms.
TpTrace Verbose: 0 : 28188, 4, 2024/11/18, 21:16:58.204, 1367748936454, testhost.dll, TestExecutionRecorder.RecordResult: Received result for test: KnjigaRecepataTest.SastojakTest.PrikaziSastojak_SmisleniPodaci_IspisSastojka.
TpTrace Verbose: 0 : 28188, 4, 2024/11/18, 21:16:58.204, 1367748937118, testhost.dll, MulticastDelegateUtilities.SafeInvoke: TestCaseEventsHandler.RaiseTestCaseEnd: Invoking callback 1/1 for Microsoft.VisualStudio.TestPlatform.CrossPlatEngine.DataCollection.ProxyOutOfProcDataCollectionManager., took 0 ms.
TpTrace Warning: 0 : 28188, 4, 2024/11/18, 21:16:58.204, 1367748937622, testhost.dll, TestRunCache: InProgressTests is null
TpTrace Warning: 0 : 28188, 4, 2024/11/18, 21:16:58.204, 1367748938007, testhost.dll, TestRunCache: No test found corresponding to testResult 'PrikaziSastojak_SmisleniPodaci_IspisSastojka (Grupa4_Tim1_KnjigaRecepata.Models.Sastojak,Sastojak: Krompir
Nutrijenti po jedinici
- ugljikohidrati: 17
- masti: 0.1
- proteini: 2
- vlakna: 1.8
- sol: 3
Alergeni: nema)' in inProgress list.
TpTrace Verbose: 0 : 28188, 4, 2024/11/18, 21:16:58.204, 1367748938564, testhost.dll, TestExecutionRecorder.RecordEnd: test: KnjigaRecepataTest.SastojakTest.PrikaziSastojak_SmisleniPodaci_IspisSastojka execution completed.
TpTrace Warning: 0 : 28188, 4, 2024/11/18, 21:16:58.205, 1367748938895, testhost.dll, TestRunCache: InProgressTests is null
TpTrace Verbose: 0 : 28188, 4, 2024/11/18, 21:16:58.205, 1367748939264, testhost.dll, TestExecutionRecorder.RecordResult: Received result for test: KnjigaRecepataTest.SastojakTest.PrikaziSastojak_SmisleniPodaci_IspisSastojka.
TpTrace Verbose: 0 : 28188, 4, 2024/11/18, 21:16:58.205, 1367748939740, testhost.dll, MulticastDelegateUtilities.SafeInvoke: TestCaseEventsHandler.RaiseTestCaseEnd: Invoking callback 1/1 for Microsoft.VisualStudio.TestPlatform.CrossPlatEngine.DataCollection.ProxyOutOfProcDataCollectionManager., took 0 ms.
TpTrace Warning: 0 : 28188, 4, 2024/11/18, 21:16:58.205, 1367748940132, testhost.dll, TestRunCache: InProgressTests is null
TpTrace Warning: 0 : 28188, 4, 2024/11/18, 21:16:58.205, 1367748940508, testhost.dll, TestRunCache: No test found corresponding to testResult 'PrikaziSastojak_SmisleniPodaci_IspisSastojka (Grupa4_Tim1_KnjigaRecepata.Models.Sastojak,Sastojak: Kravlje mlijeko
Nutrijenti po jedinici
- ugljikohidrati: 4.7
- masti: 3.6
- proteini: 3.2
- vlakna: 0
- sol: 0
Alergeni: LAKTOZA)' in inProgress list.
TpTrace Information: 0 : 28188, 4, 2024/11/18, 21:16:58.205, 1367748941367, testhost.dll, Sending test run statistics
TpTrace Verbose: 0 : 28188, 4, 2024/11/18, 21:16:58.207, 1367748968716, testhost.dll, TestRequestHandler.SendData: sending data from testhost: {"Version":7,"MessageType":"TestExecution.StatsChange","Payload":{"NewTestResults":[{"TestCase":{"Id":"acf6f44e-782f-fd39-4876-a36cc34d332a","FullyQualifiedName":"KnjigaRecepataTest.SastojakTest.DajBrojKalorijaPoJedinici_SmisleniPodaci_BrojKalorija","DisplayName":"DajBrojKalorijaPoJedinici_SmisleniPodaci_BrojKalorija (100,0,0,0,400)","ExecutorUri":"executor://MSTestAdapter/v2","Source":"C:\\Users\\lamij\\Desktop\\Fakultet\\5. semestar\\VVS\\VVS-projekat1\\KnjigaRecepataTest\\bin\\Debug\\net8.0\\Debug\\net8.0\\fine-code-coverage\\build-output\\KnjigaRecepataTest.dll","CodeFilePath":null,"LineNumber":-1,"Properties":[{"Key":{"Id":"MSTestDiscoverer.TestClassName","Label":"ClassName","Category":"","Description":"","Attributes":1,"ValueType":"System.String"},"Value":"KnjigaRecepataTest.SastojakTest"},{"Key":{"Id":"TestObject.Traits","Label":"Traits","Category":"","Description":"","Attributes":5,"ValueType":"System.Collections.Generic.KeyValuePair`2[[System.String],[System.String]][]"},"Value":[]},{"Key":{"Id":"TestCase.ManagedType","Label":"ManagedType","Category":"","Description":"","Attributes":1,"ValueType":"System.String"},"Value":"KnjigaRecepataTest.SastojakTest"},{"Key":{"Id":"MSTest.DynamicDataType","Label":"DynamicDataType","Category":"","Description":"","Attributes":1,"ValueType":"System.Int32"},"Value":2},{"Key":{"Id":"TestCase.ManagedMethod","Label":"ManagedMethod","Category":"","Description":"","Attributes":1,"ValueType":"System.String"},"Value":"DajBrojKalorijaPoJedinici_SmisleniPodaci_BrojKalorija(System.Double,System.Double,System.Double,System.Double,System.Double)"},{"Key":{"Id":"MSTest.TestIdGenerationStrategy","Label":"TestIdGenerationStrategy","Category":"","Description":"","Attributes":1,"ValueType":"System.Int32"},"Value":2},{"Key":{"Id":"MSTest.DynamicData","Label":"DynamicData","Category":"","Description":"","Attributes":1,"ValueType":"System.String[]"},"Value":["System.Int32, System.Private.CoreLib, Version=8.0.0.0, Culture=neutral, PublicKeyToken=7cec85d7bea7798e","100","System.Int32, System.Private.CoreLib, Version=8.0.0.0, Culture=neutral, PublicKeyToken=7cec85d7bea7798e","0","System.Int32, System.Private.CoreLib, Version=8.0.0.0, Culture=neutral, PublicKeyToken=7cec85d7bea7798e","0","System.Int32, System.Private.CoreLib, Version=8.0.0.0, Culture=neutral, PublicKeyToken=7cec85d7bea7798e","0","System.Int32, System.Private.CoreLib, Version=8.0.0.0, Culture=neutral, PublicKeyToken=7cec85d7bea7798e","400"]},{"Key":{"Id":"TestCase.Hierarchy","Label":"Hierarchy","Category":"","Description":"","Attributes":2,"ValueType":"System.String[]"},"Value":[null,"KnjigaRecepataTest","SastojakTest","DajBrojKalorijaPoJedinici_SmisleniPodaci_BrojKalorija(System.Double,System.Double,System.Double,System.Double,System.Double)"]}]},"Attachments":[],"Outcome":1,"ErrorMessage":null,"ErrorStackTrace":null,"DisplayName":"DajBrojKalorijaPoJedinici_SmisleniPodaci_BrojKalorija (100,0,0,0,400)","Messages":[],"ComputerName":"LAPTOP-0JP6SGKO","Duration":"00:00:00.0000197","StartTime":"2024-11-18T21:16:58.1535636+01:00","EndTime":"2024-11-18T21:16:58.1539006+01:00","Properties":[{"Key":{"Id":"ParentExecId","Label":"ParentExecId","Category":"","Description":"","Attributes":1,"ValueType":"System.Guid"},"Value":"00000000-0000-0000-0000-000000000000"},{"Key":{"Id":"ExecutionId","Label":"ExecutionId","Category":"","Description":"","Attributes":1,"ValueType":"System.Guid"},"Value":"00000000-0000-0000-0000-000000000000"},{"Key":{"Id":"InnerResultsCount","Label":"InnerResultsCount","Category":"","Description":"","Attributes":1,"ValueType":"System.Int32"},"Value":0}]},{"TestCase":{"Id":"941fd519-1185-c05b-da5b-546f087beb63","FullyQualifiedName":"KnjigaRecepataTest.SastojakTest.DajBrojKalorijaPoJedinici_Null_Izuzetak","DisplayName":"DajBrojKalorijaPoJedinici_Null_Izuzetak","ExecutorUri":"executor://MSTestAdapter/v2","Source":"C:\\Users\\lamij\\Desktop\\Fakultet\\5. semestar\\VVS\\VVS-projekat1\\KnjigaRecepataTest\\bin\\Debug\\net8.0\\Debug\\net8.0\\fine-code-coverage\\build-output\\KnjigaRecepataTest.dll","CodeFilePath":null,"LineNumber":-1,"Properties":[{"Key":{"Id":"MSTestDiscoverer.TestClassName","Label":"ClassName","Category":"","Description":"","Attributes":1,"ValueType":"System.String"},"Value":"KnjigaRecepataTest.SastojakTest"},{"Key":{"Id":"TestObject.Traits","Label":"Traits","Category":"","Description":"","Attributes":5,"ValueType":"System.Collections.Generic.KeyValuePair`2[[System.String],[System.String]][]"},"Value":[]},{"Key":{"Id":"TestCase.ManagedType","Label":"ManagedType","Category":"","Description":"","Attributes":1,"ValueType":"System.String"},"Value":"KnjigaRecepataTest.SastojakTest"},{"Key":{"Id":"TestCase.ManagedMethod","Label":"ManagedMethod","Category":"","Description":"","Attributes":1,"ValueType":"System.String"},"Value":"DajBrojKalorijaPoJedinici_Null_Izuzetak"},{"Key":{"Id":"MSTest.TestIdGenerationStrategy","Label":"TestIdGenerationStrategy","Category":"","Description":"","Attributes":1,"ValueType":"System.Int32"},"Value":2},{"Key":{"Id":"TestCase.Hierarchy","Label":"Hierarchy","Category":"","Description":"","Attributes":2,"ValueType":"System.String[]"},"Value":[null,"KnjigaRecepataTest","SastojakTest","DajBrojKalorijaPoJedinici_Null_Izuzetak"]}]},"Attachments":[],"Outcome":1,"ErrorMessage":null,"ErrorStackTrace":null,"DisplayName":"DajBrojKalorijaPoJedinici_Null_Izuzetak","Messages":[],"ComputerName":"LAPTOP-0JP6SGKO","Duration":"00:00:00.0002052","StartTime":"2024-11-18T21:16:58.1572432+01:00","EndTime":"2024-11-18T21:16:58.1576742+01:00","Properties":[{"Key":{"Id":"ParentExecId","Label":"ParentExecId","Category":"","Description":"","Attributes":1,"ValueType":"System.Guid"},"Value":"00000000-0000-0000-0000-000000000000"},{"Key":{"Id":"ExecutionId","Label":"ExecutionId","Category":"","Description":"","Attributes":1,"ValueType":"System.Guid"},"Value":"00000000-0000-0000-0000-000000000000"},{"Key":{"Id":"InnerResultsCount","Label":"InnerResultsCount","Category":"","Description":"","Attributes":1,"ValueType":"System.Int32"},"Value":0}]},{"TestCase":{"Id":"3756c424-5cc5-06f7-2f45-564df4a93222","FullyQualifiedName":"KnjigaRecepataTest.SastojakTest.DajSkracenicu_Podaci_Skracenica","DisplayName":"DajSkracenicu_Podaci_Skracenica (CAJNA_KASIKA,tsp)","ExecutorUri":"executor://MSTestAdapter/v2","Source":"C:\\Users\\lamij\\Desktop\\Fakultet\\5. semestar\\VVS\\VVS-projekat1\\KnjigaRecepataTest\\bin\\Debug\\net8.0\\Debug\\net8.0\\fine-code-coverage\\build-output\\KnjigaRecepataTest.dll","CodeFilePath":null,"LineNumber":-1,"Properties":[{"Key":{"Id":"MSTestDiscoverer.TestClassName","Label":"ClassName","Category":"","Description":"","Attributes":1,"ValueType":"System.String"},"Value":"KnjigaRecepataTest.SastojakTest"},{"Key":{"Id":"TestObject.Traits","Label":"Traits","Category":"","Description":"","Attributes":5,"ValueType":"System.Collections.Generic.KeyValuePair`2[[System.String],[System.String]][]"},"Value":[]},{"Key":{"Id":"TestCase.ManagedType","Label":"ManagedType","Category":"","Description":"","Attributes":1,"ValueType":"System.String"},"Value":"KnjigaRecepataTest.SastojakTest"},{"Key":{"Id":"MSTest.DynamicDataType","Label":"DynamicDataType","Category":"","Description":"","Attributes":1,"ValueType":"System.Int32"},"Value":2},{"Key":{"Id":"TestCase.ManagedMethod","Label":"ManagedMethod","Category":"","Description":"","Attributes":1,"ValueType":"System.String"},"Value":"DajSkracenicu_Podaci_Skracenica(Grupa4_Tim1_KnjigaRecepata.Models.MjernaJedinica,System.String)"},{"Key":{"Id":"MSTest.TestIdGenerationStrategy","Label":"TestIdGenerationStrategy","Category":"","Description":"","Attributes":1,"ValueType":"System.Int32"},"Value":2},{"Key":{"Id":"MSTest.DynamicData","Label":"DynamicData","Category":"","Description":"","Attributes":1,"ValueType":"System.String[]"},"Value":["Grupa4_Tim1_KnjigaRecepata.Models.MjernaJedinica, Grupa4_Tim1_KnjigaRecepata, Version=1.0.0.0, Culture=neutral, PublicKeyToken=null","0","System.String, System.Private.CoreLib, Version=8.0.0.0, Culture=neutral, PublicKeyToken=7cec85d7bea7798e","\"tsp\""]},{"Key":{"Id":"TestCase.Hierarchy","Label":"Hierarchy","Category":"","Description":"","Attributes":2,"ValueType":"System.String[]"},"Value":[null,"KnjigaRecepataTest","SastojakTest","DajSkracenicu_Podaci_Skracenica(Grupa4_Tim1_KnjigaRecepata.Models.MjernaJedinica,System.String)"]}]},"Attachments":[],"Outcome":1,"ErrorMessage":null,"ErrorStackTrace":null,"DisplayName":"DajSkracenicu_Podaci_Skracenica (CAJNA_KASIKA,tsp)","Messages":[],"ComputerName":"LAPTOP-0JP6SGKO","Duration":"00:00:00.0005732","StartTime":"2024-11-18T21:16:58.161863+01:00","EndTime":"2024-11-18T21:16:58.1629613+01:00","Properties":[{"Key":{"Id":"ParentExecId","Label":"ParentExecId","Category":"","Description":"","Attributes":1,"ValueType":"System.Guid"},"Value":"00000000-0000-0000-0000-000000000000"},{"Key":{"Id":"ExecutionId","Label":"ExecutionId","Category":"","Description":"","Attributes":1,"ValueType":"System.Guid"},"Value":"00000000-0000-0000-0000-000000000000"},{"Key":{"Id":"InnerResultsCount","Label":"InnerResultsCount","Category":"","Description":"","Attributes":1,"ValueType":"System.Int32"},"Value":0}]},{"TestCase":{"Id":"a7c6dad0-fd26-30c9-e1fd-c616ad8b0d3d","FullyQualifiedName":"KnjigaRecepataTest.SastojakTest.DajSkracenicu_Podaci_Skracenica","DisplayName":"DajSkracenicu_Podaci_Skracenica (SUPENA_KASIKA,tbsp)","ExecutorUri":"executor://MSTestAdapter/v2","Source":"C:\\Users\\lamij\\Desktop\\Fakultet\\5. semestar\\VVS\\VVS-projekat1\\KnjigaRecepataTest\\bin\\Debug\\net8.0\\Debug\\net8.0\\fine-code-coverage\\build-output\\KnjigaRecepataTest.dll","CodeFilePath":null,"LineNumber":-1,"Properties":[{"Key":{"Id":"MSTestDiscoverer.TestClassName","Label":"ClassName","Category":"","Description":"","Attributes":1,"ValueType":"System.String"},"Value":"KnjigaRecepataTest.SastojakTest"},{"Key":{"Id":"TestObject.Traits","Label":"Traits","Category":"","Description":"","Attributes":5,"ValueType":"System.Collections.Generic.KeyValuePair`2[[System.String],[System.String]][]"},"Value":[]},{"Key":{"Id":"TestCase.ManagedType","Label":"ManagedType","Category":"","Description":"","Attributes":1,"ValueType":"System.String"},"Value":"KnjigaRecepataTest.SastojakTest"},{"Key":{"Id":"MSTest.DynamicDataType","Label":"DynamicDataType","Category":"","Description":"","Attributes":1,"ValueType":"System.Int32"},"Value":2},{"Key":{"Id":"TestCase.ManagedMethod","Label":"ManagedMethod","Category":"","Description":"","Attributes":1,"ValueType":"System.String"},"Value":"DajSkracenicu_Podaci_Skracenica(Grupa4_Tim1_KnjigaRecepata.Models.MjernaJedinica,System.String)"},{"Key":{"Id":"MSTest.TestIdGenerationStrategy","Label":"TestIdGenerationStrategy","Category":"","Description":"","Attributes":1,"ValueType":"System.Int32"},"Value":2},{"Key":{"Id":"MSTest.DynamicData","Label":"DynamicData","Category":"","Description":"","Attributes":1,"ValueType":"System.String[]"},"Value":["Grupa4_Tim1_KnjigaRecepata.Models.MjernaJedinica, Grupa4_Tim1_KnjigaRecepata, Version=1.0.0.0, Culture=neutral, PublicKeyToken=null","1","System.String, System.Private.CoreLib, Version=8.0.0.0, Culture=neutral, PublicKeyToken=7cec85d7bea7798e","\"tbsp\""]},{"Key":{"Id":"TestCase.Hierarchy","Label":"Hierarchy","Category":"","Description":"","Attributes":2,"ValueType":"System.String[]"},"Value":[null,"KnjigaRecepataTest","SastojakTest","DajSkracenicu_Podaci_Skracenica(Grupa4_Tim1_KnjigaRecepata.Models.MjernaJedinica,System.String)"]}]},"Attachments":[],"Outcome":1,"ErrorMessage":null,"ErrorStackTrace":null,"DisplayName":"DajSkracenicu_Podaci_Skracenica (SUPENA_KASIKA,tbsp)","Messages":[],"ComputerName":"LAPTOP-0JP6SGKO","Duration":"00:00:00.0001905","StartTime":"2024-11-18T21:16:58.1672401+01:00","EndTime":"2024-11-18T21:16:58.1677267+01:00","Properties":[{"Key":{"Id":"ParentExecId","Label":"ParentExecId","Category":"","Description":"","Attributes":1,"ValueType":"System.Guid"},"Value":"00000000-0000-0000-0000-000000000000"},{"Key":{"Id":"ExecutionId","Label":"ExecutionId","Category":"","Description":"","Attributes":1,"ValueType":"System.Guid"},"Value":"00000000-0000-0000-0000-000000000000"},{"Key":{"Id":"InnerResultsCount","Label":"InnerResultsCount","Category":"","Description":"","Attributes":1,"ValueType":"System.Int32"},"Value":0}]},{"TestCase":{"Id":"403b1e02-00c0-ee5b-d652-b71ac55f8fbb","FullyQualifiedName":"KnjigaRecepataTest.SastojakTest.DajSkracenicu_Podaci_Skracenica","DisplayName":"DajSkracenicu_Podaci_Skracenica (CASA,cup)","ExecutorUri":"executor://MSTestAdapter/v2","Source":"C:\\Users\\lamij\\Desktop\\Fakultet\\5. semestar\\VVS\\VVS-projekat1\\KnjigaRecepataTest\\bin\\Debug\\net8.0\\Debug\\net8.0\\fine-code-coverage\\build-output\\KnjigaRecepataTest.dll","CodeFilePath":null,"LineNumber":-1,"Properties":[{"Key":{"Id":"MSTestDiscoverer.TestClassName","Label":"ClassName","Category":"","Description":"","Attributes":1,"ValueType":"System.String"},"Value":"KnjigaRecepataTest.SastojakTest"},{"Key":{"Id":"TestObject.Traits","Label":"Traits","Category":"","Description":"","Attributes":5,"ValueType":"System.Collections.Generic.KeyValuePair`2[[System.String],[System.String]][]"},"Value":[]},{"Key":{"Id":"TestCase.ManagedType","Label":"ManagedType","Category":"","Description":"","Attributes":1,"ValueType":"System.String"},"Value":"KnjigaRecepataTest.SastojakTest"},{"Key":{"Id":"MSTest.DynamicDataType","Label":"DynamicDataType","Category":"","Description":"","Attributes":1,"ValueType":"System.Int32"},"Value":2},{"Key":{"Id":"TestCase.ManagedMethod","Label":"ManagedMethod","Category":"","Description":"","Attributes":1,"ValueType":"System.String"},"Value":"DajSkracenicu_Podaci_Skracenica(Grupa4_Tim1_KnjigaRecepata.Models.MjernaJedinica,System.String)"},{"Key":{"Id":"MSTest.TestIdGenerationStrategy","Label":"TestIdGenerationStrategy","Category":"","Description":"","Attributes":1,"ValueType":"System.Int32"},"Value":2},{"Key":{"Id":"MSTest.DynamicData","Label":"DynamicData","Category":"","Description":"","Attributes":1,"ValueType":"System.String[]"},"Value":["Grupa4_Tim1_KnjigaRecepata.Models.MjernaJedinica, Grupa4_Tim1_KnjigaRecepata, Version=1.0.0.0, Culture=neutral, PublicKeyToken=null","2","System.String, System.Private.CoreLib, Version=8.0.0.0, Culture=neutral, PublicKeyToken=7cec85d7bea7798e","\"cup\""]},{"Key":{"Id":"TestCase.Hierarchy","Label":"Hierarchy","Category":"","Description":"","Attributes":2,"ValueType":"System.String[]"},"Value":[null,"KnjigaRecepataTest","SastojakTest","DajSkracenicu_Podaci_Skracenica(Grupa4_Tim1_KnjigaRecepata.Models.MjernaJedinica,System.String)"]}]},"Attachments":[],"Outcome":1,"ErrorMessage":null,"ErrorStackTrace":null,"DisplayName":"DajSkracenicu_Podaci_Skracenica (CASA,cup)","Messages":[],"ComputerName":"LAPTOP-0JP6SGKO","Duration":"00:00:00.0000343","StartTime":"2024-11-18T21:16:58.1724215+01:00","EndTime":"2024-11-18T21:16:58.1729398+01:00","Properties":[{"Key":{"Id":"ParentExecId","Label":"ParentExecId","Category":"","Description":"","Attributes":1,"ValueType":"System.Guid"},"Value":"00000000-0000-0000-0000-000000000000"},{"Key":{"Id":"ExecutionId","Label":"ExecutionId","Category":"","Description":"","Attributes":1,"ValueType":"System.Guid"},"Value":"00000000-0000-0000-0000-000000000000"},{"Key":{"Id":"InnerResultsCount","Label":"InnerResultsCount","Category":"","Description":"","Attributes":1,"ValueType":"System.Int32"},"Value":0}]},{"TestCase":{"Id":"c5d1c699-c2cf-60e0-a369-5215a0b4cba7","FullyQualifiedName":"KnjigaRecepataTest.SastojakTest.DajSkracenicu_Podaci_Skracenica","DisplayName":"DajSkracenicu_Podaci_Skracenica (UNCA,oz)","ExecutorUri":"executor://MSTestAdapter/v2","Source":"C:\\Users\\lamij\\Desktop\\Fakultet\\5. semestar\\VVS\\VVS-projekat1\\KnjigaRecepataTest\\bin\\Debug\\net8.0\\Debug\\net8.0\\fine-code-coverage\\build-output\\KnjigaRecepataTest.dll","CodeFilePath":null,"LineNumber":-1,"Properties":[{"Key":{"Id":"MSTestDiscoverer.TestClassName","Label":"ClassName","Category":"","Description":"","Attributes":1,"ValueType":"System.String"},"Value":"KnjigaRecepataTest.SastojakTest"},{"Key":{"Id":"TestObject.Traits","Label":"Traits","Category":"","Description":"","Attributes":5,"ValueType":"System.Collections.Generic.KeyValuePair`2[[System.String],[System.String]][]"},"Value":[]},{"Key":{"Id":"TestCase.ManagedType","Label":"ManagedType","Category":"","Description":"","Attributes":1,"ValueType":"System.String"},"Value":"KnjigaRecepataTest.SastojakTest"},{"Key":{"Id":"MSTest.DynamicDataType","Label":"DynamicDataType","Category":"","Description":"","Attributes":1,"ValueType":"System.Int32"},"Value":2},{"Key":{"Id":"TestCase.ManagedMethod","Label":"ManagedMethod","Category":"","Description":"","Attributes":1,"ValueType":"System.String"},"Value":"DajSkracenicu_Podaci_Skracenica(Grupa4_Tim1_KnjigaRecepata.Models.MjernaJedinica,System.String)"},{"Key":{"Id":"MSTest.TestIdGenerationStrategy","Label":"TestIdGenerationStrategy","Category":"","Description":"","Attributes":1,"ValueType":"System.Int32"},"Value":2},{"Key":{"Id":"MSTest.DynamicData","Label":"DynamicData","Category":"","Description":"","Attributes":1,"ValueType":"System.String[]"},"Value":["Grupa4_Tim1_KnjigaRecepata.Models.MjernaJedinica, Grupa4_Tim1_KnjigaRecepata, Version=1.0.0.0, Culture=neutral, PublicKeyToken=null","3","System.String, System.Private.CoreLib, Version=8.0.0.0, Culture=neutral, PublicKeyToken=7cec85d7bea7798e","\"oz\""]},{"Key":{"Id":"TestCase.Hierarchy","Label":"Hierarchy","Category":"","Description":"","Attributes":2,"ValueType":"System.String[]"},"Value":[null,"KnjigaRecepataTest","SastojakTest","DajSkracenicu_Podaci_Skracenica(Grupa4_Tim1_KnjigaRecepata.Models.MjernaJedinica,System.String)"]}]},"Attachments":[],"Outcome":1,"ErrorMessage":null,"ErrorStackTrace":null,"DisplayName":"DajSkracenicu_Podaci_Skracenica (UNCA,oz)","Messages":[],"ComputerName":"LAPTOP-0JP6SGKO","Duration":"00:00:00.0000127","StartTime":"2024-11-18T21:16:58.1829042+01:00","EndTime":"2024-11-18T21:16:58.1832052+01:00","Properties":[{"Key":{"Id":"ParentExecId","Label":"ParentExecId","Category":"","Description":"","Attributes":1,"ValueType":"System.Guid"},"Value":"00000000-0000-0000-0000-000000000000"},{"Key":{"Id":"ExecutionId","Label":"ExecutionId","Category":"","Description":"","Attributes":1,"ValueType":"System.Guid"},"Value":"00000000-0000-0000-0000-000000000000"},{"Key":{"Id":"InnerResultsCount","Label":"InnerResultsCount","Category":"","Description":"","Attributes":1,"ValueType":"System.Int32"},"Value":0}]},{"TestCase":{"Id":"002d15a1-b58a-d162-ff0c-0d34a9aeda91","FullyQualifiedName":"KnjigaRecepataTest.SastojakTest.DajSkracenicu_Podaci_Skracenica","DisplayName":"DajSkracenicu_Podaci_Skracenica (MILILITAR,ml)","ExecutorUri":"executor://MSTestAdapter/v2","Source":"C:\\Users\\lamij\\Desktop\\Fakultet\\5. semestar\\VVS\\VVS-projekat1\\KnjigaRecepataTest\\bin\\Debug\\net8.0\\Debug\\net8.0\\fine-code-coverage\\build-output\\KnjigaRecepataTest.dll","CodeFilePath":null,"LineNumber":-1,"Properties":[{"Key":{"Id":"MSTestDiscoverer.TestClassName","Label":"ClassName","Category":"","Description":"","Attributes":1,"ValueType":"System.String"},"Value":"KnjigaRecepataTest.SastojakTest"},{"Key":{"Id":"TestObject.Traits","Label":"Traits","Category":"","Description":"","Attributes":5,"ValueType":"System.Collections.Generic.KeyValuePair`2[[System.String],[System.String]][]"},"Value":[]},{"Key":{"Id":"TestCase.ManagedType","Label":"ManagedType","Category":"","Description":"","Attributes":1,"ValueType":"System.String"},"Value":"KnjigaRecepataTest.SastojakTest"},{"Key":{"Id":"MSTest.DynamicDataType","Label":"DynamicDataType","Category":"","Description":"","Attributes":1,"ValueType":"System.Int32"},"Value":2},{"Key":{"Id":"TestCase.ManagedMethod","Label":"ManagedMethod","Category":"","Description":"","Attributes":1,"ValueType":"System.String"},"Value":"DajSkracenicu_Podaci_Skracenica(Grupa4_Tim1_KnjigaRecepata.Models.MjernaJedinica,System.String)"},{"Key":{"Id":"MSTest.TestIdGenerationStrategy","Label":"TestIdGenerationStrategy","Category":"","Description":"","Attributes":1,"ValueType":"System.Int32"},"Value":2},{"Key":{"Id":"MSTest.DynamicData","Label":"DynamicData","Category":"","Description":"","Attributes":1,"ValueType":"System.String[]"},"Value":["Grupa4_Tim1_KnjigaRecepata.Models.MjernaJedinica, Grupa4_Tim1_KnjigaRecepata, Version=1.0.0.0, Culture=neutral, PublicKeyToken=null","4","System.String, System.Private.CoreLib, Version=8.0.0.0, Culture=neutral, PublicKeyToken=7cec85d7bea7798e","\"ml\""]},{"Key":{"Id":"TestCase.Hierarchy","Label":"Hierarchy","Category":"","Description":"","Attributes":2,"ValueType":"System.String[]"},"Value":[null,"KnjigaRecepataTest","SastojakTest","DajSkracenicu_Podaci_Skracenica(Grupa4_Tim1_KnjigaRecepata.Models.MjernaJedinica,System.String)"]}]},"Attachments":[],"Outcome":1,"ErrorMessage":null,"ErrorStackTrace":null,"DisplayName":"DajSkracenicu_Podaci_Skracenica (MILILITAR,ml)","Messages":[],"ComputerName":"LAPTOP-0JP6SGKO","Duration":"00:00:00.0000149","StartTime":"2024-11-18T21:16:58.187263+01:00","EndTime":"2024-11-18T21:16:58.1876405+01:00","Properties":[{"Key":{"Id":"ParentExecId","Label":"ParentExecId","Category":"","Description":"","Attributes":1,"ValueType":"System.Guid"},"Value":"00000000-0000-0000-0000-000000000000"},{"Key":{"Id":"ExecutionId","Label":"ExecutionId","Category":"","Description":"","Attributes":1,"ValueType":"System.Guid"},"Value":"00000000-0000-0000-0000-000000000000"},{"Key":{"Id":"InnerResultsCount","Label":"InnerResultsCount","Category":"","Description":"","Attributes":1,"ValueType":"System.Int32"},"Value":0}]},{"TestCase":{"Id":"dc82e7ec-e9e0-ef89-4aca-0d3c3e330e05","FullyQualifiedName":"KnjigaRecepataTest.SastojakTest.DajSkracenicu_Podaci_Skracenica","DisplayName":"DajSkracenicu_Podaci_Skracenica (GRAM,g)","ExecutorUri":"executor://MSTestAdapter/v2","Source":"C:\\Users\\lamij\\Desktop\\Fakultet\\5. semestar\\VVS\\VVS-projekat1\\KnjigaRecepataTest\\bin\\Debug\\net8.0\\Debug\\net8.0\\fine-code-coverage\\build-output\\KnjigaRecepataTest.dll","CodeFilePath":null,"LineNumber":-1,"Properties":[{"Key":{"Id":"MSTestDiscoverer.TestClassName","Label":"ClassName","Category":"","Description":"","Attributes":1,"ValueType":"System.String"},"Value":"KnjigaRecepataTest.SastojakTest"},{"Key":{"Id":"TestObject.Traits","Label":"Traits","Category":"","Description":"","Attributes":5,"ValueType":"System.Collections.Generic.KeyValuePair`2[[System.String],[System.String]][]"},"Value":[]},{"Key":{"Id":"TestCase.ManagedType","Label":"ManagedType","Category":"","Description":"","Attributes":1,"ValueType":"System.String"},"Value":"KnjigaRecepataTest.SastojakTest"},{"Key":{"Id":"MSTest.DynamicDataType","Label":"DynamicDataType","Category":"","Description":"","Attributes":1,"ValueType":"System.Int32"},"Value":2},{"Key":{"Id":"TestCase.ManagedMethod","Label":"ManagedMethod","Category":"","Description":"","Attributes":1,"ValueType":"System.String"},"Value":"DajSkracenicu_Podaci_Skracenica(Grupa4_Tim1_KnjigaRecepata.Models.MjernaJedinica,System.String)"},{"Key":{"Id":"MSTest.TestIdGenerationStrategy","Label":"TestIdGenerationStrategy","Category":"","Description":"","Attributes":1,"ValueType":"System.Int32"},"Value":2},{"Key":{"Id":"MSTest.DynamicData","Label":"DynamicData","Category":"","Description":"","Attributes":1,"ValueType":"System.String[]"},"Value":["Grupa4_Tim1_KnjigaRecepata.Models.MjernaJedinica, Grupa4_Tim1_KnjigaRecepata, Version=1.0.0.0, Culture=neutral, PublicKeyToken=null","5","System.String, System.Private.CoreLib, Version=8.0.0.0, Culture=neutral, PublicKeyToken=7cec85d7bea7798e","\"g\""]},{"Key":{"Id":"TestCase.Hierarchy","Label":"Hierarchy","Category":"","Description":"","Attributes":2,"ValueType":"System.String[]"},"Value":[null,"KnjigaRecepataTest","SastojakTest","DajSkracenicu_Podaci_Skracenica(Grupa4_Tim1_KnjigaRecepata.Models.MjernaJedinica,System.String)"]}]},"Attachments":[],"Outcome":1,"ErrorMessage":null,"ErrorStackTrace":null,"DisplayName":"DajSkracenicu_Podaci_Skracenica (GRAM,g)","Messages":[],"ComputerName":"LAPTOP-0JP6SGKO","Duration":"00:00:00.0000185","StartTime":"2024-11-18T21:16:58.1933634+01:00","EndTime":"2024-11-18T21:16:58.1939656+01:00","Properties":[{"Key":{"Id":"ParentExecId","Label":"ParentExecId","Category":"","Description":"","Attributes":1,"ValueType":"System.Guid"},"Value":"00000000-0000-0000-0000-000000000000"},{"Key":{"Id":"ExecutionId","Label":"ExecutionId","Category":"","Description":"","Attributes":1,"ValueType":"System.Guid"},"Value":"00000000-0000-0000-0000-000000000000"},{"Key":{"Id":"InnerResultsCount","Label":"InnerResultsCount","Category":"","Description":"","Attributes":1,"ValueType":"System.Int32"},"Value":0}]},{"TestCase":{"Id":"a91506f2-5ef2-802a-c559-48037a99bfc2","FullyQualifiedName":"KnjigaRecepataTest.SastojakTest.PrikaziSastojak_SmisleniPodaci_IspisSastojka","DisplayName":"PrikaziSastojak_SmisleniPodaci_IspisSastojka","ExecutorUri":"executor://MSTestAdapter/v2","Source":"C:\\Users\\lamij\\Desktop\\Fakultet\\5. semestar\\VVS\\VVS-projekat1\\KnjigaRecepataTest\\bin\\Debug\\net8.0\\Debug\\net8.0\\fine-code-coverage\\build-output\\KnjigaRecepataTest.dll","CodeFilePath":null,"LineNumber":-1,"Properties":[{"Key":{"Id":"MSTestDiscoverer.TestClassName","Label":"ClassName","Category":"","Description":"","Attributes":1,"ValueType":"System.String"},"Value":"KnjigaRecepataTest.SastojakTest"},{"Key":{"Id":"TestObject.Traits","Label":"Traits","Category":"","Description":"","Attributes":5,"ValueType":"System.Collections.Generic.KeyValuePair`2[[System.String],[System.String]][]"},"Value":[]},{"Key":{"Id":"TestCase.ManagedType","Label":"ManagedType","Category":"","Description":"","Attributes":1,"ValueType":"System.String"},"Value":"KnjigaRecepataTest.SastojakTest"},{"Key":{"Id":"TestCase.ManagedMethod","Label":"ManagedMethod","Category":"","Description":"","Attributes":1,"ValueType":"System.String"},"Value":"PrikaziSastojak_SmisleniPodaci_IspisSastojka(Grupa4_Tim1_KnjigaRecepata.Models.Sastojak,System.String)"},{"Key":{"Id":"MSTest.TestIdGenerationStrategy","Label":"TestIdGenerationStrategy","Category":"","Description":"","Attributes":1,"ValueType":"System.Int32"},"Value":2},{"Key":{"Id":"TestCase.Hierarchy","Label":"Hierarchy","Category":"","Description":"","Attributes":2,"ValueType":"System.String[]"},"Value":[null,"KnjigaRecepataTest","SastojakTest","PrikaziSastojak_SmisleniPodaci_IspisSastojka(Grupa4_Tim1_KnjigaRecepata.Models.Sastojak,System.String)"]}]},"Attachments":[],"Outcome":1,"ErrorMessage":null,"ErrorStackTrace":null,"DisplayName":"PrikaziSastojak_SmisleniPodaci_IspisSastojka (Grupa4_Tim1_KnjigaRecepata.Models.Sastojak,Sastojak: Krompir\nNutrijenti po jedinici\n- ugljikohidrati: 17\n- masti: 0.1\n- proteini: 2\n- vlakna: 1.8\n- sol: 3\nAlergeni: nema)","Messages":[],"ComputerName":"LAPTOP-0JP6SGKO","Duration":"00:00:00.0013521","StartTime":"2024-11-18T21:16:58.2000432+01:00","EndTime":"2024-11-18T21:16:58.2023536+01:00","Properties":[{"Key":{"Id":"ParentExecId","Label":"ParentExecId","Category":"","Description":"","Attributes":1,"ValueType":"System.Guid"},"Value":"4812e91e-bc6e-4b45-8ec3-33a43426e338"},{"Key":{"Id":"ExecutionId","Label":"ExecutionId","Category":"","Description":"","Attributes":1,"ValueType":"System.Guid"},"Value":"ee66175f-7e63-40d1-a850-8b0ac8713ba4"},{"Key":{"Id":"InnerResultsCount","Label":"InnerResultsCount","Category":"","Description":"","Attributes":1,"ValueType":"System.Int32"},"Value":0}]},{"TestCase":{"Id":"a91506f2-5ef2-802a-c559-48037a99bfc2","FullyQualifiedName":"KnjigaRecepataTest.SastojakTest.PrikaziSastojak_SmisleniPodaci_IspisSastojka","DisplayName":"PrikaziSastojak_SmisleniPodaci_IspisSastojka","ExecutorUri":"executor://MSTestAdapter/v2","Source":"C:\\Users\\lamij\\Desktop\\Fakultet\\5. semestar\\VVS\\VVS-projekat1\\KnjigaRecepataTest\\bin\\Debug\\net8.0\\Debug\\net8.0\\fine-code-coverage\\build-output\\KnjigaRecepataTest.dll","CodeFilePath":null,"LineNumber":-1,"Properties":[{"Key":{"Id":"MSTestDiscoverer.TestClassName","Label":"ClassName","Category":"","Description":"","Attributes":1,"ValueType":"System.String"},"Value":"KnjigaRecepataTest.SastojakTest"},{"Key":{"Id":"TestObject.Traits","Label":"Traits","Category":"","Description":"","Attributes":5,"ValueType":"System.Collections.Generic.KeyValuePair`2[[System.String],[System.String]][]"},"Value":[]},{"Key":{"Id":"TestCase.ManagedType","Label":"ManagedType","Category":"","Description":"","Attributes":1,"ValueType":"System.String"},"Value":"KnjigaRecepataTest.SastojakTest"},{"Key":{"Id":"TestCase.ManagedMethod","Label":"ManagedMethod","Category":"","Description":"","Attributes":1,"ValueType":"System.String"},"Value":"PrikaziSastojak_SmisleniPodaci_IspisSastojka(Grupa4_Tim1_KnjigaRecepata.Models.Sastojak,System.String)"},{"Key":{"Id":"MSTest.TestIdGenerationStrategy","Label":"TestIdGenerationStrategy","Category":"","Description":"","Attributes":1,"ValueType":"System.Int32"},"Value":2},{"Key":{"Id":"TestCase.Hierarchy","Label":"Hierarchy","Category":"","Description":"","Attributes":2,"ValueType":"System.String[]"},"Value":[null,"KnjigaRecepataTest","SastojakTest","PrikaziSastojak_SmisleniPodaci_IspisSastojka(Grupa4_Tim1_KnjigaRecepata.Models.Sastojak,System.String)"]}]},"Attachments":[],"Outcome":1,"ErrorMessage":null,"ErrorStackTrace":null,"DisplayName":"PrikaziSastojak_SmisleniPodaci_IspisSastojka (Grupa4_Tim1_KnjigaRecepata.Models.Sastojak,Sastojak: Kravlje mlijeko\nNutrijenti po jedinici\n- ugljikohidrati: 4.7\n- masti: 3.6\n- proteini: 3.2\n- vlakna: 0\n- sol: 0\nAlergeni: LAKTOZA)","Messages":[],"ComputerName":"LAPTOP-0JP6SGKO","Duration":"00:00:00.0002792","StartTime":"2024-11-18T21:16:58.2000432+01:00","EndTime":"2024-11-18T21:16:58.2023536+01:00","Properties":[{"Key":{"Id":"ParentExecId","Label":"ParentExecId","Category":"","Description":"","Attributes":1,"ValueType":"System.Guid"},"Value":"262de941-60b1-4574-b3de-f4d628d37178"},{"Key":{"Id":"ExecutionId","Label":"ExecutionId","Category":"","Description":"","Attributes":1,"ValueType":"System.Guid"},"Value":"4c2db674-6af9-4170-aa4e-437ad8315eb0"},{"Key":{"Id":"InnerResultsCount","Label":"InnerResultsCount","Category":"","Description":"","Attributes":1,"ValueType":"System.Int32"},"Value":0}]}],"TestRunStatistics":{"ExecutedTests":19,"Stats":{"Passed":19}},"ActiveTests":[]}}
TpTrace Verbose: 0 : 28188, 4, 2024/11/18, 21:16:58.208, 1367748974950, testhost.dll, TestRunCache: OnNewTestResult: Notified the onCacheHit callback.
TpTrace Verbose: 0 : 28188, 4, 2024/11/18, 21:16:58.208, 1367748975906, testhost.dll, TestExecutionRecorder.RecordEnd: test: KnjigaRecepataTest.SastojakTest.PrikaziSastojak_SmisleniPodaci_IspisSastojka execution completed.
TpTrace Warning: 0 : 28188, 4, 2024/11/18, 21:16:58.208, 1367748976288, testhost.dll, TestRunCache: InProgressTests is null
TpTrace Verbose: 0 : 28188, 4, 2024/11/18, 21:16:58.208, 1367748976627, testhost.dll, TestExecutionRecorder.RecordResult: Received result for test: KnjigaRecepataTest.SastojakTest.PrikaziSastojak_SmisleniPodaci_IspisSastojka.
TpTrace Verbose: 0 : 28188, 4, 2024/11/18, 21:16:58.208, 1367748977186, testhost.dll, MulticastDelegateUtilities.SafeInvoke: TestCaseEventsHandler.RaiseTestCaseEnd: Invoking callback 1/1 for Microsoft.VisualStudio.TestPlatform.CrossPlatEngine.DataCollection.ProxyOutOfProcDataCollectionManager., took 0 ms.
TpTrace Warning: 0 : 28188, 4, 2024/11/18, 21:16:58.208, 1367748977637, testhost.dll, TestRunCache: InProgressTests is null
TpTrace Warning: 0 : 28188, 4, 2024/11/18, 21:16:58.208, 1367748978017, testhost.dll, TestRunCache: No test found corresponding to testResult 'PrikaziSastojak_SmisleniPodaci_IspisSastojka (Grupa4_Tim1_KnjigaRecepata.Models.Sastojak,Sastojak: Bijelo brasno
Nutrijenti po jedinici
- ugljikohidrati: 70
- masti: 1
- proteini: 10
- vlakna: 3
- sol: 0.01
Alergeni: GLUTEN)' in inProgress list.
TpTrace Verbose: 0 : 28188, 4, 2024/11/18, 21:16:58.208, 1367748978471, testhost.dll, TestExecutionRecorder.RecordEnd: test: KnjigaRecepataTest.SastojakTest.PrikaziSastojak_SmisleniPodaci_IspisSastojka execution completed.
TpTrace Warning: 0 : 28188, 4, 2024/11/18, 21:16:58.209, 1367748978953, testhost.dll, TestRunCache: InProgressTests is null
TpTrace Verbose: 0 : 28188, 4, 2024/11/18, 21:16:58.209, 1367748979325, testhost.dll, TestExecutionRecorder.RecordResult: Received result for test: KnjigaRecepataTest.SastojakTest.PrikaziSastojak_SmisleniPodaci_IspisSastojka.
TpTrace Verbose: 0 : 28188, 4, 2024/11/18, 21:16:58.209, 1367748979784, testhost.dll, MulticastDelegateUtilities.SafeInvoke: TestCaseEventsHandler.RaiseTestCaseEnd: Invoking callback 1/1 for Microsoft.VisualStudio.TestPlatform.CrossPlatEngine.DataCollection.ProxyOutOfProcDataCollectionManager., took 0 ms.
TpTrace Warning: 0 : 28188, 4, 2024/11/18, 21:16:58.209, 1367748980138, testhost.dll, TestRunCache: InProgressTests is null
TpTrace Warning: 0 : 28188, 4, 2024/11/18, 21:16:58.209, 1367748980423, testhost.dll, TestRunCache: No test found corresponding to testResult 'PrikaziSastojak_SmisleniPodaci_IspisSastojka (Grupa4_Tim1_KnjigaRecepata.Models.Sastojak,Sastojak: Kikiriki
Nutrijenti po jedinici
- ugljikohidrati: 10
- masti: 50
- proteini: 25
- vlakna: 8
- sol: 0
Alergeni: ORASASTI_PLODOVI)' in inProgress list.
TpTrace Verbose: 0 : 28188, 4, 2024/11/18, 21:16:58.209, 1367748980816, testhost.dll, TestExecutionRecorder.RecordEnd: test: KnjigaRecepataTest.SastojakTest.PrikaziSastojak_SmisleniPodaci_IspisSastojka execution completed.
TpTrace Warning: 0 : 28188, 4, 2024/11/18, 21:16:58.209, 1367748981113, testhost.dll, TestRunCache: InProgressTests is null
TpTrace Verbose: 0 : 28188, 4, 2024/11/18, 21:16:58.209, 1367748981385, testhost.dll, TestExecutionRecorder.RecordResult: Received result for test: KnjigaRecepataTest.SastojakTest.PrikaziSastojak_SmisleniPodaci_IspisSastojka.
TpTrace Verbose: 0 : 28188, 4, 2024/11/18, 21:16:58.209, 1367748981746, testhost.dll, MulticastDelegateUtilities.SafeInvoke: TestCaseEventsHandler.RaiseTestCaseEnd: Invoking callback 1/1 for Microsoft.VisualStudio.TestPlatform.CrossPlatEngine.DataCollection.ProxyOutOfProcDataCollectionManager., took 0 ms.
TpTrace Warning: 0 : 28188, 4, 2024/11/18, 21:16:58.209, 1367748981976, testhost.dll, TestRunCache: InProgressTests is null
TpTrace Warning: 0 : 28188, 4, 2024/11/18, 21:16:58.209, 1367748982168, testhost.dll, TestRunCache: No test found corresponding to testResult 'PrikaziSastojak_SmisleniPodaci_IspisSastojka (Grupa4_Tim1_KnjigaRecepata.Models.Sastojak,Sastojak: Med
Nutrijenti po jedinici
- ugljikohidrati: 80
- masti: 0
- proteini: 0
- vlakna: 0
- sol: 0.02
Alergeni: MED)' in inProgress list.
TpTrace Verbose: 0 : 28188, 4, 2024/11/18, 21:16:58.209, 1367748982706, testhost.dll, TestExecutionRecorder.RecordStart: Starting test: KnjigaRecepataTest.SastojakTest.PrikaziSastojak_Null_IspisPoruke.
TpTrace Verbose: 0 : 28188, 4, 2024/11/18, 21:16:58.210, 1367748996349, testhost.dll, MulticastDelegateUtilities.SafeInvoke: TestCaseEventsHandler.RaiseTestCaseStart: Invoking callback 1/1 for Microsoft.VisualStudio.TestPlatform.CrossPlatEngine.DataCollection.ProxyOutOfProcDataCollectionManager., took 1 ms.
TpTrace Information: 0 : 28188, 4, 2024/11/18, 21:16:58.210, 1367748997202, testhost.dll, MSTest - Executing test PrikaziSastojak_Null_IspisPoruke
TpTrace Information: 0 : 28188, 4, 2024/11/18, 21:16:58.211, 1367749003036, testhost.dll, MSTest - Executed test PrikaziSastojak_Null_IspisPoruke
TpTrace Verbose: 0 : 28188, 4, 2024/11/18, 21:16:58.211, 1367749003698, testhost.dll, TestExecutionRecorder.RecordEnd: test: KnjigaRecepataTest.SastojakTest.PrikaziSastojak_Null_IspisPoruke execution completed.
TpTrace Verbose: 0 : 28188, 4, 2024/11/18, 21:16:58.213, 1367749021624, testhost.dll, MulticastDelegateUtilities.SafeInvoke: TestCaseEventsHandler.RaiseTestCaseEnd: Invoking callback 1/1 for Microsoft.VisualStudio.TestPlatform.CrossPlatEngine.DataCollection.ProxyOutOfProcDataCollectionManager., took 1 ms.
TpTrace Verbose: 0 : 28188, 4, 2024/11/18, 21:16:58.213, 1367749022318, testhost.dll, TestExecutionRecorder.RecordResult: Received result for test: KnjigaRecepataTest.SastojakTest.PrikaziSastojak_Null_IspisPoruke.
TpTrace Verbose: 0 : 28188, 4, 2024/11/18, 21:16:58.213, 1367749022715, testhost.dll, MulticastDelegateUtilities.SafeInvoke: TestCaseEventsHandler.RaiseTestCaseEnd: Invoking callback 1/1 for Microsoft.VisualStudio.TestPlatform.CrossPlatEngine.DataCollection.ProxyOutOfProcDataCollectionManager., took 0 ms.
TpTrace Warning: 0 : 28188, 4, 2024/11/18, 21:16:58.213, 1367749023038, testhost.dll, TestRunCache: InProgressTests is null
TpTrace Warning: 0 : 28188, 4, 2024/11/18, 21:16:58.213, 1367749023304, testhost.dll, TestRunCache: No test found corresponding to testResult 'PrikaziSastojak_Null_IspisPoruke' in inProgress list.
TpTrace Verbose: 0 : 28188, 4, 2024/11/18, 21:16:58.213, 1367749023855, testhost.dll, TestExecutionRecorder.RecordStart: Starting test: KnjigaRecepataTest.ShoppingListaTest.IzracunajCijenu.
TpTrace Verbose: 0 : 28188, 4, 2024/11/18, 21:16:58.215, 1367749038864, testhost.dll, MulticastDelegateUtilities.SafeInvoke: TestCaseEventsHandler.RaiseTestCaseStart: Invoking callback 1/1 for Microsoft.VisualStudio.TestPlatform.CrossPlatEngine.DataCollection.ProxyOutOfProcDataCollectionManager., took 1 ms.
TpTrace Information: 0 : 28188, 4, 2024/11/18, 21:16:58.215, 1367749039671, testhost.dll, MSTest - Executing test IzracunajCijenu
TpTrace Information: 0 : 28188, 4, 2024/11/18, 21:16:58.217, 1367749067933, testhost.dll, MSTest - Executed test IzracunajCijenu
TpTrace Verbose: 0 : 28188, 4, 2024/11/18, 21:16:58.218, 1367749069383, testhost.dll, TestExecutionRecorder.RecordEnd: test: KnjigaRecepataTest.ShoppingListaTest.IzracunajCijenu execution completed.
TpTrace Verbose: 0 : 28188, 4, 2024/11/18, 21:16:58.219, 1367749088056, testhost.dll, MulticastDelegateUtilities.SafeInvoke: TestCaseEventsHandler.RaiseTestCaseEnd: Invoking callback 1/1 for Microsoft.VisualStudio.TestPlatform.CrossPlatEngine.DataCollection.ProxyOutOfProcDataCollectionManager., took 1 ms.
TpTrace Verbose: 0 : 28188, 4, 2024/11/18, 21:16:58.219, 1367749088626, testhost.dll, TestExecutionRecorder.RecordResult: Received result for test: KnjigaRecepataTest.ShoppingListaTest.IzracunajCijenu.
TpTrace Verbose: 0 : 28188, 4, 2024/11/18, 21:16:58.220, 1367749088952, testhost.dll, MulticastDelegateUtilities.SafeInvoke: TestCaseEventsHandler.RaiseTestCaseEnd: Invoking callback 1/1 for Microsoft.VisualStudio.TestPlatform.CrossPlatEngine.DataCollection.ProxyOutOfProcDataCollectionManager., took 0 ms.
TpTrace Warning: 0 : 28188, 4, 2024/11/18, 21:16:58.220, 1367749089214, testhost.dll, TestRunCache: InProgressTests is null
TpTrace Warning: 0 : 28188, 4, 2024/11/18, 21:16:58.220, 1367749089404, testhost.dll, TestRunCache: No test found corresponding to testResult 'IzracunajCijenu' in inProgress list.
TpTrace Verbose: 0 : 28188, 4, 2024/11/18, 21:16:58.220, 1367749089938, testhost.dll, TestExecutionRecorder.RecordStart: Starting test: KnjigaRecepataTest.ShoppingListaTest.PrikaziShoppingListuPraznaLista.
TpTrace Verbose: 0 : 28188, 4, 2024/11/18, 21:16:58.222, 1367749110255, testhost.dll, MulticastDelegateUtilities.SafeInvoke: TestCaseEventsHandler.RaiseTestCaseStart: Invoking callback 1/1 for Microsoft.VisualStudio.TestPlatform.CrossPlatEngine.DataCollection.ProxyOutOfProcDataCollectionManager., took 1 ms.
TpTrace Information: 0 : 28188, 4, 2024/11/18, 21:16:58.222, 1367749111185, testhost.dll, MSTest - Executing test PrikaziShoppingListuPraznaLista
TpTrace Information: 0 : 28188, 4, 2024/11/18, 21:16:58.223, 1367749126990, testhost.dll, MSTest - Executed test PrikaziShoppingListuPraznaLista
TpTrace Verbose: 0 : 28188, 4, 2024/11/18, 21:16:58.223, 1367749127883, testhost.dll, TestExecutionRecorder.RecordEnd: test: KnjigaRecepataTest.ShoppingListaTest.PrikaziShoppingListuPraznaLista execution completed.
TpTrace Verbose: 0 : 28188, 4, 2024/11/18, 21:16:58.225, 1367749148384, testhost.dll, MulticastDelegateUtilities.SafeInvoke: TestCaseEventsHandler.RaiseTestCaseEnd: Invoking callback 1/1 for Microsoft.VisualStudio.TestPlatform.CrossPlatEngine.DataCollection.ProxyOutOfProcDataCollectionManager., took 2 ms.
TpTrace Verbose: 0 : 28188, 4, 2024/11/18, 21:16:58.226, 1367749149095, testhost.dll, TestExecutionRecorder.RecordResult: Received result for test: KnjigaRecepataTest.ShoppingListaTest.PrikaziShoppingListuPraznaLista.
TpTrace Verbose: 0 : 28188, 4, 2024/11/18, 21:16:58.226, 1367749149576, testhost.dll, MulticastDelegateUtilities.SafeInvoke: TestCaseEventsHandler.RaiseTestCaseEnd: Invoking callback 1/1 for Microsoft.VisualStudio.TestPlatform.CrossPlatEngine.DataCollection.ProxyOutOfProcDataCollectionManager., took 0 ms.
TpTrace Warning: 0 : 28188, 4, 2024/11/18, 21:16:58.226, 1367749149904, testhost.dll, TestRunCache: InProgressTests is null
TpTrace Warning: 0 : 28188, 4, 2024/11/18, 21:16:58.226, 1367749150198, testhost.dll, TestRunCache: No test found corresponding to testResult 'PrikaziShoppingListuPraznaLista' in inProgress list.
TpTrace Verbose: 0 : 28188, 4, 2024/11/18, 21:16:58.226, 1367749150827, testhost.dll, TestExecutionRecorder.RecordStart: Starting test: KnjigaRecepataTest.ShoppingListaTest.PrikaziShoppingListuNullLista.
TpTrace Verbose: 0 : 28188, 4, 2024/11/18, 21:16:58.228, 1367749169749, testhost.dll, MulticastDelegateUtilities.SafeInvoke: TestCaseEventsHandler.RaiseTestCaseStart: Invoking callback 1/1 for Microsoft.VisualStudio.TestPlatform.CrossPlatEngine.DataCollection.ProxyOutOfProcDataCollectionManager., took 1 ms.
TpTrace Information: 0 : 28188, 4, 2024/11/18, 21:16:58.228, 1367749170449, testhost.dll, MSTest - Executing test PrikaziShoppingListuNullLista
TpTrace Information: 0 : 28188, 4, 2024/11/18, 21:16:58.228, 1367749175565, testhost.dll, MSTest - Executed test PrikaziShoppingListuNullLista
TpTrace Verbose: 0 : 28188, 4, 2024/11/18, 21:16:58.228, 1367749176315, testhost.dll, TestExecutionRecorder.RecordEnd: test: KnjigaRecepataTest.ShoppingListaTest.PrikaziShoppingListuNullLista execution completed.
TpTrace Verbose: 0 : 28188, 4, 2024/11/18, 21:16:58.230, 1367749189713, testhost.dll, MulticastDelegateUtilities.SafeInvoke: TestCaseEventsHandler.RaiseTestCaseEnd: Invoking callback 1/1 for Microsoft.VisualStudio.TestPlatform.CrossPlatEngine.DataCollection.ProxyOutOfProcDataCollectionManager., took 1 ms.
TpTrace Verbose: 0 : 28188, 4, 2024/11/18, 21:16:58.230, 1367749190292, testhost.dll, TestExecutionRecorder.RecordResult: Received result for test: KnjigaRecepataTest.ShoppingListaTest.PrikaziShoppingListuNullLista.
TpTrace Verbose: 0 : 28188, 4, 2024/11/18, 21:16:58.230, 1367749190671, testhost.dll, MulticastDelegateUtilities.SafeInvoke: TestCaseEventsHandler.RaiseTestCaseEnd: Invoking callback 1/1 for Microsoft.VisualStudio.TestPlatform.CrossPlatEngine.DataCollection.ProxyOutOfProcDataCollectionManager., took 0 ms.
TpTrace Warning: 0 : 28188, 4, 2024/11/18, 21:16:58.230, 1367749190990, testhost.dll, TestRunCache: InProgressTests is null
TpTrace Warning: 0 : 28188, 4, 2024/11/18, 21:16:58.230, 1367749191251, testhost.dll, TestRunCache: No test found corresponding to testResult 'PrikaziShoppingListuNullLista' in inProgress list.
TpTrace Verbose: 0 : 28188, 4, 2024/11/18, 21:16:58.230, 1367749191839, testhost.dll, TestExecutionRecorder.RecordStart: Starting test: KnjigaRecepataTest.ShoppingListaTest.PrikaziShoppingListu.
TpTrace Verbose: 0 : 28188, 4, 2024/11/18, 21:16:58.231, 1367749203119, testhost.dll, MulticastDelegateUtilities.SafeInvoke: TestCaseEventsHandler.RaiseTestCaseStart: Invoking callback 1/1 for Microsoft.VisualStudio.TestPlatform.CrossPlatEngine.DataCollection.ProxyOutOfProcDataCollectionManager., took 1 ms.
TpTrace Information: 0 : 28188, 4, 2024/11/18, 21:16:58.231, 1367749203818, testhost.dll, MSTest - Executing test PrikaziShoppingListu
TpTrace Information: 0 : 28188, 4, 2024/11/18, 21:16:58.241, 1367749300085, testhost.dll, MSTest - Executed test PrikaziShoppingListu
TpTrace Verbose: 0 : 28188, 4, 2024/11/18, 21:16:58.241, 1367749301213, testhost.dll, TestExecutionRecorder.RecordEnd: test: KnjigaRecepataTest.ShoppingListaTest.PrikaziShoppingListu execution completed.
TpTrace Verbose: 0 : 28188, 4, 2024/11/18, 21:16:58.242, 1367749317919, testhost.dll, MulticastDelegateUtilities.SafeInvoke: TestCaseEventsHandler.RaiseTestCaseEnd: Invoking callback 1/1 for Microsoft.VisualStudio.TestPlatform.CrossPlatEngine.DataCollection.ProxyOutOfProcDataCollectionManager., took 1 ms.
TpTrace Information: 0 : 28188, 4, 2024/11/18, 21:16:58.243, 1367749319160, testhost.dll, MSTest - MSTestExecutor:Test KnjigaRecepataTest.ShoppingListaTest.PrikaziShoppingListu failed. ErrorMessage:Assert.AreEqual failed. Expected:<Kako biste pripremili Pohovana piletina potrebno je da kupite:
- Brano: 100 g
- Mlijeko: 1 ml
- Sol: 1 tsp
- Piletina: 150 g
Ukupni trosak: 350,85
>. Actual:<Kako biste pripremili Pohovana piletina potrebno je da kupite:
- Brano: 100 g
- Mlijeko: 1 ml
- Sol: 1 tsp
- Piletina: 150 g
Ukupni trosak: 350.85
>. , ErrorStackTrace:   at KnjigaRecepataTest.ShoppingListaTest.PrikaziShoppingListu() in C:\Users\lamij\Desktop\Fakultet\5. semestar\VVS\VVS-projekat1\KnjigaRecepataTest\ShoppingListaTest.cs:line 102
   at System.RuntimeMethodHandle.InvokeMethod(Object target, Void** arguments, Signature sig, Boolean isConstructor)
   at System.Reflection.MethodBaseInvoker.InvokeWithNoArgs(Object obj, BindingFlags invokeAttr)
.
TpTrace Verbose: 0 : 28188, 4, 2024/11/18, 21:16:58.243, 1367749319820, testhost.dll, TestExecutionRecorder.RecordResult: Received result for test: KnjigaRecepataTest.ShoppingListaTest.PrikaziShoppingListu.
TpTrace Verbose: 0 : 28188, 4, 2024/11/18, 21:16:58.243, 1367749320214, testhost.dll, MulticastDelegateUtilities.SafeInvoke: TestCaseEventsHandler.RaiseTestCaseEnd: Invoking callback 1/1 for Microsoft.VisualStudio.TestPlatform.CrossPlatEngine.DataCollection.ProxyOutOfProcDataCollectionManager., took 0 ms.
TpTrace Warning: 0 : 28188, 4, 2024/11/18, 21:16:58.243, 1367749320469, testhost.dll, TestRunCache: InProgressTests is null
TpTrace Warning: 0 : 28188, 4, 2024/11/18, 21:16:58.243, 1367749320660, testhost.dll, TestRunCache: No test found corresponding to testResult 'PrikaziShoppingListu' in inProgress list.
TpTrace Information: 0 : 28188, 4, 2024/11/18, 21:16:58.243, 1367749321134, testhost.dll, MSTest - Executed tests belonging to source C:\Users\lamij\Desktop\Fakultet\5. semestar\VVS\VVS-projekat1\KnjigaRecepataTest\bin\Debug\net8.0\Debug\net8.0\fine-code-coverage\build-output\KnjigaRecepataTest.dll
TpTrace Verbose: 0 : 28188, 4, 2024/11/18, 21:16:58.243, 1367749325260, testhost.dll, BaseRunTests.RunTestInternalWithExecutors: Completed running tests for executor://MSTestAdapter/v2
TpTrace Verbose: 0 : 28188, 4, 2024/11/18, 21:16:58.244, 1367749335124, testhost.dll, MulticastDelegateUtilities.SafeInvoke: TestCaseEventsHandler.RaiseSessionEnd: Invoking callback 1/1 for Microsoft.VisualStudio.TestPlatform.CrossPlatEngine.DataCollection.ProxyOutOfProcDataCollectionManager., took 0 ms.
TpTrace Information: 0 : 28188, 4, 2024/11/18, 21:16:58.246, 1367749355023, testhost.dll, Sending test run complete
TpTrace Verbose: 0 : 28188, 4, 2024/11/18, 21:16:58.255, 1367749440120, testhost.dll, TestRequestHandler.SendData: sending data from testhost: {"Version":7,"MessageType":"TestExecution.Completed","Payload":{"TestRunCompleteArgs":{"TestRunStatistics":{"ExecutedTests":27,"Stats":{"Passed":26,"Failed":1}},"IsCanceled":false,"IsAborted":false,"Error":null,"AttachmentSets":[],"InvokedDataCollectors":[],"ElapsedTimeInRunningTests":"00:00:00.5101285","Metrics":{},"DiscoveredExtensions":{"TestDiscoverers":["Microsoft.VisualStudio.TestPlatform.MSTest.TestAdapter.MSTestDiscoverer, Microsoft.VisualStudio.TestPlatform.MSTest.TestAdapter, Version=14.0.0.0, Culture=neutral, PublicKeyToken=b03f5f7f11d50a3a"],"TestExecutors":["executor://MSTestAdapter/v2"],"TestExecutors2":[],"TestSettingsProviders":[]}},"LastRunTests":{"NewTestResults":[{"TestCase":{"Id":"a91506f2-5ef2-802a-c559-48037a99bfc2","FullyQualifiedName":"KnjigaRecepataTest.SastojakTest.PrikaziSastojak_SmisleniPodaci_IspisSastojka","DisplayName":"PrikaziSastojak_SmisleniPodaci_IspisSastojka","ExecutorUri":"executor://MSTestAdapter/v2","Source":"C:\\Users\\lamij\\Desktop\\Fakultet\\5. semestar\\VVS\\VVS-projekat1\\KnjigaRecepataTest\\bin\\Debug\\net8.0\\Debug\\net8.0\\fine-code-coverage\\build-output\\KnjigaRecepataTest.dll","CodeFilePath":null,"LineNumber":-1,"Properties":[{"Key":{"Id":"MSTestDiscoverer.TestClassName","Label":"ClassName","Category":"","Description":"","Attributes":1,"ValueType":"System.String"},"Value":"KnjigaRecepataTest.SastojakTest"},{"Key":{"Id":"TestObject.Traits","Label":"Traits","Category":"","Description":"","Attributes":5,"ValueType":"System.Collections.Generic.KeyValuePair`2[[System.String],[System.String]][]"},"Value":[]},{"Key":{"Id":"TestCase.ManagedType","Label":"ManagedType","Category":"","Description":"","Attributes":1,"ValueType":"System.String"},"Value":"KnjigaRecepataTest.SastojakTest"},{"Key":{"Id":"TestCase.ManagedMethod","Label":"ManagedMethod","Category":"","Description":"","Attributes":1,"ValueType":"System.String"},"Value":"PrikaziSastojak_SmisleniPodaci_IspisSastojka(Grupa4_Tim1_KnjigaRecepata.Models.Sastojak,System.String)"},{"Key":{"Id":"MSTest.TestIdGenerationStrategy","Label":"TestIdGenerationStrategy","Category":"","Description":"","Attributes":1,"ValueType":"System.Int32"},"Value":2},{"Key":{"Id":"TestCase.Hierarchy","Label":"Hierarchy","Category":"","Description":"","Attributes":2,"ValueType":"System.String[]"},"Value":[null,"KnjigaRecepataTest","SastojakTest","PrikaziSastojak_SmisleniPodaci_IspisSastojka(Grupa4_Tim1_KnjigaRecepata.Models.Sastojak,System.String)"]}]},"Attachments":[],"Outcome":1,"ErrorMessage":null,"ErrorStackTrace":null,"DisplayName":"PrikaziSastojak_SmisleniPodaci_IspisSastojka (Grupa4_Tim1_KnjigaRecepata.Models.Sastojak,Sastojak: Bijelo brasno\nNutrijenti po jedinici\n- ugljikohidrati: 70\n- masti: 1\n- proteini: 10\n- vlakna: 3\n- sol: 0.01\nAlergeni: GLUTEN)","Messages":[],"ComputerName":"LAPTOP-0JP6SGKO","Duration":"00:00:00.0000149","StartTime":"2024-11-18T21:16:58.2000432+01:00","EndTime":"2024-11-18T21:16:58.2023536+01:00","Properties":[{"Key":{"Id":"ParentExecId","Label":"ParentExecId","Category":"","Description":"","Attributes":1,"ValueType":"System.Guid"},"Value":"de1f1a49-3dd0-41a3-a738-f01c129b0657"},{"Key":{"Id":"ExecutionId","Label":"ExecutionId","Category":"","Description":"","Attributes":1,"ValueType":"System.Guid"},"Value":"d5d5e08d-fb8f-4249-aedc-95de671bc2e9"},{"Key":{"Id":"InnerResultsCount","Label":"InnerResultsCount","Category":"","Description":"","Attributes":1,"ValueType":"System.Int32"},"Value":0}]},{"TestCase":{"Id":"a91506f2-5ef2-802a-c559-48037a99bfc2","FullyQualifiedName":"KnjigaRecepataTest.SastojakTest.PrikaziSastojak_SmisleniPodaci_IspisSastojka","DisplayName":"PrikaziSastojak_SmisleniPodaci_IspisSastojka","ExecutorUri":"executor://MSTestAdapter/v2","Source":"C:\\Users\\lamij\\Desktop\\Fakultet\\5. semestar\\VVS\\VVS-projekat1\\KnjigaRecepataTest\\bin\\Debug\\net8.0\\Debug\\net8.0\\fine-code-coverage\\build-output\\KnjigaRecepataTest.dll","CodeFilePath":null,"LineNumber":-1,"Properties":[{"Key":{"Id":"MSTestDiscoverer.TestClassName","Label":"ClassName","Category":"","Description":"","Attributes":1,"ValueType":"System.String"},"Value":"KnjigaRecepataTest.SastojakTest"},{"Key":{"Id":"TestObject.Traits","Label":"Traits","Category":"","Description":"","Attributes":5,"ValueType":"System.Collections.Generic.KeyValuePair`2[[System.String],[System.String]][]"},"Value":[]},{"Key":{"Id":"TestCase.ManagedType","Label":"ManagedType","Category":"","Description":"","Attributes":1,"ValueType":"System.String"},"Value":"KnjigaRecepataTest.SastojakTest"},{"Key":{"Id":"TestCase.ManagedMethod","Label":"ManagedMethod","Category":"","Description":"","Attributes":1,"ValueType":"System.String"},"Value":"PrikaziSastojak_SmisleniPodaci_IspisSastojka(Grupa4_Tim1_KnjigaRecepata.Models.Sastojak,System.String)"},{"Key":{"Id":"MSTest.TestIdGenerationStrategy","Label":"TestIdGenerationStrategy","Category":"","Description":"","Attributes":1,"ValueType":"System.Int32"},"Value":2},{"Key":{"Id":"TestCase.Hierarchy","Label":"Hierarchy","Category":"","Description":"","Attributes":2,"ValueType":"System.String[]"},"Value":[null,"KnjigaRecepataTest","SastojakTest","PrikaziSastojak_SmisleniPodaci_IspisSastojka(Grupa4_Tim1_KnjigaRecepata.Models.Sastojak,System.String)"]}]},"Attachments":[],"Outcome":1,"ErrorMessage":null,"ErrorStackTrace":null,"DisplayName":"PrikaziSastojak_SmisleniPodaci_IspisSastojka (Grupa4_Tim1_KnjigaRecepata.Models.Sastojak,Sastojak: Kikiriki\nNutrijenti po jedinici\n- ugljikohidrati: 10\n- masti: 50\n- proteini: 25\n- vlakna: 8\n- sol: 0\nAlergeni: ORASASTI_PLODOVI)","Messages":[],"ComputerName":"LAPTOP-0JP6SGKO","Duration":"00:00:00.0000064","StartTime":"2024-11-18T21:16:58.2000432+01:00","EndTime":"2024-11-18T21:16:58.2023536+01:00","Properties":[{"Key":{"Id":"ParentExecId","Label":"ParentExecId","Category":"","Description":"","Attributes":1,"ValueType":"System.Guid"},"Value":"de81b718-b5f7-4143-abfa-c963d745bb9f"},{"Key":{"Id":"ExecutionId","Label":"ExecutionId","Category":"","Description":"","Attributes":1,"ValueType":"System.Guid"},"Value":"0fb075e4-74aa-49e1-be4c-745527a6b1b6"},{"Key":{"Id":"InnerResultsCount","Label":"InnerResultsCount","Category":"","Description":"","Attributes":1,"ValueType":"System.Int32"},"Value":0}]},{"TestCase":{"Id":"a91506f2-5ef2-802a-c559-48037a99bfc2","FullyQualifiedName":"KnjigaRecepataTest.SastojakTest.PrikaziSastojak_SmisleniPodaci_IspisSastojka","DisplayName":"PrikaziSastojak_SmisleniPodaci_IspisSastojka","ExecutorUri":"executor://MSTestAdapter/v2","Source":"C:\\Users\\lamij\\Desktop\\Fakultet\\5. semestar\\VVS\\VVS-projekat1\\KnjigaRecepataTest\\bin\\Debug\\net8.0\\Debug\\net8.0\\fine-code-coverage\\build-output\\KnjigaRecepataTest.dll","CodeFilePath":null,"LineNumber":-1,"Properties":[{"Key":{"Id":"MSTestDiscoverer.TestClassName","Label":"ClassName","Category":"","Description":"","Attributes":1,"ValueType":"System.String"},"Value":"KnjigaRecepataTest.SastojakTest"},{"Key":{"Id":"TestObject.Traits","Label":"Traits","Category":"","Description":"","Attributes":5,"ValueType":"System.Collections.Generic.KeyValuePair`2[[System.String],[System.String]][]"},"Value":[]},{"Key":{"Id":"TestCase.ManagedType","Label":"ManagedType","Category":"","Description":"","Attributes":1,"ValueType":"System.String"},"Value":"KnjigaRecepataTest.SastojakTest"},{"Key":{"Id":"TestCase.ManagedMethod","Label":"ManagedMethod","Category":"","Description":"","Attributes":1,"ValueType":"System.String"},"Value":"PrikaziSastojak_SmisleniPodaci_IspisSastojka(Grupa4_Tim1_KnjigaRecepata.Models.Sastojak,System.String)"},{"Key":{"Id":"MSTest.TestIdGenerationStrategy","Label":"TestIdGenerationStrategy","Category":"","Description":"","Attributes":1,"ValueType":"System.Int32"},"Value":2},{"Key":{"Id":"TestCase.Hierarchy","Label":"Hierarchy","Category":"","Description":"","Attributes":2,"ValueType":"System.String[]"},"Value":[null,"KnjigaRecepataTest","SastojakTest","PrikaziSastojak_SmisleniPodaci_IspisSastojka(Grupa4_Tim1_KnjigaRecepata.Models.Sastojak,System.String)"]}]},"Attachments":[],"Outcome":1,"ErrorMessage":null,"ErrorStackTrace":null,"DisplayName":"PrikaziSastojak_SmisleniPodaci_IspisSastojka (Grupa4_Tim1_KnjigaRecepata.Models.Sastojak,Sastojak: Med\nNutrijenti po jedinici\n- ugljikohidrati: 80\n- masti: 0\n- proteini: 0\n- vlakna: 0\n- sol: 0.02\nAlergeni: MED)","Messages":[],"ComputerName":"LAPTOP-0JP6SGKO","Duration":"00:00:00.0000066","StartTime":"2024-11-18T21:16:58.2000432+01:00","EndTime":"2024-11-18T21:16:58.2023536+01:00","Properties":[{"Key":{"Id":"ParentExecId","Label":"ParentExecId","Category":"","Description":"","Attributes":1,"ValueType":"System.Guid"},"Value":"e7a0797e-1e41-47e7-82d1-a1a5c86f2c51"},{"Key":{"Id":"ExecutionId","Label":"ExecutionId","Category":"","Description":"","Attributes":1,"ValueType":"System.Guid"},"Value":"65ff18a9-a3e5-4afa-a50b-0e9828bc1a33"},{"Key":{"Id":"InnerResultsCount","Label":"InnerResultsCount","Category":"","Description":"","Attributes":1,"ValueType":"System.Int32"},"Value":0}]},{"TestCase":{"Id":"d34d356c-3f81-89d7-ee49-a21af878296a","FullyQualifiedName":"KnjigaRecepataTest.SastojakTest.PrikaziSastojak_Null_IspisPoruke","DisplayName":"PrikaziSastojak_Null_IspisPoruke","ExecutorUri":"executor://MSTestAdapter/v2","Source":"C:\\Users\\lamij\\Desktop\\Fakultet\\5. semestar\\VVS\\VVS-projekat1\\KnjigaRecepataTest\\bin\\Debug\\net8.0\\Debug\\net8.0\\fine-code-coverage\\build-output\\KnjigaRecepataTest.dll","CodeFilePath":null,"LineNumber":-1,"Properties":[{"Key":{"Id":"MSTestDiscoverer.TestClassName","Label":"ClassName","Category":"","Description":"","Attributes":1,"ValueType":"System.String"},"Value":"KnjigaRecepataTest.SastojakTest"},{"Key":{"Id":"TestObject.Traits","Label":"Traits","Category":"","Description":"","Attributes":5,"ValueType":"System.Collections.Generic.KeyValuePair`2[[System.String],[System.String]][]"},"Value":[]},{"Key":{"Id":"TestCase.ManagedType","Label":"ManagedType","Category":"","Description":"","Attributes":1,"ValueType":"System.String"},"Value":"KnjigaRecepataTest.SastojakTest"},{"Key":{"Id":"TestCase.ManagedMethod","Label":"ManagedMethod","Category":"","Description":"","Attributes":1,"ValueType":"System.String"},"Value":"PrikaziSastojak_Null_IspisPoruke"},{"Key":{"Id":"MSTest.TestIdGenerationStrategy","Label":"TestIdGenerationStrategy","Category":"","Description":"","Attributes":1,"ValueType":"System.Int32"},"Value":2},{"Key":{"Id":"TestCase.Hierarchy","Label":"Hierarchy","Category":"","Description":"","Attributes":2,"ValueType":"System.String[]"},"Value":[null,"KnjigaRecepataTest","SastojakTest","PrikaziSastojak_Null_IspisPoruke"]}]},"Attachments":[],"Outcome":1,"ErrorMessage":null,"ErrorStackTrace":null,"DisplayName":"PrikaziSastojak_Null_IspisPoruke","Messages":[],"ComputerName":"LAPTOP-0JP6SGKO","Duration":"00:00:00.0003443","StartTime":"2024-11-18T21:16:58.2108387+01:00","EndTime":"2024-11-18T21:16:58.2114834+01:00","Properties":[{"Key":{"Id":"ParentExecId","Label":"ParentExecId","Category":"","Description":"","Attributes":1,"ValueType":"System.Guid"},"Value":"00000000-0000-0000-0000-000000000000"},{"Key":{"Id":"ExecutionId","Label":"ExecutionId","Category":"","Description":"","Attributes":1,"ValueType":"System.Guid"},"Value":"00000000-0000-0000-0000-000000000000"},{"Key":{"Id":"InnerResultsCount","Label":"InnerResultsCount","Category":"","Description":"","Attributes":1,"ValueType":"System.Int32"},"Value":0}]},{"TestCase":{"Id":"41463e25-2d74-5fbd-d2e8-22bbeba309d1","FullyQualifiedName":"KnjigaRecepataTest.ShoppingListaTest.IzracunajCijenu","DisplayName":"IzracunajCijenu","ExecutorUri":"executor://MSTestAdapter/v2","Source":"C:\\Users\\lamij\\Desktop\\Fakultet\\5. semestar\\VVS\\VVS-projekat1\\KnjigaRecepataTest\\bin\\Debug\\net8.0\\Debug\\net8.0\\fine-code-coverage\\build-output\\KnjigaRecepataTest.dll","CodeFilePath":null,"LineNumber":-1,"Properties":[{"Key":{"Id":"MSTestDiscoverer.TestClassName","Label":"ClassName","Category":"","Description":"","Attributes":1,"ValueType":"System.String"},"Value":"KnjigaRecepataTest.ShoppingListaTest"},{"Key":{"Id":"TestObject.Traits","Label":"Traits","Category":"","Description":"","Attributes":5,"ValueType":"System.Collections.Generic.KeyValuePair`2[[System.String],[System.String]][]"},"Value":[]},{"Key":{"Id":"TestCase.ManagedType","Label":"ManagedType","Category":"","Description":"","Attributes":1,"ValueType":"System.String"},"Value":"KnjigaRecepataTest.ShoppingListaTest"},{"Key":{"Id":"TestCase.ManagedMethod","Label":"ManagedMethod","Category":"","Description":"","Attributes":1,"ValueType":"System.String"},"Value":"IzracunajCijenu"},{"Key":{"Id":"MSTest.TestIdGenerationStrategy","Label":"TestIdGenerationStrategy","Category":"","Description":"","Attributes":1,"ValueType":"System.Int32"},"Value":2},{"Key":{"Id":"TestCase.Hierarchy","Label":"Hierarchy","Category":"","Description":"","Attributes":2,"ValueType":"System.String[]"},"Value":[null,"KnjigaRecepataTest","ShoppingListaTest","IzracunajCijenu"]}]},"Attachments":[],"Outcome":1,"ErrorMessage":null,"ErrorStackTrace":null,"DisplayName":"IzracunajCijenu","Messages":[],"ComputerName":"LAPTOP-0JP6SGKO","Duration":"00:00:00.0010181","StartTime":"2024-11-18T21:16:58.2150865+01:00","EndTime":"2024-11-18T21:16:58.2180357+01:00","Properties":[{"Key":{"Id":"ParentExecId","Label":"ParentExecId","Category":"","Description":"","Attributes":1,"ValueType":"System.Guid"},"Value":"00000000-0000-0000-0000-000000000000"},{"Key":{"Id":"ExecutionId","Label":"ExecutionId","Category":"","Description":"","Attributes":1,"ValueType":"System.Guid"},"Value":"00000000-0000-0000-0000-000000000000"},{"Key":{"Id":"InnerResultsCount","Label":"InnerResultsCount","Category":"","Description":"","Attributes":1,"ValueType":"System.Int32"},"Value":0}]},{"TestCase":{"Id":"55f90b97-1be9-df1c-8104-35b157a687a8","FullyQualifiedName":"KnjigaRecepataTest.ShoppingListaTest.PrikaziShoppingListuPraznaLista","DisplayName":"PrikaziShoppingListuPraznaLista","ExecutorUri":"executor://MSTestAdapter/v2","Source":"C:\\Users\\lamij\\Desktop\\Fakultet\\5. semestar\\VVS\\VVS-projekat1\\KnjigaRecepataTest\\bin\\Debug\\net8.0\\Debug\\net8.0\\fine-code-coverage\\build-output\\KnjigaRecepataTest.dll","CodeFilePath":null,"LineNumber":-1,"Properties":[{"Key":{"Id":"MSTestDiscoverer.TestClassName","Label":"ClassName","Category":"","Description":"","Attributes":1,"ValueType":"System.String"},"Value":"KnjigaRecepataTest.ShoppingListaTest"},{"Key":{"Id":"TestObject.Traits","Label":"Traits","Category":"","Description":"","Attributes":5,"ValueType":"System.Collections.Generic.KeyValuePair`2[[System.String],[System.String]][]"},"Value":[]},{"Key":{"Id":"TestCase.ManagedType","Label":"ManagedType","Category":"","Description":"","Attributes":1,"ValueType":"System.String"},"Value":"KnjigaRecepataTest.ShoppingListaTest"},{"Key":{"Id":"TestCase.ManagedMethod","Label":"ManagedMethod","Category":"","Description":"","Attributes":1,"ValueType":"System.String"},"Value":"PrikaziShoppingListuPraznaLista"},{"Key":{"Id":"MSTest.TestIdGenerationStrategy","Label":"TestIdGenerationStrategy","Category":"","Description":"","Attributes":1,"ValueType":"System.Int32"},"Value":2},{"Key":{"Id":"TestCase.Hierarchy","Label":"Hierarchy","Category":"","Description":"","Attributes":2,"ValueType":"System.String[]"},"Value":[null,"KnjigaRecepataTest","ShoppingListaTest","PrikaziShoppingListuPraznaLista"]}]},"Attachments":[],"Outcome":1,"ErrorMessage":null,"ErrorStackTrace":null,"DisplayName":"PrikaziShoppingListuPraznaLista","Messages":[],"ComputerName":"LAPTOP-0JP6SGKO","Duration":"00:00:00.0012540","StartTime":"2024-11-18T21:16:58.2222359+01:00","EndTime":"2024-11-18T21:16:58.2238915+01:00","Properties":[{"Key":{"Id":"ParentExecId","Label":"ParentExecId","Category":"","Description":"","Attributes":1,"ValueType":"System.Guid"},"Value":"00000000-0000-0000-0000-000000000000"},{"Key":{"Id":"ExecutionId","Label":"ExecutionId","Category":"","Description":"","Attributes":1,"ValueType":"System.Guid"},"Value":"00000000-0000-0000-0000-000000000000"},{"Key":{"Id":"InnerResultsCount","Label":"InnerResultsCount","Category":"","Description":"","Attributes":1,"ValueType":"System.Int32"},"Value":0}]},{"TestCase":{"Id":"02353d03-aee2-2c45-3ffe-b37a01e08bee","FullyQualifiedName":"KnjigaRecepataTest.ShoppingListaTest.PrikaziShoppingListuNullLista","DisplayName":"PrikaziShoppingListuNullLista","ExecutorUri":"executor://MSTestAdapter/v2","Source":"C:\\Users\\lamij\\Desktop\\Fakultet\\5. semestar\\VVS\\VVS-projekat1\\KnjigaRecepataTest\\bin\\Debug\\net8.0\\Debug\\net8.0\\fine-code-coverage\\build-output\\KnjigaRecepataTest.dll","CodeFilePath":null,"LineNumber":-1,"Properties":[{"Key":{"Id":"MSTestDiscoverer.TestClassName","Label":"ClassName","Category":"","Description":"","Attributes":1,"ValueType":"System.String"},"Value":"KnjigaRecepataTest.ShoppingListaTest"},{"Key":{"Id":"TestObject.Traits","Label":"Traits","Category":"","Description":"","Attributes":5,"ValueType":"System.Collections.Generic.KeyValuePair`2[[System.String],[System.String]][]"},"Value":[]},{"Key":{"Id":"TestCase.ManagedType","Label":"ManagedType","Category":"","Description":"","Attributes":1,"ValueType":"System.String"},"Value":"KnjigaRecepataTest.ShoppingListaTest"},{"Key":{"Id":"TestCase.ManagedMethod","Label":"ManagedMethod","Category":"","Description":"","Attributes":1,"ValueType":"System.String"},"Value":"PrikaziShoppingListuNullLista"},{"Key":{"Id":"MSTest.TestIdGenerationStrategy","Label":"TestIdGenerationStrategy","Category":"","Description":"","Attributes":1,"ValueType":"System.Int32"},"Value":2},{"Key":{"Id":"TestCase.Hierarchy","Label":"Hierarchy","Category":"","Description":"","Attributes":2,"ValueType":"System.String[]"},"Value":[null,"KnjigaRecepataTest","ShoppingListaTest","PrikaziShoppingListuNullLista"]}]},"Attachments":[],"Outcome":1,"ErrorMessage":null,"ErrorStackTrace":null,"DisplayName":"PrikaziShoppingListuNullLista","Messages":[],"ComputerName":"LAPTOP-0JP6SGKO","Duration":"00:00:00.0002880","StartTime":"2024-11-18T21:16:58.228165+01:00","EndTime":"2024-11-18T21:16:58.22874+01:00","Properties":[{"Key":{"Id":"ParentExecId","Label":"ParentExecId","Category":"","Description":"","Attributes":1,"ValueType":"System.Guid"},"Value":"00000000-0000-0000-0000-000000000000"},{"Key":{"Id":"ExecutionId","Label":"ExecutionId","Category":"","Description":"","Attributes":1,"ValueType":"System.Guid"},"Value":"00000000-0000-0000-0000-000000000000"},{"Key":{"Id":"InnerResultsCount","Label":"InnerResultsCount","Category":"","Description":"","Attributes":1,"ValueType":"System.Int32"},"Value":0}]},{"TestCase":{"Id":"155a7939-264f-05b4-fe87-fefcb9304c91","FullyQualifiedName":"KnjigaRecepataTest.ShoppingListaTest.PrikaziShoppingListu","DisplayName":"PrikaziShoppingListu","ExecutorUri":"executor://MSTestAdapter/v2","Source":"C:\\Users\\lamij\\Desktop\\Fakultet\\5. semestar\\VVS\\VVS-projekat1\\KnjigaRecepataTest\\bin\\Debug\\net8.0\\Debug\\net8.0\\fine-code-coverage\\build-output\\KnjigaRecepataTest.dll","CodeFilePath":null,"LineNumber":-1,"Properties":[{"Key":{"Id":"MSTestDiscoverer.TestClassName","Label":"ClassName","Category":"","Description":"","Attributes":1,"ValueType":"System.String"},"Value":"KnjigaRecepataTest.ShoppingListaTest"},{"Key":{"Id":"TestObject.Traits","Label":"Traits","Category":"","Description":"","Attributes":5,"ValueType":"System.Collections.Generic.KeyValuePair`2[[System.String],[System.String]][]"},"Value":[]},{"Key":{"Id":"TestCase.ManagedType","Label":"ManagedType","Category":"","Description":"","Attributes":1,"ValueType":"System.String"},"Value":"KnjigaRecepataTest.ShoppingListaTest"},{"Key":{"Id":"TestCase.ManagedMethod","Label":"ManagedMethod","Category":"","Description":"","Attributes":1,"ValueType":"System.String"},"Value":"PrikaziShoppingListu"},{"Key":{"Id":"MSTest.TestIdGenerationStrategy","Label":"TestIdGenerationStrategy","Category":"","Description":"","Attributes":1,"ValueType":"System.Int32"},"Value":2},{"Key":{"Id":"TestCase.Hierarchy","Label":"Hierarchy","Category":"","Description":"","Attributes":2,"ValueType":"System.String[]"},"Value":[null,"KnjigaRecepataTest","ShoppingListaTest","PrikaziShoppingListu"]}]},"Attachments":[],"Outcome":2,"ErrorMessage":"Assert.AreEqual failed. Expected:<Kako biste pripremili Pohovana piletina potrebno je da kupite:\r\n- Brano: 100 g\r\n- Mlijeko: 1 ml\r\n- Sol: 1 tsp\r\n- Piletina: 150 g\r\nUkupni trosak: 350,85\r\n>. Actual:<Kako biste pripremili Pohovana piletina potrebno je da kupite:\r\n- Brano: 100 g\r\n- Mlijeko: 1 ml\r\n- Sol: 1 tsp\r\n- Piletina: 150 g\r\nUkupni trosak: 350.85\r\n>. ","ErrorStackTrace":"   at KnjigaRecepataTest.ShoppingListaTest.PrikaziShoppingListu() in C:\\Users\\lamij\\Desktop\\Fakultet\\5. semestar\\VVS\\VVS-projekat1\\KnjigaRecepataTest\\ShoppingListaTest.cs:line 102\r\n   at System.RuntimeMethodHandle.InvokeMethod(Object target, Void** arguments, Signature sig, Boolean isConstructor)\r\n   at System.Reflection.MethodBaseInvoker.InvokeWithNoArgs(Object obj, BindingFlags invokeAttr)\r\n","DisplayName":"PrikaziShoppingListu","Messages":[],"ComputerName":"LAPTOP-0JP6SGKO","Duration":"00:00:00.0086543","StartTime":"2024-11-18T21:16:58.2315029+01:00","EndTime":"2024-11-18T21:16:58.2412274+01:00","Properties":[{"Key":{"Id":"ParentExecId","Label":"ParentExecId","Category":"","Description":"","Attributes":1,"ValueType":"System.Guid"},"Value":"00000000-0000-0000-0000-000000000000"},{"Key":{"Id":"ExecutionId","Label":"ExecutionId","Category":"","Description":"","Attributes":1,"ValueType":"System.Guid"},"Value":"00000000-0000-0000-0000-000000000000"},{"Key":{"Id":"InnerResultsCount","Label":"InnerResultsCount","Category":"","Description":"","Attributes":1,"ValueType":"System.Int32"},"Value":0}]}],"TestRunStatistics":{"ExecutedTests":27,"Stats":{"Passed":26,"Failed":1}},"ActiveTests":[]},"RunAttachments":[],"ExecutorUris":["executor://mstestadapter/v2"]}}
TpTrace Verbose: 0 : 28188, 4, 2024/11/18, 21:16:58.255, 1367749444727, testhost.dll, BaseRunTests.RunTests: Run is complete.
TpTrace Verbose: 0 : 28188, 10, 2024/11/18, 21:16:58.256, 1367749453056, testhost.dll, TcpClientExtensions.MessageLoopAsync: NotifyDataAvailable remoteEndPoint: [::ffff:127.0.0.1]:65129 localEndPoint: [::ffff:127.0.0.1]:65130
TpTrace Information: 0 : 28188, 10, 2024/11/18, 21:16:58.256, 1367749453845, testhost.dll, TestRequestHandler.OnMessageReceived: received message: (TestSession.Terminate) -> {"MessageType":"TestSession.Terminate","Payload":null}
TpTrace Information: 0 : 28188, 10, 2024/11/18, 21:16:58.256, 1367749454080, testhost.dll, Session End message received from server. Closing the connection.
TpTrace Information: 0 : 28188, 10, 2024/11/18, 21:16:58.256, 1367749456821, testhost.dll, SocketClient.Stop: Stop communication from server endpoint: 127.0.0.1:065129
TpTrace Information: 0 : 28188, 10, 2024/11/18, 21:16:58.256, 1367749457224, testhost.dll, SocketClient: Stop: Cancellation requested. Stopping message loop.
TpTrace Verbose: 0 : 28188, 10, 2024/11/18, 21:16:58.257, 1367749459462, testhost.dll, LengthPrefixCommunicationChannel.Dispose: Dispose reader and writer.
TpTrace Information: 0 : 28188, 10, 2024/11/18, 21:16:58.257, 1367749460091, testhost.dll, Closing the connection !
TpTrace Verbose: 0 : 28188, 10, 2024/11/18, 21:16:58.257, 1367749460412, testhost.dll, MulticastDelegateUtilities.SafeInvoke: LengthPrefixCommunicationChannel: MessageReceived: Invoking callback 1/1 for Microsoft.VisualStudio.TestPlatform.CommunicationUtilities.TestRequestHandler., took 0 ms.
TpTrace Information: 0 : 28188, 10, 2024/11/18, 21:16:58.257, 1367749462333, testhost.dll, SocketClient.PrivateStop: Stop communication from server endpoint: 127.0.0.1:065129, error:
TpTrace Verbose: 0 : 28188, 10, 2024/11/18, 21:16:58.257, 1367749465080, testhost.dll, LengthPrefixCommunicationChannel.Dispose: Dispose reader and writer.
TpTrace Verbose: 0 : 28188, 10, 2024/11/18, 21:16:58.257, 1367749465618, testhost.dll, TcpClientExtensions.MessageLoopAsync: exiting MessageLoopAsync remoteEndPoint: [::ffff:127.0.0.1]:65129 localEndPoint: [::ffff:127.0.0.1]:65130
TpTrace Information: 0 : 28188, 1, 2024/11/18, 21:16:58.257, 1367749465140, testhost.dll, Closing the connection!
TpTrace Information: 0 : 28188, 1, 2024/11/18, 21:16:58.257, 1367749466742, testhost.dll, Testhost process exiting.
